2024-09-24 14:08:58,671 [INFO] Activator:176 - 


2024-09-24 14:08:58,674 [INFO] Activator:177 - !SESSION log4j initialized
2024-09-24 14:09:02,280 [INFO] LogOutputStream:77 - [STDOUT_REDIRECT] 
2024-09-24 14:09:05,192 [INFO] ApplicationProperties:184 - Using Application install path: C:\ST\STM32CubeIDE_1.15.0\STM32CubeIDE\plugins\com.st.stm32cube.common.mx_6.11.0.202403141607
2024-09-24 14:09:05,218 [INFO] DbMcusXml:78 - Set database path to: C:\ST\STM32CubeIDE_1.15.0\STM32CubeIDE\plugins\com.st.stm32cube.common.mx_6.11.0.202403141607\\db\/mcu/
2024-09-24 14:09:05,218 [INFO] ApiDb:274 - Set plugin database path to: C:\ST\STM32CubeIDE_1.15.0\STM32CubeIDE\plugins\com.st.stm32cube.common.mx_6.11.0.202403141607\\db\/plugins/boardmanager/
2024-09-24 14:09:05,222 [WARN] ApiDb:259 - Overriding images path with different value:  => C:\ST\STM32CubeIDE_1.15.0\STM32CubeIDE\plugins\com.st.stm32cube.common.mx_6.11.0.202403141607\\db\/plugins/mcufinder/images/
2024-09-24 14:09:05,230 [INFO] ApiDb:250 - Set database path to: C:\Users\fahru\.stmcufinder\plugins\mcufinder//mcu/
2024-09-24 14:09:05,231 [INFO] DbMcusAds:125 - Set database path to: C:\Users\fahru\.stmcufinder\plugins\mcufinder//mcu/
2024-09-24 14:09:05,234 [INFO] CrossReferenceDbSqlite:203 - Set database path to: C:\Users\fahru\.stmcufinder\plugins\mcufinder//mcu/cs/
2024-09-24 14:09:05,449 [INFO] RulesReader:64 - Compatibility file has been processed (297 Rules)
2024-09-24 14:09:05,585 [INFO] DbMcusXml:78 - Set database path to: C:\ST\STM32CubeIDE_1.15.0\STM32CubeIDE\plugins\com.st.stm32cube.common.mx_6.11.0.202403141607\\db\/mcu/
2024-09-24 14:09:05,585 [INFO] ApiDb:274 - Set plugin database path to: C:\ST\STM32CubeIDE_1.15.0\STM32CubeIDE\plugins\com.st.stm32cube.common.mx_6.11.0.202403141607\\db\/plugins/boardmanager/
2024-09-24 14:09:05,586 [INFO] ApiDb:261 - Set plugin images path to: C:\ST\STM32CubeIDE_1.15.0\STM32CubeIDE\plugins\com.st.stm32cube.common.mx_6.11.0.202403141607\\db\/plugins/mcufinder/images/
2024-09-24 14:09:05,586 [WARN] DbFile:41 - Overriding database path with different value: C:\Users\fahru\.stmcufinder\plugins\mcufinder/ => C:\Users\fahru\.stmcufinder\plugins\mcufinder
2024-09-24 14:09:05,586 [INFO] ApiDb:250 - Set database path to: C:\Users\fahru\.stmcufinder\plugins\mcufinder//mcu/
2024-09-24 14:09:05,586 [WARN] DbFile:41 - Overriding database path with different value: C:\Users\fahru\.stmcufinder\plugins\mcufinder/ => C:\Users\fahru\.stmcufinder\plugins\mcufinder
2024-09-24 14:09:05,587 [INFO] DbMcusAds:125 - Set database path to: C:\Users\fahru\.stmcufinder\plugins\mcufinder//mcu/
2024-09-24 14:09:05,587 [WARN] DbFile:41 - Overriding database path with different value: C:\Users\fahru\.stmcufinder\plugins\mcufinder/ => C:\Users\fahru\.stmcufinder\plugins\mcufinder
2024-09-24 14:09:05,587 [WARN] DbFile:41 - Overriding database path with different value: C:\Users\fahru\.stmcufinder\plugins\mcufinder/ => C:\Users\fahru\.stmcufinder\plugins\mcufinder
2024-09-24 14:09:05,587 [INFO] CrossReferenceDbSqlite:203 - Set database path to: C:\Users\fahru\.stmcufinder\plugins\mcufinder//mcu/cs/
2024-09-24 14:09:05,722 [INFO] MainPanel:264 - HeapMemory: 268435456
2024-09-24 14:09:05,844 [INFO] DbMcusXml:78 - Set database path to: C:\ST\STM32CubeIDE_1.15.0\STM32CubeIDE\plugins\com.st.stm32cube.common.mx_6.11.0.202403141607\\db\/mcu/
2024-09-24 14:09:05,844 [INFO] ApiDb:274 - Set plugin database path to: C:\ST\STM32CubeIDE_1.15.0\STM32CubeIDE\plugins\com.st.stm32cube.common.mx_6.11.0.202403141607\\db\/plugins/boardmanager/
2024-09-24 14:09:05,845 [INFO] ApiDb:261 - Set plugin images path to: C:\ST\STM32CubeIDE_1.15.0\STM32CubeIDE\plugins\com.st.stm32cube.common.mx_6.11.0.202403141607\\db\/plugins/mcufinder/images/
2024-09-24 14:09:05,845 [WARN] DbFile:41 - Overriding database path with different value: C:\Users\fahru\.stmcufinder\plugins\mcufinder/ => C:\Users\fahru\.stmcufinder\plugins\mcufinder
2024-09-24 14:09:05,845 [INFO] ApiDb:250 - Set database path to: C:\Users\fahru\.stmcufinder\plugins\mcufinder//mcu/
2024-09-24 14:09:05,846 [WARN] DbFile:41 - Overriding database path with different value: C:\Users\fahru\.stmcufinder\plugins\mcufinder/ => C:\Users\fahru\.stmcufinder\plugins\mcufinder
2024-09-24 14:09:05,846 [INFO] DbMcusAds:125 - Set database path to: C:\Users\fahru\.stmcufinder\plugins\mcufinder//mcu/
2024-09-24 14:09:05,846 [WARN] DbFile:41 - Overriding database path with different value: C:\Users\fahru\.stmcufinder\plugins\mcufinder/ => C:\Users\fahru\.stmcufinder\plugins\mcufinder
2024-09-24 14:09:05,846 [WARN] DbFile:41 - Overriding database path with different value: C:\Users\fahru\.stmcufinder\plugins\mcufinder/ => C:\Users\fahru\.stmcufinder\plugins\mcufinder
2024-09-24 14:09:05,847 [INFO] CrossReferenceDbSqlite:203 - Set database path to: C:\Users\fahru\.stmcufinder\plugins\mcufinder//mcu/cs/
2024-09-24 14:09:05,880 [INFO] ApplicationProperties:184 - Using Application install path: C:\ST\STM32CubeIDE_1.15.0\STM32CubeIDE\plugins\com.st.stm32cube.common.mx_6.11.0.202403141607
2024-09-24 14:09:05,882 [INFO] PluginManage:196 - Search for loadable plugins [exclusion list=, ]
2024-09-24 14:09:05,884 [INFO] PluginManage:310 - Check plugin analytics
2024-09-24 14:09:06,196 [INFO] AnalyticsPlugin:253 - Accepted Software Licenses: 
2024-09-24 14:09:06,197 [INFO] AnalyticsPlugin:255 - Accepted CMSIS Pack Licenses: 
2024-09-24 14:09:06,197 [INFO] AnalyticsPlugin:257 - Accepted Firmware Licenses: FW.F4.1.27.0,FW.F4.1.28.0
2024-09-24 14:09:06,201 [INFO] PluginManage:359 - Loaded plugin analytics (category:tool,tabindex:-1)
2024-09-24 14:09:06,202 [INFO] PluginManage:310 - Check plugin cadmodel
2024-09-24 14:09:06,209 [INFO] CADModel:105 - Init CAD model plugin
2024-09-24 14:09:06,209 [INFO] PluginManage:359 - Loaded plugin cadmodel (category:power,tabindex:5)
2024-09-24 14:09:06,210 [INFO] PluginManage:310 - Check plugin clock
2024-09-24 14:09:06,227 [INFO] PluginManage:359 - Loaded plugin clock (category:base,tabindex:2)
2024-09-24 14:09:06,227 [INFO] PluginManage:310 - Check plugin ddr
2024-09-24 14:09:06,230 [INFO] PluginManage:359 - Loaded plugin ddr (category:tool,tabindex:6)
2024-09-24 14:09:06,231 [INFO] PluginManage:310 - Check plugin filemanager
2024-09-24 14:09:06,477 [INFO] PluginManage:359 - Loaded plugin filemanager (category:base,tabindex:10)
2024-09-24 14:09:06,478 [INFO] PluginManage:310 - Check plugin ipmanager
2024-09-24 14:09:06,492 [INFO] PluginManage:359 - Loaded plugin ipmanager (category:base,tabindex:5)
2024-09-24 14:09:06,492 [INFO] PluginManage:310 - Check plugin lpbam
2024-09-24 14:09:06,508 [INFO] PluginManage:359 - Loaded plugin lpbam (category:base,tabindex:0)
2024-09-24 14:09:06,508 [INFO] PluginManage:310 - Check plugin memorymap
2024-09-24 14:09:06,533 [INFO] PluginManage:359 - Loaded plugin memorymap (category:base,tabindex:4)
2024-09-24 14:09:06,533 [INFO] PluginManage:310 - Check plugin pinoutandconfiguration
2024-09-24 14:09:06,547 [INFO] PluginManage:359 - Loaded plugin pinoutandconfiguration (category:base,tabindex:1)
2024-09-24 14:09:06,548 [INFO] PluginManage:310 - Check plugin pinoutconfig
2024-09-24 14:09:06,695 [WARN] SupportedApi:132 - Cannot load RTOS API schema: s4s-elt-must-match.1: The content of 'definitions' must match (annotation?, (simpleType | complexType)?, (unique | key | keyref)*)). A problem was found starting at: attribute.
2024-09-24 14:09:07,062 [INFO] PluginManage:359 - Loaded plugin pinoutconfig (category:base,tabindex:0)
2024-09-24 14:09:07,062 [INFO] PluginManage:310 - Check plugin power
2024-09-24 14:09:07,080 [INFO] PluginManage:359 - Loaded plugin power (category:power,tabindex:4)
2024-09-24 14:09:07,080 [INFO] PluginManage:310 - Check plugin projectmanager
2024-09-24 14:09:07,175 [INFO] PluginManage:359 - Loaded plugin projectmanager (category:projectmanager,tabindex:3)
2024-09-24 14:09:07,175 [INFO] PluginManage:310 - Check plugin thirdparty
2024-09-24 14:09:07,352 [INFO] PluginManage:359 - Loaded plugin thirdparty (category:base,tabindex:-1)
2024-09-24 14:09:07,352 [INFO] PluginManage:310 - Check plugin tools
2024-09-24 14:09:07,354 [WARN] IntegrityCheckThread:84 - waiting for thirdparty lock release [integrity check]
2024-09-24 14:09:07,356 [INFO] IntegrityCheckThread:86 - entering critical section [integrity check]
2024-09-24 14:09:07,356 [INFO] PluginManage:359 - Loaded plugin tools (category:base,tabindex:7)
2024-09-24 14:09:07,356 [INFO] ThirdPartyUpdaterWithRetryManager:70 - Updater plugin not ready yet. [1/15]
2024-09-24 14:09:07,356 [INFO] PluginManage:310 - Check plugin tutovideos
2024-09-24 14:09:07,601 [INFO] PluginManage:359 - Loaded plugin tutovideos (category:base,tabindex:-1)
2024-09-24 14:09:07,601 [INFO] PluginManage:310 - Check plugin updater
2024-09-24 14:09:07,616 [INFO] PluginManage:359 - Loaded plugin updater (category:base,tabindex:12)
2024-09-24 14:09:07,616 [INFO] PluginManage:310 - Check plugin userauth
2024-09-24 14:09:07,624 [INFO] UserAuth:114 - Init User Auth plugin
2024-09-24 14:09:07,625 [INFO] PluginManage:359 - Loaded plugin userauth (category:base,tabindex:14)
2024-09-24 14:09:07,625 [INFO] PluginManage:283 - PluginManage : Loaded plugins [17]
2024-09-24 14:09:08,007 [INFO] PinOutPanel:1561 - setPackage(No Configuration,No Configuration)
2024-09-24 14:09:08,135 [INFO] CADModel:165 - CPN selected for project level
2024-09-24 14:09:08,135 [INFO] CADModel:114 - Register for checkConnection events
2024-09-24 14:09:08,154 [INFO] IPUIPlugin:80 - create IPUIPlugin
2024-09-24 14:09:08,154 [INFO] PluginManager:220 - loadIPPluginJar : add adc
2024-09-24 14:09:08,158 [INFO] IPUIPlugin:80 - create IPUIPlugin
2024-09-24 14:09:08,158 [INFO] PluginManager:220 - loadIPPluginJar : add aes
2024-09-24 14:09:08,162 [INFO] IPUIPlugin:80 - create IPUIPlugin
2024-09-24 14:09:08,162 [INFO] PluginManager:220 - loadIPPluginJar : add can
2024-09-24 14:09:08,164 [INFO] IPUIPlugin:80 - create IPUIPlugin
2024-09-24 14:09:08,165 [INFO] PluginManager:220 - loadIPPluginJar : add comp
2024-09-24 14:09:08,168 [INFO] IPUIPlugin:80 - create IPUIPlugin
2024-09-24 14:09:08,168 [INFO] PluginManager:220 - loadIPPluginJar : add cryp
2024-09-24 14:09:08,170 [INFO] IPUIPlugin:80 - create IPUIPlugin
2024-09-24 14:09:08,170 [INFO] PluginManager:220 - loadIPPluginJar : add dfsdm
2024-09-24 14:09:08,179 [INFO] IPUIPlugin:80 - create IPUIPlugin
2024-09-24 14:09:08,179 [INFO] PluginManager:220 - loadIPPluginJar : add dma
2024-09-24 14:09:08,183 [INFO] IPUIPlugin:80 - create IPUIPlugin
2024-09-24 14:09:08,183 [INFO] PluginManager:220 - loadIPPluginJar : add dma3
2024-09-24 14:09:08,188 [INFO] IPUIPlugin:80 - create IPUIPlugin
2024-09-24 14:09:08,188 [INFO] PluginManager:220 - loadIPPluginJar : add extmemmanager
2024-09-24 14:09:08,191 [INFO] IPUIPlugin:80 - create IPUIPlugin
2024-09-24 14:09:08,191 [INFO] PluginManager:220 - loadIPPluginJar : add fatfs
2024-09-24 14:09:08,197 [INFO] IPUIPlugin:80 - create IPUIPlugin
2024-09-24 14:09:08,197 [INFO] PluginManager:220 - loadIPPluginJar : add fmc
2024-09-24 14:09:08,204 [INFO] IPUIPlugin:80 - create IPUIPlugin
2024-09-24 14:09:08,204 [INFO] PluginManager:220 - loadIPPluginJar : add freertos
2024-09-24 14:09:08,206 [INFO] IPUIPlugin:80 - create IPUIPlugin
2024-09-24 14:09:08,206 [INFO] PluginManager:220 - loadIPPluginJar : add genericplugin
2024-09-24 14:09:08,210 [INFO] IPUIPlugin:80 - create IPUIPlugin
2024-09-24 14:09:08,210 [INFO] PluginManager:220 - loadIPPluginJar : add gfxmmu
2024-09-24 14:09:08,215 [INFO] IPUIPlugin:80 - create IPUIPlugin
2024-09-24 14:09:08,215 [INFO] PluginManager:220 - loadIPPluginJar : add gic
2024-09-24 14:09:08,220 [INFO] IPUIPlugin:80 - create IPUIPlugin
2024-09-24 14:09:08,220 [INFO] PluginManager:220 - loadIPPluginJar : add gpio
2024-09-24 14:09:08,223 [INFO] IPUIPlugin:80 - create IPUIPlugin
2024-09-24 14:09:08,223 [INFO] PluginManager:220 - loadIPPluginJar : add gtzc
2024-09-24 14:09:08,226 [INFO] IPUIPlugin:80 - create IPUIPlugin
2024-09-24 14:09:08,226 [INFO] PluginManager:220 - loadIPPluginJar : add hash
2024-09-24 14:09:08,229 [INFO] IPUIPlugin:80 - create IPUIPlugin
2024-09-24 14:09:08,230 [INFO] PluginManager:220 - loadIPPluginJar : add i2c
2024-09-24 14:09:08,233 [INFO] IPUIPlugin:80 - create IPUIPlugin
2024-09-24 14:09:08,233 [INFO] PluginManager:220 - loadIPPluginJar : add i2s
2024-09-24 14:09:08,236 [INFO] IPUIPlugin:80 - create IPUIPlugin
2024-09-24 14:09:08,236 [INFO] PluginManager:220 - loadIPPluginJar : add i3c
2024-09-24 14:09:08,240 [INFO] IPUIPlugin:80 - create IPUIPlugin
2024-09-24 14:09:08,241 [INFO] PluginManager:220 - loadIPPluginJar : add ipddr
2024-09-24 14:09:08,249 [INFO] IPUIPlugin:80 - create IPUIPlugin
2024-09-24 14:09:08,250 [INFO] PluginManager:220 - loadIPPluginJar : add linkedlist
2024-09-24 14:09:08,254 [INFO] IPUIPlugin:80 - create IPUIPlugin
2024-09-24 14:09:08,254 [INFO] PluginManager:220 - loadIPPluginJar : add lorawan
2024-09-24 14:09:08,257 [INFO] IPUIPlugin:80 - create IPUIPlugin
2024-09-24 14:09:08,257 [INFO] PluginManager:220 - loadIPPluginJar : add ltdc
2024-09-24 14:09:08,265 [INFO] IPUIPlugin:80 - create IPUIPlugin
2024-09-24 14:09:08,265 [INFO] PluginManager:220 - loadIPPluginJar : add mdma
2024-09-24 14:09:08,270 [INFO] IPUIPlugin:80 - create IPUIPlugin
2024-09-24 14:09:08,271 [INFO] PluginManager:220 - loadIPPluginJar : add nvic
2024-09-24 14:09:08,275 [INFO] IPUIPlugin:80 - create IPUIPlugin
2024-09-24 14:09:08,275 [INFO] PluginManager:220 - loadIPPluginJar : add opamp
2024-09-24 14:09:08,280 [INFO] IPUIPlugin:80 - create IPUIPlugin
2024-09-24 14:09:08,280 [INFO] PluginManager:220 - loadIPPluginJar : add openamp
2024-09-24 14:09:08,285 [INFO] IPUIPlugin:80 - create IPUIPlugin
2024-09-24 14:09:08,285 [INFO] PluginManager:220 - loadIPPluginJar : add pdm2pcm
2024-09-24 14:09:08,294 [INFO] IPUIPlugin:80 - create IPUIPlugin
2024-09-24 14:09:08,298 [INFO] PluginManager:220 - loadIPPluginJar : add plateformsettings
2024-09-24 14:09:08,301 [INFO] IPUIPlugin:80 - create IPUIPlugin
2024-09-24 14:09:08,301 [INFO] PluginManager:220 - loadIPPluginJar : add quadspi
2024-09-24 14:09:08,306 [INFO] IPUIPlugin:80 - create IPUIPlugin
2024-09-24 14:09:08,306 [INFO] PluginManager:220 - loadIPPluginJar : add resmgrutility
2024-09-24 14:09:08,311 [INFO] IPUIPlugin:80 - create IPUIPlugin
2024-09-24 14:09:08,311 [INFO] PluginManager:220 - loadIPPluginJar : add sai
2024-09-24 14:09:08,315 [INFO] IPUIPlugin:80 - create IPUIPlugin
2024-09-24 14:09:08,316 [INFO] PluginManager:220 - loadIPPluginJar : add spi
2024-09-24 14:09:08,323 [INFO] IPUIPlugin:80 - create IPUIPlugin
2024-09-24 14:09:08,323 [INFO] PluginManager:220 - loadIPPluginJar : add stm32_wpan
2024-09-24 14:09:08,326 [INFO] IPUIPlugin:80 - create IPUIPlugin
2024-09-24 14:09:08,326 [INFO] PluginManager:220 - loadIPPluginJar : add tim
2024-09-24 14:09:08,330 [INFO] IPUIPlugin:80 - create IPUIPlugin
2024-09-24 14:09:08,330 [INFO] PluginManager:220 - loadIPPluginJar : add touchsensing
2024-09-24 14:09:08,333 [INFO] IPUIPlugin:80 - create IPUIPlugin
2024-09-24 14:09:08,334 [INFO] PluginManager:220 - loadIPPluginJar : add tracer_emb
2024-09-24 14:09:08,336 [INFO] IPUIPlugin:80 - create IPUIPlugin
2024-09-24 14:09:08,337 [INFO] PluginManager:220 - loadIPPluginJar : add ts
2024-09-24 14:09:08,339 [INFO] IPUIPlugin:80 - create IPUIPlugin
2024-09-24 14:09:08,339 [INFO] PluginManager:220 - loadIPPluginJar : add tsc
2024-09-24 14:09:08,342 [INFO] IPUIPlugin:80 - create IPUIPlugin
2024-09-24 14:09:08,343 [INFO] PluginManager:220 - loadIPPluginJar : add ucpd
2024-09-24 14:09:08,347 [INFO] IPUIPlugin:80 - create IPUIPlugin
2024-09-24 14:09:08,347 [INFO] PluginManager:220 - loadIPPluginJar : add usart
2024-09-24 14:09:08,351 [INFO] IPUIPlugin:80 - create IPUIPlugin
2024-09-24 14:09:08,351 [INFO] PluginManager:220 - loadIPPluginJar : add usbx
2024-09-24 14:09:08,504 [INFO] CADModel:165 - CPN selected for project level
2024-09-24 14:09:08,505 [INFO] CADModel:114 - Register for checkConnection events
2024-09-24 14:09:08,505 [FATAL] Updater:308 - Updater called before beeing initialized
2024-09-24 14:09:08,505 [ERROR] CADModel:125 - Updater not yet initialized, retry later 
2024-09-24 14:09:08,715 [INFO] CADModel:165 - CPN selected for project level
2024-09-24 14:09:08,715 [INFO] CADModel:114 - Register for checkConnection events
2024-09-24 14:09:08,715 [FATAL] Updater:308 - Updater called before beeing initialized
2024-09-24 14:09:08,715 [ERROR] CADModel:125 - Updater not yet initialized, retry later 
2024-09-24 14:09:08,720 [FATAL] Updater:308 - Updater called before beeing initialized
2024-09-24 14:09:08,887 [FATAL] Updater:308 - Updater called before beeing initialized
2024-09-24 14:09:08,895 [INFO] DbMcusAds:53 - JSON generation date=Fri Sep 20 09:04:23 EDT 2024 (1726837463113)
2024-09-24 14:09:08,895 [FATAL] Updater:308 - Updater called before beeing initialized
2024-09-24 14:09:08,939 [WARN] DetailPanel:346 - Failed to get advertising image, set to default
2024-09-24 14:09:09,049 [FATAL] Updater:308 - Updater called before beeing initialized
2024-09-24 14:09:09,051 [FATAL] Updater:308 - Updater called before beeing initialized
2024-09-24 14:09:09,051 [FATAL] Updater:308 - Updater called before beeing initialized
2024-09-24 14:09:09,051 [WARN] DetailPanel:346 - Failed to get advertising image, set to default
2024-09-24 14:09:09,052 [FATAL] Updater:308 - Updater called before beeing initialized
2024-09-24 14:09:09,129 [ERROR] Updater:1120 - MainUpdater not yet initialized. External WinMGr cannot be set.
2024-09-24 14:09:09,133 [INFO] Updater:1056 - Updater Version found : 6.11.0
2024-09-24 14:09:09,164 [INFO] ApplicationProperties:184 - Using Application install path: C:\ST\STM32CubeIDE_1.15.0\STM32CubeIDE\plugins\com.st.stm32cube.common.mx_6.11.0.202403141607
2024-09-24 14:09:10,359 [INFO] ThirdPartyUpdaterWithRetryManager:70 - Updater plugin not ready yet. [2/15]
2024-09-24 14:09:10,748 [ERROR] LogOutputStream:75 - [STDERR_REDIRECT] Sep 24, 2024 2:09:10 PM java.util.prefs.WindowsPreferences <init>
2024-09-24 14:09:10,750 [ERROR] LogOutputStream:75 - [STDERR_REDIRECT] WARNING: Could not open/create prefs root node Software\JavaSoft\Prefs at root 0xffffffff80000002. Windows RegCreateKeyEx(...) returned error code 5.
2024-09-24 14:09:10,751 [ERROR] LogOutputStream:75 - [STDERR_REDIRECT] 
2024-09-24 14:09:11,175 [INFO] MainUpdater:2873 - connection check result : 10
2024-09-24 14:09:11,176 [INFO] MainUpdater:290 - Updater Check For Update Now.
2024-09-24 14:09:11,177 [INFO] MicroXplorer:498 - Change Database Version : DB.6.0.110
2024-09-24 14:09:11,186 [INFO] McuFinderGlobals:63 - Set McuFinder mode to 2 (CubeIDE integrated)
2024-09-24 14:09:11,195 [INFO] UserAuth:415 - Internet connection configuration mode: 1
2024-09-24 14:09:11,216 [INFO] JxBrowserEngine:152 - Initiate JxBrowser Engine with user profile folder
2024-09-24 14:09:11,610 [INFO] CheckServerUpdateThread:120 - End of CheckServer Thread
2024-09-24 14:09:12,319 [INFO] WebApp:161 - Instantiating new browser for Auth
2024-09-24 14:09:13,865 [WARN] PackLoader:240 - Cannot read IP mode file for STMicroelectronics.FP-SNS-MOTENVWB1.1.4.0
2024-09-24 14:09:13,914 [WARN] PackLoader:240 - Cannot read IP mode file for STMicroelectronics.X-CUBE-SMBUS.2.1.0
2024-09-24 14:09:14,008 [WARN] PackLoader:240 - Cannot read IP mode file for STMicroelectronics.X-CUBE-AZRTOS-F7.1.1.0
2024-09-24 14:09:14,057 [ERROR] RealEvaluatedCondition:428 - Found unsupported composite condition: CLASS='Data Exchange' GROUP='STM32_MetaDataManager'
2024-09-24 14:09:14,057 [ERROR] RealEvaluatedCondition:428 - Found unsupported composite condition: CLASS='Data Exchange' GROUP='STM32_MetaDataManager'
2024-09-24 14:09:14,071 [WARN] PackLoader:240 - Cannot read IP mode file for STMicroelectronics.FP-SNS-MOTENV1.4.3.1
2024-09-24 14:09:14,101 [WARN] PackLoader:240 - Cannot read IP mode file for STMicroelectronics.FP-SNS-FLIGHT1.5.0.1
2024-09-24 14:09:14,213 [INFO] WebApp:779 - Register for checkConnection events
2024-09-24 14:09:14,215 [INFO] WebApp:414 - Apply proxy settings
2024-09-24 14:09:14,216 [INFO] WebApp:499 - Chromium requires no authentication
2024-09-24 14:09:14,237 [INFO] WebApp:442 - Direct internet connection detected
2024-09-24 14:09:14,365 [WARN] PackLoader:240 - Cannot read IP mode file for STMicroelectronics.X-CUBE-MEMS1.11.0.0
2024-09-24 14:09:14,789 [INFO] WebApp:192 - Starting web application
2024-09-24 14:09:14,789 [INFO] WebApp:544 - Web application path used C:\ST\STM32CubeIDE_1.15.0\STM32CubeIDE\plugins\com.st.stm32cube.common.mx_6.11.0.202403141607\db\plugins\mcufinder\reactClient1\index.html
2024-09-24 14:09:14,933 [WARN] PackLoader:240 - Cannot read IP mode file for STMicroelectronics.X-CUBE-BLE1.6.2.4
2024-09-24 14:09:14,941 [WARN] PackLoader:240 - Cannot read IP mode file for STMicroelectronics.FP-SNS-FLIGHT1.5.0.2
2024-09-24 14:09:14,965 [WARN] PackLoader:240 - Cannot read IP mode file for STMicroelectronics.X-CUBE-DISPLAY.3.0.0
2024-09-24 14:09:14,986 [WARN] PackLoader:240 - Cannot read IP mode file for STMicroelectronics.X-CUBE-BLE1.7.0.0
2024-09-24 14:09:15,012 [WARN] PackLoader:240 - Cannot read IP mode file for STMicroelectronics.X-CUBE-BLEMGR.3.1.0
2024-09-24 14:09:15,024 [WARN] PackLoader:240 - Cannot read IP mode file for STMicroelectronics.FP-SNS-SMARTAG2.1.2.0
2024-09-24 14:09:15,044 [INFO] LogOutputStream:77 - [STDOUT_REDIRECT] 1 : Invalid condition id : UX_CORESTACK_Condition cause : null
2024-09-24 14:09:15,045 [INFO] LogOutputStream:77 - [STDOUT_REDIRECT] 1 : Invalid condition id : UX_CORESTACK_Condition cause : null
2024-09-24 14:09:15,048 [INFO] LogOutputStream:77 - [STDOUT_REDIRECT] 1 : Invalid condition id : UX_CORESTACK_Condition cause : null
2024-09-24 14:09:15,052 [INFO] LogOutputStream:77 - [STDOUT_REDIRECT] 1 : Invalid condition id : UX_CORESTACK_Condition cause : null
2024-09-24 14:09:15,055 [INFO] LogOutputStream:77 - [STDOUT_REDIRECT] 1 : Invalid condition id : UX_CORESTACK_Condition cause : null
2024-09-24 14:09:15,062 [WARN] PackLoader:240 - Cannot read IP mode file for STMicroelectronics.X-CUBE-AZRTOS-WL.2.0.0
2024-09-24 14:09:15,074 [WARN] PackLoader:240 - Cannot read IP mode file for STMicroelectronics.FP-SNS-MOTENV1.5.0.0
2024-09-24 14:09:15,136 [WARN] PackLoader:240 - Cannot read IP mode file for wolfSSL.I-CUBE-wolfMQTT.1.19.0
2024-09-24 14:09:15,148 [WARN] PackLoader:240 - Cannot read IP mode file for WES.I-CUBE-Cesium.1.3.0
2024-09-24 14:09:15,158 [WARN] PackLoader:240 - Cannot read IP mode file for STMicroelectronics.X-CUBE-BLE2.3.3.0
2024-09-24 14:09:15,170 [WARN] PackLoader:240 - Cannot read IP mode file for STMicroelectronics.X-CUBE-TCPP.4.1.0
2024-09-24 14:09:15,189 [WARN] PackLoader:240 - Cannot read IP mode file for STMicroelectronics.X-CUBE-TOUCHGFX.4.21.4
2024-09-24 14:09:15,200 [WARN] PackLoader:240 - Cannot read IP mode file for STMicroelectronics.X-CUBE-ALGOBUILD.1.3.0
2024-09-24 14:09:15,278 [WARN] PackLoader:240 - Cannot read IP mode file for STMicroelectronics.X-CUBE-AZRTOS-G0.1.1.0
2024-09-24 14:09:15,322 [WARN] PackLoader:240 - Cannot read IP mode file for STMicroelectronics.X-CUBE-SAFEA1.1.2.2
2024-09-24 14:09:15,340 [WARN] PackLoader:240 - Cannot read IP mode file for STMicroelectronics.X-CUBE-NFC4.3.0.0
2024-09-24 14:09:15,362 [WARN] PackLoader:240 - Cannot read IP mode file for EmbeddedOffice.I-CUBE-FS-RTOS.1.0.1
2024-09-24 14:09:15,362 [ERROR] ConditionMgr:805 - Attr not supported : Dmpu
2024-09-24 14:09:15,363 [ERROR] ConditionMgr:805 - Attr not supported : Dmpu
2024-09-24 14:09:15,363 [ERROR] ConditionMgr:805 - Attr not supported : Dmpu
2024-09-24 14:09:15,363 [ERROR] ConditionMgr:805 - Attr not supported : Dmpu
2024-09-24 14:09:15,363 [ERROR] ConditionMgr:805 - Attr not supported : Dmpu
2024-09-24 14:09:15,363 [ERROR] ConditionMgr:805 - Attr not supported : Dmpu
2024-09-24 14:09:15,363 [ERROR] ConditionMgr:805 - Attr not supported : Dmpu
2024-09-24 14:09:15,364 [ERROR] ConditionMgr:805 - Attr not supported : Dmpu
2024-09-24 14:09:15,364 [ERROR] ConditionMgr:805 - Attr not supported : Dmpu
2024-09-24 14:09:15,364 [ERROR] ConditionMgr:805 - Attr not supported : Dmpu
2024-09-24 14:09:15,364 [ERROR] ConditionMgr:805 - Attr not supported : Dmpu
2024-09-24 14:09:15,364 [ERROR] ConditionMgr:805 - Attr not supported : Dmpu
2024-09-24 14:09:15,364 [ERROR] ConditionMgr:805 - Attr not supported : Dmpu
2024-09-24 14:09:15,365 [ERROR] ConditionMgr:805 - Attr not supported : Dmpu
2024-09-24 14:09:15,365 [ERROR] ConditionMgr:805 - Attr not supported : Dmpu
2024-09-24 14:09:15,365 [ERROR] ConditionMgr:805 - Attr not supported : Dmpu
2024-09-24 14:09:15,365 [ERROR] ConditionMgr:805 - Attr not supported : Dmpu
2024-09-24 14:09:15,365 [ERROR] ConditionMgr:805 - Attr not supported : Dmpu
2024-09-24 14:09:15,368 [ERROR] ConditionMgr:805 - Attr not supported : Dmpu
2024-09-24 14:09:15,368 [ERROR] ConditionMgr:805 - Attr not supported : Dmpu
2024-09-24 14:09:15,368 [ERROR] ConditionMgr:805 - Attr not supported : Dmpu
2024-09-24 14:09:15,368 [ERROR] ConditionMgr:805 - Attr not supported : Dmpu
2024-09-24 14:09:15,369 [ERROR] ConditionMgr:805 - Attr not supported : Dmpu
2024-09-24 14:09:15,369 [ERROR] ConditionMgr:805 - Attr not supported : Dmpu
2024-09-24 14:09:15,370 [ERROR] ConditionMgr:805 - Attr not supported : Dmpu
2024-09-24 14:09:15,370 [ERROR] ConditionMgr:805 - Attr not supported : Dmpu
2024-09-24 14:09:15,370 [ERROR] ConditionMgr:805 - Attr not supported : Dmpu
2024-09-24 14:09:15,370 [ERROR] ConditionMgr:805 - Attr not supported : Dmpu
2024-09-24 14:09:15,370 [ERROR] ConditionMgr:805 - Attr not supported : Dmpu
2024-09-24 14:09:15,371 [ERROR] ConditionMgr:805 - Attr not supported : Dmpu
2024-09-24 14:09:15,371 [ERROR] ConditionMgr:805 - Attr not supported : Dmpu
2024-09-24 14:09:15,371 [ERROR] ConditionMgr:805 - Attr not supported : Dmpu
2024-09-24 14:09:15,371 [ERROR] ConditionMgr:805 - Attr not supported : Dmpu
2024-09-24 14:09:15,371 [ERROR] ConditionMgr:805 - Attr not supported : Dmpu
2024-09-24 14:09:15,371 [ERROR] ConditionMgr:805 - Attr not supported : Dmpu
2024-09-24 14:09:15,371 [ERROR] ConditionMgr:805 - Attr not supported : Dmpu
2024-09-24 14:09:15,372 [ERROR] ConditionMgr:805 - Attr not supported : Dmpu
2024-09-24 14:09:15,372 [ERROR] ConditionMgr:805 - Attr not supported : Dmpu
2024-09-24 14:09:15,372 [ERROR] ConditionMgr:805 - Attr not supported : Dmpu
2024-09-24 14:09:15,372 [ERROR] ConditionMgr:805 - Attr not supported : Dmpu
2024-09-24 14:09:15,372 [ERROR] ConditionMgr:805 - Attr not supported : Dmpu
2024-09-24 14:09:15,373 [ERROR] ConditionMgr:805 - Attr not supported : Dmpu
2024-09-24 14:09:15,373 [ERROR] ConditionMgr:805 - Attr not supported : Dmpu
2024-09-24 14:09:15,373 [ERROR] ConditionMgr:805 - Attr not supported : Dmpu
2024-09-24 14:09:15,373 [ERROR] ConditionMgr:805 - Attr not supported : Dmpu
2024-09-24 14:09:15,373 [ERROR] ConditionMgr:805 - Attr not supported : Dmpu
2024-09-24 14:09:15,373 [ERROR] ConditionMgr:805 - Attr not supported : Dmpu
2024-09-24 14:09:15,374 [ERROR] ConditionMgr:805 - Attr not supported : Dmpu
2024-09-24 14:09:15,374 [ERROR] ConditionMgr:805 - Attr not supported : Dmpu
2024-09-24 14:09:15,374 [ERROR] ConditionMgr:805 - Attr not supported : Dmpu
2024-09-24 14:09:15,374 [ERROR] ConditionMgr:805 - Attr not supported : Dmpu
2024-09-24 14:09:15,374 [ERROR] ConditionMgr:805 - Attr not supported : Dmpu
2024-09-24 14:09:15,375 [ERROR] ConditionMgr:805 - Attr not supported : Dmpu
2024-09-24 14:09:15,375 [ERROR] ConditionMgr:805 - Attr not supported : Dmpu
2024-09-24 14:09:15,375 [ERROR] ConditionMgr:805 - Attr not supported : Dmpu
2024-09-24 14:09:15,375 [ERROR] ConditionMgr:805 - Attr not supported : Dmpu
2024-09-24 14:09:15,375 [ERROR] ConditionMgr:805 - Attr not supported : Dmpu
2024-09-24 14:09:15,375 [ERROR] ConditionMgr:805 - Attr not supported : Dmpu
2024-09-24 14:09:15,375 [ERROR] ConditionMgr:805 - Attr not supported : Dmpu
2024-09-24 14:09:15,376 [ERROR] ConditionMgr:805 - Attr not supported : Dmpu
2024-09-24 14:09:15,376 [ERROR] ConditionMgr:805 - Attr not supported : Dmpu
2024-09-24 14:09:15,376 [ERROR] ConditionMgr:805 - Attr not supported : Dmpu
2024-09-24 14:09:15,376 [ERROR] ConditionMgr:805 - Attr not supported : Dmpu
2024-09-24 14:09:15,376 [ERROR] ConditionMgr:805 - Attr not supported : Dmpu
2024-09-24 14:09:15,386 [WARN] PackLoader:240 - Cannot read IP mode file for RealThread.X-CUBE-RT-Thread_Nano.4.1.1
2024-09-24 14:09:15,393 [WARN] PackLoader:240 - Cannot read IP mode file for STMicroelectronics.FP-ATR-SIGFOX1.3.2.0
2024-09-24 14:09:15,408 [WARN] PackLoader:240 - Cannot read IP mode file for STMicroelectronics.X-CUBE-EEPRMA1.5.1.0
2024-09-24 14:09:15,445 [WARN] PackLoader:240 - Cannot read IP mode file for ITTIA_DB.I-CUBE-ITTIADB.8.9.0
2024-09-24 14:09:15,527 [WARN] PackLoader:240 - Cannot read IP mode file for SEGGER.I-CUBE-embOS.1.3.1
2024-09-24 14:09:15,671 [WARN] PackLoader:240 - Cannot read IP mode file for STMicroelectronics.X-CUBE-ALGOBUILD.1.4.0
2024-09-24 14:09:15,681 [WARN] PackLoader:240 - Cannot read IP mode file for STMicroelectronics.X-CUBE-GNSS1.6.0.0
2024-09-24 14:09:15,751 [WARN] PackLoader:240 - Cannot read IP mode file for STMicroelectronics.X-CUBE-AZRTOS-F4.1.1.0
2024-09-24 14:09:15,767 [WARN] PackLoader:240 - Cannot read IP mode file for wolfSSL.I-CUBE-wolfSSL.5.6.0
2024-09-24 14:09:15,776 [WARN] PackLoader:240 - Cannot read IP mode file for STMicroelectronics.X-CUBE-ISPU.2.1.0
2024-09-24 14:09:15,789 [WARN] PackLoader:240 - Cannot read IP mode file for STMicroelectronics.X-CUBE-FREERTOS.1.2.0
2024-09-24 14:09:15,839 [WARN] PackLoader:240 - Cannot read IP mode file for STMicroelectronics.X-CUBE-AZRTOS-L5.2.0.0
2024-09-24 14:09:16,023 [WARN] PackLoader:240 - Cannot read IP mode file for STMicroelectronics.X-CUBE-MEMS1.9.6.0
2024-09-24 14:09:16,522 [WARN] PackLoader:240 - Cannot read IP mode file for STMicroelectronics.X-CUBE-NFC6.3.1.0
2024-09-24 14:09:16,545 [WARN] PackLoader:240 - Cannot read IP mode file for emotas.I-CUBE-CANOPEN.1.1.3
2024-09-24 14:09:16,571 [WARN] PackLoader:240 - Cannot read IP mode file for STMicroelectronics.X-CUBE-BLEMGR.2.0.0
2024-09-24 14:09:16,597 [WARN] PackLoader:240 - Cannot read IP mode file for STMicroelectronics.X-CUBE-DPower.1.2.0
2024-09-24 14:09:16,613 [WARN] PackLoader:240 - Cannot read IP mode file for STMicroelectronics.X-CUBE-AI.9.0.0
2024-09-24 14:09:16,653 [WARN] ConditionMgr:438 - getConditionDescription Invalid condition id : UX DEVICE CLASS RTOS Condition cause : null
2024-09-24 14:09:16,654 [WARN] ConditionMgr:438 - getConditionDescription Invalid condition id : UX DEVICE CLASS RTOS Condition cause : null
2024-09-24 14:09:16,663 [WARN] PackLoader:240 - Cannot read IP mode file for STMicroelectronics.X-CUBE-AZRTOS-H7.3.1.0
2024-09-24 14:09:16,670 [WARN] ConditionMgr:1039 - genDependencies : Invalid condition id : UX DEVICE CLASS RTOS Condition cause : null
2024-09-24 14:09:16,670 [WARN] ConditionMgr:1039 - genDependencies : Invalid condition id : UX DEVICE CLASS RTOS Condition cause : null
2024-09-24 14:09:16,671 [WARN] ConditionMgr:1039 - genDependencies : Invalid condition id : UX DEVICE CLASS RTOS Condition cause : null
2024-09-24 14:09:16,673 [WARN] ConditionMgr:1039 - genDependencies : Invalid condition id : UX DEVICE CLASS RTOS Condition cause : null
2024-09-24 14:09:16,673 [WARN] ConditionMgr:1039 - genDependencies : Invalid condition id : UX DEVICE CLASS RTOS Condition cause : null
2024-09-24 14:09:16,685 [WARN] PackLoader:240 - Cannot read IP mode file for STMicroelectronics.X-CUBE-NFC7.1.0.1
2024-09-24 14:09:16,697 [WARN] PackLoader:240 - Cannot read IP mode file for STMicroelectronics.X-CUBE-EEPRMA1.4.1.0
2024-09-24 14:09:16,760 [WARN] ConditionMgr:438 - getConditionDescription Invalid condition id : LAN8742 Phy interface Condition cause : null
2024-09-24 14:09:16,762 [WARN] PackLoader:240 - Cannot read IP mode file for STMicroelectronics.X-CUBE-AZRTOS-L4.2.0.0
2024-09-24 14:09:16,765 [WARN] ConditionMgr:1039 - genDependencies : Invalid condition id : LAN8742 Phy interface Condition cause : null
2024-09-24 14:09:16,765 [WARN] ConditionMgr:1039 - genDependencies : Invalid condition id : LAN8742 Phy interface Condition cause : null
2024-09-24 14:09:16,768 [WARN] ConditionMgr:1039 - genDependencies : Invalid condition id : LAN8742 Phy interface Condition cause : null
2024-09-24 14:09:16,784 [WARN] PackLoader:240 - Cannot read IP mode file for STMicroelectronics.X-CUBE-SFXS2LP1.4.0.0
2024-09-24 14:09:16,792 [WARN] PackLoader:240 - Cannot read IP mode file for STMicroelectronics.X-CUBE-ISPU.1.1.0
2024-09-24 14:09:16,890 [WARN] PackLoader:240 - Cannot read IP mode file for STMicroelectronics.X-CUBE-AZRTOS-H7.3.3.0
2024-09-24 14:09:16,931 [WARN] ConditionMgr:438 - getConditionDescription Invalid condition id : UX DEVICE CLASS RTOS Condition cause : null
2024-09-24 14:09:16,931 [WARN] ConditionMgr:438 - getConditionDescription Invalid condition id : UX DEVICE CLASS RTOS Condition cause : null
2024-09-24 14:09:16,938 [WARN] PackLoader:240 - Cannot read IP mode file for STMicroelectronics.X-CUBE-AZRTOS-WB.2.0.0
2024-09-24 14:09:16,939 [WARN] ConditionMgr:1039 - genDependencies : Invalid condition id : UX DEVICE CLASS RTOS Condition cause : null
2024-09-24 14:09:16,940 [WARN] ConditionMgr:1039 - genDependencies : Invalid condition id : UX DEVICE CLASS RTOS Condition cause : null
2024-09-24 14:09:16,941 [WARN] ConditionMgr:1039 - genDependencies : Invalid condition id : UX DEVICE CLASS RTOS Condition cause : null
2024-09-24 14:09:16,941 [WARN] ConditionMgr:1039 - genDependencies : Invalid condition id : UX DEVICE CLASS RTOS Condition cause : null
2024-09-24 14:09:16,941 [WARN] ConditionMgr:1039 - genDependencies : Invalid condition id : UX DEVICE CLASS RTOS Condition cause : null
2024-09-24 14:09:16,953 [WARN] PackLoader:240 - Cannot read IP mode file for STMicroelectronics.X-CUBE-FREERTOS.1.0.1
2024-09-24 14:09:16,962 [WARN] PackLoader:240 - Cannot read IP mode file for STMicroelectronics.X-CUBE-GNSS1.7.0.0
2024-09-24 14:09:16,978 [WARN] PackLoader:240 - Cannot read IP mode file for STMicroelectronics.FP-SNS-STBOX1.2.0.0
2024-09-24 14:09:17,025 [WARN] PackLoader:240 - Cannot read IP mode file for STMicroelectronics.X-CUBE-AZRTOS-L5.1.1.0
2024-09-24 14:09:17,039 [WARN] PackLoader:240 - Cannot read IP mode file for STMicroelectronics.X-CUBE-AI.8.0.1
2024-09-24 14:09:17,061 [WARN] PackLoader:240 - Cannot read IP mode file for STMicroelectronics.X-CUBE-SUBG2.5.0.0
2024-09-24 14:09:17,081 [WARN] PackLoader:240 - Cannot read IP mode file for Cesanta.I-CUBE-Mongoose.7.13.0
2024-09-24 14:09:17,116 [WARN] PackLoader:240 - Cannot read IP mode file for STMicroelectronics.X-CUBE-AZRTOS-G4.2.0.0
2024-09-24 14:09:17,146 [WARN] PackLoader:240 - Cannot read IP mode file for STMicroelectronics.X-CUBE-TOF1.3.3.0
2024-09-24 14:09:17,192 [WARN] PackLoader:240 - Cannot read IP mode file for STMicroelectronics.X-CUBE-ALS.1.0.2
2024-09-24 14:09:17,213 [WARN] PackLoader:240 - Cannot read IP mode file for STMicroelectronics.X-CUBE-TOUCHGFX.4.24.1
2024-09-24 14:09:17,220 [WARN] PackLoader:240 - Cannot read IP mode file for wolfSSL.I-CUBE-wolfTPM.3.4.0
2024-09-24 14:09:17,231 [WARN] PackLoader:240 - Cannot read IP mode file for portGmbH.I-Cube-SoM-uGOAL.1.1.0
2024-09-24 14:09:17,239 [WARN] PackLoader:240 - Cannot read IP mode file for STMicroelectronics.X-CUBE-ALS.1.0.1
2024-09-24 14:09:17,275 [WARN] PackLoader:240 - Cannot read IP mode file for STMicroelectronics.X-CUBE-AZRTOS-WB.1.1.0
2024-09-24 14:09:17,319 [WARN] PackLoader:240 - Cannot read IP mode file for STMicroelectronics.X-CUBE-AZRTOS-H7RS.1.0.0
2024-09-24 14:09:17,331 [WARN] PackLoader:240 - Cannot read IP mode file for STMicroelectronics.FP-ATR-ASTRA1.2.0.0
2024-09-24 14:09:17,354 [WARN] PackLoader:240 - Cannot read IP mode file for STMicroelectronics.X-CUBE-TOF1.3.4.2
2024-09-24 14:09:17,447 [WARN] PackLoader:240 - Cannot read IP mode file for Infineon.AIROC-Wi-Fi-Bluetooth-STM32.1.6.1
2024-09-24 14:09:17,464 [WARN] PackLoader:240 - Cannot read IP mode file for wolfSSL.I-CUBE-wolfSSH.1.4.17
2024-09-24 14:09:17,468 [INFO] ThirdParty:978 - Integrity check success = true
2024-09-24 14:09:17,468 [INFO] IntegrityCheckThread:100 - exiting critical section [integrity check]
2024-09-24 14:09:17,468 [INFO] IntegrityCheckThread:103 - End integrity checks thread
2024-09-24 14:09:30,079 [ERROR] LogOutputStream:75 - [STDERR_REDIRECT] 
2024-09-24 14:09:30,081 [ERROR] LogOutputStream:75 - [STDERR_REDIRECT] 
2024-09-24 14:09:40,590 [INFO] Activator:176 - 


2024-09-24 14:09:40,593 [INFO] Activator:177 - !SESSION log4j initialized
2024-09-24 14:09:45,803 [INFO] LogOutputStream:77 - [STDOUT_REDIRECT] 
2024-09-24 14:09:50,752 [INFO] ApplicationProperties:184 - Using Application install path: C:\ST\STM32CubeIDE_1.15.0\STM32CubeIDE\plugins\com.st.stm32cube.common.mx_6.11.0.202403141607
2024-09-24 14:09:50,806 [INFO] DbMcusXml:78 - Set database path to: C:\ST\STM32CubeIDE_1.15.0\STM32CubeIDE\plugins\com.st.stm32cube.common.mx_6.11.0.202403141607\\db\/mcu/
2024-09-24 14:09:50,807 [INFO] ApiDb:274 - Set plugin database path to: C:\ST\STM32CubeIDE_1.15.0\STM32CubeIDE\plugins\com.st.stm32cube.common.mx_6.11.0.202403141607\\db\/plugins/boardmanager/
2024-09-24 14:09:50,824 [WARN] ApiDb:259 - Overriding images path with different value:  => C:\ST\STM32CubeIDE_1.15.0\STM32CubeIDE\plugins\com.st.stm32cube.common.mx_6.11.0.202403141607\\db\/plugins/mcufinder/images/
2024-09-24 14:09:50,842 [INFO] ApiDb:250 - Set database path to: C:\Users\fahru\.stmcufinder\plugins\mcufinder//mcu/
2024-09-24 14:09:50,845 [INFO] DbMcusAds:125 - Set database path to: C:\Users\fahru\.stmcufinder\plugins\mcufinder//mcu/
2024-09-24 14:09:50,850 [INFO] CrossReferenceDbSqlite:203 - Set database path to: C:\Users\fahru\.stmcufinder\plugins\mcufinder//mcu/cs/
2024-09-24 14:09:51,168 [INFO] RulesReader:64 - Compatibility file has been processed (297 Rules)
2024-09-24 14:09:51,515 [INFO] DbMcusXml:78 - Set database path to: C:\ST\STM32CubeIDE_1.15.0\STM32CubeIDE\plugins\com.st.stm32cube.common.mx_6.11.0.202403141607\\db\/mcu/
2024-09-24 14:09:51,516 [INFO] ApiDb:274 - Set plugin database path to: C:\ST\STM32CubeIDE_1.15.0\STM32CubeIDE\plugins\com.st.stm32cube.common.mx_6.11.0.202403141607\\db\/plugins/boardmanager/
2024-09-24 14:09:51,516 [INFO] ApiDb:261 - Set plugin images path to: C:\ST\STM32CubeIDE_1.15.0\STM32CubeIDE\plugins\com.st.stm32cube.common.mx_6.11.0.202403141607\\db\/plugins/mcufinder/images/
2024-09-24 14:09:51,517 [WARN] DbFile:41 - Overriding database path with different value: C:\Users\fahru\.stmcufinder\plugins\mcufinder/ => C:\Users\fahru\.stmcufinder\plugins\mcufinder
2024-09-24 14:09:51,517 [INFO] ApiDb:250 - Set database path to: C:\Users\fahru\.stmcufinder\plugins\mcufinder//mcu/
2024-09-24 14:09:51,517 [WARN] DbFile:41 - Overriding database path with different value: C:\Users\fahru\.stmcufinder\plugins\mcufinder/ => C:\Users\fahru\.stmcufinder\plugins\mcufinder
2024-09-24 14:09:51,518 [INFO] DbMcusAds:125 - Set database path to: C:\Users\fahru\.stmcufinder\plugins\mcufinder//mcu/
2024-09-24 14:09:51,518 [WARN] DbFile:41 - Overriding database path with different value: C:\Users\fahru\.stmcufinder\plugins\mcufinder/ => C:\Users\fahru\.stmcufinder\plugins\mcufinder
2024-09-24 14:09:51,518 [WARN] DbFile:41 - Overriding database path with different value: C:\Users\fahru\.stmcufinder\plugins\mcufinder/ => C:\Users\fahru\.stmcufinder\plugins\mcufinder
2024-09-24 14:09:51,519 [INFO] CrossReferenceDbSqlite:203 - Set database path to: C:\Users\fahru\.stmcufinder\plugins\mcufinder//mcu/cs/
2024-09-24 14:09:51,903 [INFO] MainPanel:264 - HeapMemory: 268435456
2024-09-24 14:09:52,139 [INFO] DbMcusXml:78 - Set database path to: C:\ST\STM32CubeIDE_1.15.0\STM32CubeIDE\plugins\com.st.stm32cube.common.mx_6.11.0.202403141607\\db\/mcu/
2024-09-24 14:09:52,139 [INFO] ApiDb:274 - Set plugin database path to: C:\ST\STM32CubeIDE_1.15.0\STM32CubeIDE\plugins\com.st.stm32cube.common.mx_6.11.0.202403141607\\db\/plugins/boardmanager/
2024-09-24 14:09:52,140 [INFO] ApiDb:261 - Set plugin images path to: C:\ST\STM32CubeIDE_1.15.0\STM32CubeIDE\plugins\com.st.stm32cube.common.mx_6.11.0.202403141607\\db\/plugins/mcufinder/images/
2024-09-24 14:09:52,141 [WARN] DbFile:41 - Overriding database path with different value: C:\Users\fahru\.stmcufinder\plugins\mcufinder/ => C:\Users\fahru\.stmcufinder\plugins\mcufinder
2024-09-24 14:09:52,141 [INFO] ApiDb:250 - Set database path to: C:\Users\fahru\.stmcufinder\plugins\mcufinder//mcu/
2024-09-24 14:09:52,141 [WARN] DbFile:41 - Overriding database path with different value: C:\Users\fahru\.stmcufinder\plugins\mcufinder/ => C:\Users\fahru\.stmcufinder\plugins\mcufinder
2024-09-24 14:09:52,141 [INFO] DbMcusAds:125 - Set database path to: C:\Users\fahru\.stmcufinder\plugins\mcufinder//mcu/
2024-09-24 14:09:52,142 [WARN] DbFile:41 - Overriding database path with different value: C:\Users\fahru\.stmcufinder\plugins\mcufinder/ => C:\Users\fahru\.stmcufinder\plugins\mcufinder
2024-09-24 14:09:52,142 [WARN] DbFile:41 - Overriding database path with different value: C:\Users\fahru\.stmcufinder\plugins\mcufinder/ => C:\Users\fahru\.stmcufinder\plugins\mcufinder
2024-09-24 14:09:52,142 [INFO] CrossReferenceDbSqlite:203 - Set database path to: C:\Users\fahru\.stmcufinder\plugins\mcufinder//mcu/cs/
2024-09-24 14:09:52,187 [INFO] ApplicationProperties:184 - Using Application install path: C:\ST\STM32CubeIDE_1.15.0\STM32CubeIDE\plugins\com.st.stm32cube.common.mx_6.11.0.202403141607
2024-09-24 14:09:52,191 [INFO] PluginManage:196 - Search for loadable plugins [exclusion list=, ]
2024-09-24 14:09:52,194 [INFO] PluginManage:310 - Check plugin analytics
2024-09-24 14:09:52,679 [INFO] AnalyticsPlugin:253 - Accepted Software Licenses: 
2024-09-24 14:09:52,685 [INFO] AnalyticsPlugin:255 - Accepted CMSIS Pack Licenses: 
2024-09-24 14:09:52,690 [INFO] AnalyticsPlugin:257 - Accepted Firmware Licenses: FW.F4.1.27.0,FW.F4.1.28.0
2024-09-24 14:09:52,695 [INFO] PluginManage:359 - Loaded plugin analytics (category:tool,tabindex:-1)
2024-09-24 14:09:52,697 [INFO] PluginManage:310 - Check plugin cadmodel
2024-09-24 14:09:52,711 [INFO] CADModel:105 - Init CAD model plugin
2024-09-24 14:09:52,711 [INFO] PluginManage:359 - Loaded plugin cadmodel (category:power,tabindex:5)
2024-09-24 14:09:52,711 [INFO] PluginManage:310 - Check plugin clock
2024-09-24 14:09:52,735 [INFO] PluginManage:359 - Loaded plugin clock (category:base,tabindex:2)
2024-09-24 14:09:52,735 [INFO] PluginManage:310 - Check plugin ddr
2024-09-24 14:09:52,740 [INFO] PluginManage:359 - Loaded plugin ddr (category:tool,tabindex:6)
2024-09-24 14:09:52,740 [INFO] PluginManage:310 - Check plugin filemanager
2024-09-24 14:09:53,012 [INFO] PluginManage:359 - Loaded plugin filemanager (category:base,tabindex:10)
2024-09-24 14:09:53,012 [INFO] PluginManage:310 - Check plugin ipmanager
2024-09-24 14:09:53,027 [INFO] PluginManage:359 - Loaded plugin ipmanager (category:base,tabindex:5)
2024-09-24 14:09:53,028 [INFO] PluginManage:310 - Check plugin lpbam
2024-09-24 14:09:53,043 [INFO] PluginManage:359 - Loaded plugin lpbam (category:base,tabindex:0)
2024-09-24 14:09:53,044 [INFO] PluginManage:310 - Check plugin memorymap
2024-09-24 14:09:53,069 [INFO] PluginManage:359 - Loaded plugin memorymap (category:base,tabindex:4)
2024-09-24 14:09:53,069 [INFO] PluginManage:310 - Check plugin pinoutandconfiguration
2024-09-24 14:09:53,085 [INFO] PluginManage:359 - Loaded plugin pinoutandconfiguration (category:base,tabindex:1)
2024-09-24 14:09:53,085 [INFO] PluginManage:310 - Check plugin pinoutconfig
2024-09-24 14:09:53,283 [WARN] SupportedApi:132 - Cannot load RTOS API schema: s4s-elt-must-match.1: The content of 'definitions' must match (annotation?, (simpleType | complexType)?, (unique | key | keyref)*)). A problem was found starting at: attribute.
2024-09-24 14:09:53,614 [INFO] PluginManage:359 - Loaded plugin pinoutconfig (category:base,tabindex:0)
2024-09-24 14:09:53,614 [INFO] PluginManage:310 - Check plugin power
2024-09-24 14:09:53,637 [INFO] PluginManage:359 - Loaded plugin power (category:power,tabindex:4)
2024-09-24 14:09:53,638 [INFO] PluginManage:310 - Check plugin projectmanager
2024-09-24 14:09:53,707 [INFO] PluginManage:359 - Loaded plugin projectmanager (category:projectmanager,tabindex:3)
2024-09-24 14:09:53,708 [INFO] PluginManage:310 - Check plugin thirdparty
2024-09-24 14:09:54,086 [INFO] PluginManage:359 - Loaded plugin thirdparty (category:base,tabindex:-1)
2024-09-24 14:09:54,087 [INFO] PluginManage:310 - Check plugin tools
2024-09-24 14:09:54,092 [INFO] PluginManage:359 - Loaded plugin tools (category:base,tabindex:7)
2024-09-24 14:09:54,093 [INFO] PluginManage:310 - Check plugin tutovideos
2024-09-24 14:09:54,150 [WARN] IntegrityCheckThread:84 - waiting for thirdparty lock release [integrity check]
2024-09-24 14:09:54,154 [INFO] IntegrityCheckThread:86 - entering critical section [integrity check]
2024-09-24 14:09:54,156 [INFO] ThirdPartyUpdaterWithRetryManager:70 - Updater plugin not ready yet. [1/15]
2024-09-24 14:09:54,443 [INFO] PluginManage:359 - Loaded plugin tutovideos (category:base,tabindex:-1)
2024-09-24 14:09:54,443 [INFO] PluginManage:310 - Check plugin updater
2024-09-24 14:09:54,463 [INFO] PluginManage:359 - Loaded plugin updater (category:base,tabindex:12)
2024-09-24 14:09:54,463 [INFO] PluginManage:310 - Check plugin userauth
2024-09-24 14:09:54,477 [INFO] UserAuth:114 - Init User Auth plugin
2024-09-24 14:09:54,477 [INFO] PluginManage:359 - Loaded plugin userauth (category:base,tabindex:14)
2024-09-24 14:09:54,478 [INFO] PluginManage:283 - PluginManage : Loaded plugins [17]
2024-09-24 14:09:54,976 [INFO] PinOutPanel:1561 - setPackage(No Configuration,No Configuration)
2024-09-24 14:09:55,146 [INFO] CADModel:165 - CPN selected for project level
2024-09-24 14:09:55,147 [INFO] CADModel:114 - Register for checkConnection events
2024-09-24 14:09:55,187 [INFO] IPUIPlugin:80 - create IPUIPlugin
2024-09-24 14:09:55,188 [INFO] PluginManager:220 - loadIPPluginJar : add adc
2024-09-24 14:09:55,194 [INFO] IPUIPlugin:80 - create IPUIPlugin
2024-09-24 14:09:55,194 [INFO] PluginManager:220 - loadIPPluginJar : add aes
2024-09-24 14:09:55,203 [INFO] IPUIPlugin:80 - create IPUIPlugin
2024-09-24 14:09:55,204 [INFO] PluginManager:220 - loadIPPluginJar : add can
2024-09-24 14:09:55,209 [INFO] IPUIPlugin:80 - create IPUIPlugin
2024-09-24 14:09:55,209 [INFO] PluginManager:220 - loadIPPluginJar : add comp
2024-09-24 14:09:55,215 [INFO] IPUIPlugin:80 - create IPUIPlugin
2024-09-24 14:09:55,215 [INFO] PluginManager:220 - loadIPPluginJar : add cryp
2024-09-24 14:09:55,221 [INFO] IPUIPlugin:80 - create IPUIPlugin
2024-09-24 14:09:55,221 [INFO] PluginManager:220 - loadIPPluginJar : add dfsdm
2024-09-24 14:09:55,240 [INFO] IPUIPlugin:80 - create IPUIPlugin
2024-09-24 14:09:55,241 [INFO] PluginManager:220 - loadIPPluginJar : add dma
2024-09-24 14:09:55,246 [INFO] IPUIPlugin:80 - create IPUIPlugin
2024-09-24 14:09:55,246 [INFO] PluginManager:220 - loadIPPluginJar : add dma3
2024-09-24 14:09:55,252 [INFO] IPUIPlugin:80 - create IPUIPlugin
2024-09-24 14:09:55,253 [INFO] PluginManager:220 - loadIPPluginJar : add extmemmanager
2024-09-24 14:09:55,256 [INFO] IPUIPlugin:80 - create IPUIPlugin
2024-09-24 14:09:55,256 [INFO] PluginManager:220 - loadIPPluginJar : add fatfs
2024-09-24 14:09:55,269 [INFO] IPUIPlugin:80 - create IPUIPlugin
2024-09-24 14:09:55,269 [INFO] PluginManager:220 - loadIPPluginJar : add fmc
2024-09-24 14:09:55,280 [INFO] IPUIPlugin:80 - create IPUIPlugin
2024-09-24 14:09:55,281 [INFO] PluginManager:220 - loadIPPluginJar : add freertos
2024-09-24 14:09:55,284 [INFO] IPUIPlugin:80 - create IPUIPlugin
2024-09-24 14:09:55,285 [INFO] PluginManager:220 - loadIPPluginJar : add genericplugin
2024-09-24 14:09:55,290 [INFO] IPUIPlugin:80 - create IPUIPlugin
2024-09-24 14:09:55,290 [INFO] PluginManager:220 - loadIPPluginJar : add gfxmmu
2024-09-24 14:09:55,299 [INFO] IPUIPlugin:80 - create IPUIPlugin
2024-09-24 14:09:55,300 [INFO] PluginManager:220 - loadIPPluginJar : add gic
2024-09-24 14:09:55,309 [INFO] IPUIPlugin:80 - create IPUIPlugin
2024-09-24 14:09:55,310 [INFO] PluginManager:220 - loadIPPluginJar : add gpio
2024-09-24 14:09:55,315 [INFO] IPUIPlugin:80 - create IPUIPlugin
2024-09-24 14:09:55,316 [INFO] PluginManager:220 - loadIPPluginJar : add gtzc
2024-09-24 14:09:55,321 [INFO] IPUIPlugin:80 - create IPUIPlugin
2024-09-24 14:09:55,321 [INFO] PluginManager:220 - loadIPPluginJar : add hash
2024-09-24 14:09:55,326 [INFO] IPUIPlugin:80 - create IPUIPlugin
2024-09-24 14:09:55,326 [INFO] PluginManager:220 - loadIPPluginJar : add i2c
2024-09-24 14:09:55,330 [INFO] IPUIPlugin:80 - create IPUIPlugin
2024-09-24 14:09:55,331 [INFO] PluginManager:220 - loadIPPluginJar : add i2s
2024-09-24 14:09:55,336 [INFO] IPUIPlugin:80 - create IPUIPlugin
2024-09-24 14:09:55,336 [INFO] PluginManager:220 - loadIPPluginJar : add i3c
2024-09-24 14:09:55,343 [INFO] IPUIPlugin:80 - create IPUIPlugin
2024-09-24 14:09:55,343 [INFO] PluginManager:220 - loadIPPluginJar : add ipddr
2024-09-24 14:09:55,354 [INFO] IPUIPlugin:80 - create IPUIPlugin
2024-09-24 14:09:55,355 [INFO] PluginManager:220 - loadIPPluginJar : add linkedlist
2024-09-24 14:09:55,359 [INFO] IPUIPlugin:80 - create IPUIPlugin
2024-09-24 14:09:55,360 [INFO] PluginManager:220 - loadIPPluginJar : add lorawan
2024-09-24 14:09:55,363 [INFO] IPUIPlugin:80 - create IPUIPlugin
2024-09-24 14:09:55,364 [INFO] PluginManager:220 - loadIPPluginJar : add ltdc
2024-09-24 14:09:55,379 [INFO] IPUIPlugin:80 - create IPUIPlugin
2024-09-24 14:09:55,380 [INFO] PluginManager:220 - loadIPPluginJar : add mdma
2024-09-24 14:09:55,387 [INFO] IPUIPlugin:80 - create IPUIPlugin
2024-09-24 14:09:55,387 [INFO] PluginManager:220 - loadIPPluginJar : add nvic
2024-09-24 14:09:55,394 [INFO] IPUIPlugin:80 - create IPUIPlugin
2024-09-24 14:09:55,394 [INFO] PluginManager:220 - loadIPPluginJar : add opamp
2024-09-24 14:09:55,399 [INFO] IPUIPlugin:80 - create IPUIPlugin
2024-09-24 14:09:55,400 [INFO] PluginManager:220 - loadIPPluginJar : add openamp
2024-09-24 14:09:55,409 [INFO] IPUIPlugin:80 - create IPUIPlugin
2024-09-24 14:09:55,409 [INFO] PluginManager:220 - loadIPPluginJar : add pdm2pcm
2024-09-24 14:09:55,422 [INFO] IPUIPlugin:80 - create IPUIPlugin
2024-09-24 14:09:55,427 [INFO] PluginManager:220 - loadIPPluginJar : add plateformsettings
2024-09-24 14:09:55,432 [INFO] IPUIPlugin:80 - create IPUIPlugin
2024-09-24 14:09:55,432 [INFO] PluginManager:220 - loadIPPluginJar : add quadspi
2024-09-24 14:09:55,442 [INFO] IPUIPlugin:80 - create IPUIPlugin
2024-09-24 14:09:55,442 [INFO] PluginManager:220 - loadIPPluginJar : add resmgrutility
2024-09-24 14:09:55,448 [INFO] IPUIPlugin:80 - create IPUIPlugin
2024-09-24 14:09:55,449 [INFO] PluginManager:220 - loadIPPluginJar : add sai
2024-09-24 14:09:55,457 [INFO] IPUIPlugin:80 - create IPUIPlugin
2024-09-24 14:09:55,457 [INFO] PluginManager:220 - loadIPPluginJar : add spi
2024-09-24 14:09:55,469 [INFO] IPUIPlugin:80 - create IPUIPlugin
2024-09-24 14:09:55,470 [INFO] PluginManager:220 - loadIPPluginJar : add stm32_wpan
2024-09-24 14:09:55,475 [INFO] IPUIPlugin:80 - create IPUIPlugin
2024-09-24 14:09:55,475 [INFO] PluginManager:220 - loadIPPluginJar : add tim
2024-09-24 14:09:55,482 [INFO] IPUIPlugin:80 - create IPUIPlugin
2024-09-24 14:09:55,482 [INFO] PluginManager:220 - loadIPPluginJar : add touchsensing
2024-09-24 14:09:55,487 [INFO] IPUIPlugin:80 - create IPUIPlugin
2024-09-24 14:09:55,487 [INFO] PluginManager:220 - loadIPPluginJar : add tracer_emb
2024-09-24 14:09:55,491 [INFO] IPUIPlugin:80 - create IPUIPlugin
2024-09-24 14:09:55,491 [INFO] PluginManager:220 - loadIPPluginJar : add ts
2024-09-24 14:09:55,495 [INFO] IPUIPlugin:80 - create IPUIPlugin
2024-09-24 14:09:55,495 [INFO] PluginManager:220 - loadIPPluginJar : add tsc
2024-09-24 14:09:55,499 [INFO] IPUIPlugin:80 - create IPUIPlugin
2024-09-24 14:09:55,499 [INFO] PluginManager:220 - loadIPPluginJar : add ucpd
2024-09-24 14:09:55,507 [INFO] IPUIPlugin:80 - create IPUIPlugin
2024-09-24 14:09:55,508 [INFO] PluginManager:220 - loadIPPluginJar : add usart
2024-09-24 14:09:55,514 [INFO] IPUIPlugin:80 - create IPUIPlugin
2024-09-24 14:09:55,514 [INFO] PluginManager:220 - loadIPPluginJar : add usbx
2024-09-24 14:09:55,790 [INFO] CADModel:165 - CPN selected for project level
2024-09-24 14:09:55,791 [INFO] CADModel:114 - Register for checkConnection events
2024-09-24 14:09:55,792 [FATAL] Updater:308 - Updater called before beeing initialized
2024-09-24 14:09:55,793 [ERROR] CADModel:125 - Updater not yet initialized, retry later 
2024-09-24 14:09:56,159 [INFO] CADModel:165 - CPN selected for project level
2024-09-24 14:09:56,159 [INFO] CADModel:114 - Register for checkConnection events
2024-09-24 14:09:56,160 [FATAL] Updater:308 - Updater called before beeing initialized
2024-09-24 14:09:56,160 [ERROR] CADModel:125 - Updater not yet initialized, retry later 
2024-09-24 14:09:56,164 [FATAL] Updater:308 - Updater called before beeing initialized
2024-09-24 14:09:56,464 [FATAL] Updater:308 - Updater called before beeing initialized
2024-09-24 14:09:56,483 [INFO] DbMcusAds:53 - JSON generation date=Fri Sep 20 09:04:23 EDT 2024 (1726837463113)
2024-09-24 14:09:56,484 [FATAL] Updater:308 - Updater called before beeing initialized
2024-09-24 14:09:56,560 [WARN] DetailPanel:346 - Failed to get advertising image, set to default
2024-09-24 14:09:56,777 [FATAL] Updater:308 - Updater called before beeing initialized
2024-09-24 14:09:56,779 [FATAL] Updater:308 - Updater called before beeing initialized
2024-09-24 14:09:56,779 [FATAL] Updater:308 - Updater called before beeing initialized
2024-09-24 14:09:56,780 [WARN] DetailPanel:346 - Failed to get advertising image, set to default
2024-09-24 14:09:56,782 [FATAL] Updater:308 - Updater called before beeing initialized
2024-09-24 14:09:56,873 [ERROR] Updater:1120 - MainUpdater not yet initialized. External WinMGr cannot be set.
2024-09-24 14:09:56,878 [INFO] Updater:1056 - Updater Version found : 6.11.0
2024-09-24 14:09:56,908 [INFO] ApplicationProperties:184 - Using Application install path: C:\ST\STM32CubeIDE_1.15.0\STM32CubeIDE\plugins\com.st.stm32cube.common.mx_6.11.0.202403141607
2024-09-24 14:09:57,157 [INFO] ThirdPartyUpdaterWithRetryManager:70 - Updater plugin not ready yet. [2/15]
2024-09-24 14:09:58,510 [ERROR] LogOutputStream:75 - [STDERR_REDIRECT] Sep 24, 2024 2:09:58 PM java.util.prefs.WindowsPreferences <init>
2024-09-24 14:09:58,516 [ERROR] LogOutputStream:75 - [STDERR_REDIRECT] WARNING: Could not open/create prefs root node Software\JavaSoft\Prefs at root 0xffffffff80000002. Windows RegCreateKeyEx(...) returned error code 5.
2024-09-24 14:09:58,517 [ERROR] LogOutputStream:75 - [STDERR_REDIRECT] 
2024-09-24 14:09:58,991 [INFO] MainUpdater:2873 - connection check result : 10
2024-09-24 14:09:58,993 [INFO] MainUpdater:290 - Updater Check For Update Now.
2024-09-24 14:09:58,993 [INFO] MicroXplorer:498 - Change Database Version : DB.6.0.110
2024-09-24 14:09:59,014 [INFO] McuFinderGlobals:63 - Set McuFinder mode to 2 (CubeIDE integrated)
2024-09-24 14:09:59,028 [INFO] UserAuth:415 - Internet connection configuration mode: 1
2024-09-24 14:09:59,053 [INFO] JxBrowserEngine:152 - Initiate JxBrowser Engine with user profile folder
2024-09-24 14:09:59,254 [INFO] CheckServerUpdateThread:120 - End of CheckServer Thread
2024-09-24 14:10:00,110 [INFO] WebApp:161 - Instantiating new browser for Auth
2024-09-24 14:10:00,815 [WARN] PackLoader:240 - Cannot read IP mode file for STMicroelectronics.FP-SNS-MOTENVWB1.1.4.0
2024-09-24 14:10:00,839 [WARN] PackLoader:240 - Cannot read IP mode file for STMicroelectronics.X-CUBE-SMBUS.2.1.0
2024-09-24 14:10:00,958 [WARN] PackLoader:240 - Cannot read IP mode file for STMicroelectronics.X-CUBE-AZRTOS-F7.1.1.0
2024-09-24 14:10:01,048 [ERROR] RealEvaluatedCondition:428 - Found unsupported composite condition: GROUP='STM32_MetaDataManager' CLASS='Data Exchange'
2024-09-24 14:10:01,049 [ERROR] RealEvaluatedCondition:428 - Found unsupported composite condition: CLASS='Data Exchange' GROUP='STM32_MetaDataManager'
2024-09-24 14:10:01,053 [WARN] PackLoader:240 - Cannot read IP mode file for STMicroelectronics.FP-SNS-MOTENV1.4.3.1
2024-09-24 14:10:01,072 [WARN] PackLoader:240 - Cannot read IP mode file for STMicroelectronics.FP-SNS-FLIGHT1.5.0.1
2024-09-24 14:10:01,366 [WARN] PackLoader:240 - Cannot read IP mode file for STMicroelectronics.X-CUBE-MEMS1.11.0.0
2024-09-24 14:10:02,031 [WARN] PackLoader:240 - Cannot read IP mode file for STMicroelectronics.X-CUBE-BLE1.6.2.4
2024-09-24 14:10:02,042 [WARN] PackLoader:240 - Cannot read IP mode file for STMicroelectronics.FP-SNS-FLIGHT1.5.0.2
2024-09-24 14:10:02,078 [WARN] PackLoader:240 - Cannot read IP mode file for STMicroelectronics.X-CUBE-DISPLAY.3.0.0
2024-09-24 14:10:02,110 [WARN] PackLoader:240 - Cannot read IP mode file for STMicroelectronics.X-CUBE-BLE1.7.0.0
2024-09-24 14:10:02,159 [WARN] PackLoader:240 - Cannot read IP mode file for STMicroelectronics.X-CUBE-BLEMGR.3.1.0
2024-09-24 14:10:02,178 [WARN] PackLoader:240 - Cannot read IP mode file for STMicroelectronics.FP-SNS-SMARTAG2.1.2.0
2024-09-24 14:10:02,200 [INFO] LogOutputStream:77 - [STDOUT_REDIRECT] 1 : Invalid condition id : UX_CORESTACK_Condition cause : null
2024-09-24 14:10:02,201 [INFO] LogOutputStream:77 - [STDOUT_REDIRECT] 1 : Invalid condition id : UX_CORESTACK_Condition cause : null
2024-09-24 14:10:02,204 [INFO] LogOutputStream:77 - [STDOUT_REDIRECT] 1 : Invalid condition id : UX_CORESTACK_Condition cause : null
2024-09-24 14:10:02,234 [INFO] LogOutputStream:77 - [STDOUT_REDIRECT] 1 : Invalid condition id : UX_CORESTACK_Condition cause : null
2024-09-24 14:10:02,238 [INFO] LogOutputStream:77 - [STDOUT_REDIRECT] 1 : Invalid condition id : UX_CORESTACK_Condition cause : null
2024-09-24 14:10:02,247 [WARN] PackLoader:240 - Cannot read IP mode file for STMicroelectronics.X-CUBE-AZRTOS-WL.2.0.0
2024-09-24 14:10:02,257 [WARN] PackLoader:240 - Cannot read IP mode file for STMicroelectronics.FP-SNS-MOTENV1.5.0.0
2024-09-24 14:10:02,266 [WARN] PackLoader:240 - Cannot read IP mode file for wolfSSL.I-CUBE-wolfMQTT.1.19.0
2024-09-24 14:10:02,283 [WARN] PackLoader:240 - Cannot read IP mode file for WES.I-CUBE-Cesium.1.3.0
2024-09-24 14:10:02,293 [WARN] PackLoader:240 - Cannot read IP mode file for STMicroelectronics.X-CUBE-BLE2.3.3.0
2024-09-24 14:10:02,306 [WARN] PackLoader:240 - Cannot read IP mode file for STMicroelectronics.X-CUBE-TCPP.4.1.0
2024-09-24 14:10:02,318 [WARN] PackLoader:240 - Cannot read IP mode file for STMicroelectronics.X-CUBE-TOUCHGFX.4.21.4
2024-09-24 14:10:02,359 [WARN] PackLoader:240 - Cannot read IP mode file for STMicroelectronics.X-CUBE-ALGOBUILD.1.3.0
2024-09-24 14:10:02,412 [WARN] PackLoader:240 - Cannot read IP mode file for STMicroelectronics.X-CUBE-AZRTOS-G0.1.1.0
2024-09-24 14:10:02,429 [WARN] PackLoader:240 - Cannot read IP mode file for STMicroelectronics.X-CUBE-SAFEA1.1.2.2
2024-09-24 14:10:02,442 [WARN] PackLoader:240 - Cannot read IP mode file for STMicroelectronics.X-CUBE-NFC4.3.0.0
2024-09-24 14:10:02,488 [WARN] PackLoader:240 - Cannot read IP mode file for EmbeddedOffice.I-CUBE-FS-RTOS.1.0.1
2024-09-24 14:10:02,488 [ERROR] ConditionMgr:805 - Attr not supported : Dmpu
2024-09-24 14:10:02,489 [ERROR] ConditionMgr:805 - Attr not supported : Dmpu
2024-09-24 14:10:02,489 [ERROR] ConditionMgr:805 - Attr not supported : Dmpu
2024-09-24 14:10:02,489 [ERROR] ConditionMgr:805 - Attr not supported : Dmpu
2024-09-24 14:10:02,489 [ERROR] ConditionMgr:805 - Attr not supported : Dmpu
2024-09-24 14:10:02,489 [ERROR] ConditionMgr:805 - Attr not supported : Dmpu
2024-09-24 14:10:02,490 [ERROR] ConditionMgr:805 - Attr not supported : Dmpu
2024-09-24 14:10:02,490 [ERROR] ConditionMgr:805 - Attr not supported : Dmpu
2024-09-24 14:10:02,490 [ERROR] ConditionMgr:805 - Attr not supported : Dmpu
2024-09-24 14:10:02,490 [ERROR] ConditionMgr:805 - Attr not supported : Dmpu
2024-09-24 14:10:02,490 [ERROR] ConditionMgr:805 - Attr not supported : Dmpu
2024-09-24 14:10:02,490 [ERROR] ConditionMgr:805 - Attr not supported : Dmpu
2024-09-24 14:10:02,491 [ERROR] ConditionMgr:805 - Attr not supported : Dmpu
2024-09-24 14:10:02,492 [ERROR] ConditionMgr:805 - Attr not supported : Dmpu
2024-09-24 14:10:02,492 [ERROR] ConditionMgr:805 - Attr not supported : Dmpu
2024-09-24 14:10:02,492 [ERROR] ConditionMgr:805 - Attr not supported : Dmpu
2024-09-24 14:10:02,492 [ERROR] ConditionMgr:805 - Attr not supported : Dmpu
2024-09-24 14:10:02,492 [ERROR] ConditionMgr:805 - Attr not supported : Dmpu
2024-09-24 14:10:02,493 [ERROR] ConditionMgr:805 - Attr not supported : Dmpu
2024-09-24 14:10:02,493 [ERROR] ConditionMgr:805 - Attr not supported : Dmpu
2024-09-24 14:10:02,493 [ERROR] ConditionMgr:805 - Attr not supported : Dmpu
2024-09-24 14:10:02,493 [ERROR] ConditionMgr:805 - Attr not supported : Dmpu
2024-09-24 14:10:02,494 [ERROR] ConditionMgr:805 - Attr not supported : Dmpu
2024-09-24 14:10:02,494 [ERROR] ConditionMgr:805 - Attr not supported : Dmpu
2024-09-24 14:10:02,494 [ERROR] ConditionMgr:805 - Attr not supported : Dmpu
2024-09-24 14:10:02,494 [ERROR] ConditionMgr:805 - Attr not supported : Dmpu
2024-09-24 14:10:02,494 [ERROR] ConditionMgr:805 - Attr not supported : Dmpu
2024-09-24 14:10:02,494 [ERROR] ConditionMgr:805 - Attr not supported : Dmpu
2024-09-24 14:10:02,495 [ERROR] ConditionMgr:805 - Attr not supported : Dmpu
2024-09-24 14:10:02,495 [ERROR] ConditionMgr:805 - Attr not supported : Dmpu
2024-09-24 14:10:02,495 [ERROR] ConditionMgr:805 - Attr not supported : Dmpu
2024-09-24 14:10:02,495 [ERROR] ConditionMgr:805 - Attr not supported : Dmpu
2024-09-24 14:10:02,495 [ERROR] ConditionMgr:805 - Attr not supported : Dmpu
2024-09-24 14:10:02,496 [ERROR] ConditionMgr:805 - Attr not supported : Dmpu
2024-09-24 14:10:02,496 [ERROR] ConditionMgr:805 - Attr not supported : Dmpu
2024-09-24 14:10:02,496 [ERROR] ConditionMgr:805 - Attr not supported : Dmpu
2024-09-24 14:10:02,496 [ERROR] ConditionMgr:805 - Attr not supported : Dmpu
2024-09-24 14:10:02,496 [ERROR] ConditionMgr:805 - Attr not supported : Dmpu
2024-09-24 14:10:02,497 [ERROR] ConditionMgr:805 - Attr not supported : Dmpu
2024-09-24 14:10:02,497 [ERROR] ConditionMgr:805 - Attr not supported : Dmpu
2024-09-24 14:10:02,497 [ERROR] ConditionMgr:805 - Attr not supported : Dmpu
2024-09-24 14:10:02,497 [ERROR] ConditionMgr:805 - Attr not supported : Dmpu
2024-09-24 14:10:02,497 [ERROR] ConditionMgr:805 - Attr not supported : Dmpu
2024-09-24 14:10:02,497 [ERROR] ConditionMgr:805 - Attr not supported : Dmpu
2024-09-24 14:10:02,499 [ERROR] ConditionMgr:805 - Attr not supported : Dmpu
2024-09-24 14:10:02,499 [ERROR] ConditionMgr:805 - Attr not supported : Dmpu
2024-09-24 14:10:02,499 [ERROR] ConditionMgr:805 - Attr not supported : Dmpu
2024-09-24 14:10:02,499 [ERROR] ConditionMgr:805 - Attr not supported : Dmpu
2024-09-24 14:10:02,499 [ERROR] ConditionMgr:805 - Attr not supported : Dmpu
2024-09-24 14:10:02,500 [ERROR] ConditionMgr:805 - Attr not supported : Dmpu
2024-09-24 14:10:02,500 [ERROR] ConditionMgr:805 - Attr not supported : Dmpu
2024-09-24 14:10:02,500 [ERROR] ConditionMgr:805 - Attr not supported : Dmpu
2024-09-24 14:10:02,500 [ERROR] ConditionMgr:805 - Attr not supported : Dmpu
2024-09-24 14:10:02,500 [ERROR] ConditionMgr:805 - Attr not supported : Dmpu
2024-09-24 14:10:02,501 [ERROR] ConditionMgr:805 - Attr not supported : Dmpu
2024-09-24 14:10:02,501 [ERROR] ConditionMgr:805 - Attr not supported : Dmpu
2024-09-24 14:10:02,501 [ERROR] ConditionMgr:805 - Attr not supported : Dmpu
2024-09-24 14:10:02,501 [ERROR] ConditionMgr:805 - Attr not supported : Dmpu
2024-09-24 14:10:02,501 [ERROR] ConditionMgr:805 - Attr not supported : Dmpu
2024-09-24 14:10:02,501 [ERROR] ConditionMgr:805 - Attr not supported : Dmpu
2024-09-24 14:10:02,502 [ERROR] ConditionMgr:805 - Attr not supported : Dmpu
2024-09-24 14:10:02,502 [ERROR] ConditionMgr:805 - Attr not supported : Dmpu
2024-09-24 14:10:02,502 [ERROR] ConditionMgr:805 - Attr not supported : Dmpu
2024-09-24 14:10:02,502 [ERROR] ConditionMgr:805 - Attr not supported : Dmpu
2024-09-24 14:10:02,520 [WARN] PackLoader:240 - Cannot read IP mode file for RealThread.X-CUBE-RT-Thread_Nano.4.1.1
2024-09-24 14:10:02,530 [WARN] PackLoader:240 - Cannot read IP mode file for STMicroelectronics.FP-ATR-SIGFOX1.3.2.0
2024-09-24 14:10:02,548 [WARN] PackLoader:240 - Cannot read IP mode file for STMicroelectronics.X-CUBE-EEPRMA1.5.1.0
2024-09-24 14:10:02,564 [WARN] PackLoader:240 - Cannot read IP mode file for ITTIA_DB.I-CUBE-ITTIADB.8.9.0
2024-09-24 14:10:02,664 [WARN] PackLoader:240 - Cannot read IP mode file for SEGGER.I-CUBE-embOS.1.3.1
2024-09-24 14:10:02,792 [WARN] PackLoader:240 - Cannot read IP mode file for STMicroelectronics.X-CUBE-ALGOBUILD.1.4.0
2024-09-24 14:10:02,803 [WARN] PackLoader:240 - Cannot read IP mode file for STMicroelectronics.X-CUBE-GNSS1.6.0.0
2024-09-24 14:10:02,863 [WARN] PackLoader:240 - Cannot read IP mode file for STMicroelectronics.X-CUBE-AZRTOS-F4.1.1.0
2024-09-24 14:10:02,910 [WARN] PackLoader:240 - Cannot read IP mode file for wolfSSL.I-CUBE-wolfSSL.5.6.0
2024-09-24 14:10:02,940 [WARN] PackLoader:240 - Cannot read IP mode file for STMicroelectronics.X-CUBE-ISPU.2.1.0
2024-09-24 14:10:02,954 [WARN] PackLoader:240 - Cannot read IP mode file for STMicroelectronics.X-CUBE-FREERTOS.1.2.0
2024-09-24 14:10:02,994 [WARN] PackLoader:240 - Cannot read IP mode file for STMicroelectronics.X-CUBE-AZRTOS-L5.2.0.0
2024-09-24 14:10:03,161 [WARN] PackLoader:240 - Cannot read IP mode file for STMicroelectronics.X-CUBE-MEMS1.9.6.0
2024-09-24 14:10:03,310 [INFO] WebApp:779 - Register for checkConnection events
2024-09-24 14:10:03,310 [INFO] WebApp:414 - Apply proxy settings
2024-09-24 14:10:03,310 [INFO] WebApp:499 - Chromium requires no authentication
2024-09-24 14:10:03,328 [INFO] WebApp:442 - Direct internet connection detected
2024-09-24 14:10:03,722 [WARN] PackLoader:240 - Cannot read IP mode file for STMicroelectronics.X-CUBE-NFC6.3.1.0
2024-09-24 14:10:03,752 [WARN] PackLoader:240 - Cannot read IP mode file for emotas.I-CUBE-CANOPEN.1.1.3
2024-09-24 14:10:03,778 [WARN] PackLoader:240 - Cannot read IP mode file for STMicroelectronics.X-CUBE-BLEMGR.2.0.0
2024-09-24 14:10:03,791 [WARN] PackLoader:240 - Cannot read IP mode file for STMicroelectronics.X-CUBE-DPower.1.2.0
2024-09-24 14:10:03,799 [WARN] PackLoader:240 - Cannot read IP mode file for STMicroelectronics.X-CUBE-AI.9.0.0
2024-09-24 14:10:03,863 [WARN] ConditionMgr:438 - getConditionDescription Invalid condition id : UX DEVICE CLASS RTOS Condition cause : null
2024-09-24 14:10:03,864 [WARN] ConditionMgr:438 - getConditionDescription Invalid condition id : UX DEVICE CLASS RTOS Condition cause : null
2024-09-24 14:10:03,876 [WARN] PackLoader:240 - Cannot read IP mode file for STMicroelectronics.X-CUBE-AZRTOS-H7.3.1.0
2024-09-24 14:10:03,878 [WARN] ConditionMgr:1039 - genDependencies : Invalid condition id : UX DEVICE CLASS RTOS Condition cause : null
2024-09-24 14:10:03,879 [WARN] ConditionMgr:1039 - genDependencies : Invalid condition id : UX DEVICE CLASS RTOS Condition cause : null
2024-09-24 14:10:03,884 [WARN] ConditionMgr:1039 - genDependencies : Invalid condition id : UX DEVICE CLASS RTOS Condition cause : null
2024-09-24 14:10:03,886 [WARN] ConditionMgr:1039 - genDependencies : Invalid condition id : UX DEVICE CLASS RTOS Condition cause : null
2024-09-24 14:10:03,887 [WARN] ConditionMgr:1039 - genDependencies : Invalid condition id : UX DEVICE CLASS RTOS Condition cause : null
2024-09-24 14:10:03,903 [WARN] PackLoader:240 - Cannot read IP mode file for STMicroelectronics.X-CUBE-NFC7.1.0.1
2024-09-24 14:10:03,920 [WARN] PackLoader:240 - Cannot read IP mode file for STMicroelectronics.X-CUBE-EEPRMA1.4.1.0
2024-09-24 14:10:04,048 [WARN] ConditionMgr:438 - getConditionDescription Invalid condition id : LAN8742 Phy interface Condition cause : null
2024-09-24 14:10:04,050 [WARN] PackLoader:240 - Cannot read IP mode file for STMicroelectronics.X-CUBE-AZRTOS-L4.2.0.0
2024-09-24 14:10:04,052 [WARN] ConditionMgr:1039 - genDependencies : Invalid condition id : LAN8742 Phy interface Condition cause : null
2024-09-24 14:10:04,053 [WARN] ConditionMgr:1039 - genDependencies : Invalid condition id : LAN8742 Phy interface Condition cause : null
2024-09-24 14:10:04,054 [WARN] ConditionMgr:1039 - genDependencies : Invalid condition id : LAN8742 Phy interface Condition cause : null
2024-09-24 14:10:04,076 [WARN] PackLoader:240 - Cannot read IP mode file for STMicroelectronics.X-CUBE-SFXS2LP1.4.0.0
2024-09-24 14:10:04,092 [WARN] PackLoader:240 - Cannot read IP mode file for STMicroelectronics.X-CUBE-ISPU.1.1.0
2024-09-24 14:10:04,204 [WARN] PackLoader:240 - Cannot read IP mode file for STMicroelectronics.X-CUBE-AZRTOS-H7.3.3.0
2024-09-24 14:10:04,238 [WARN] ConditionMgr:438 - getConditionDescription Invalid condition id : UX DEVICE CLASS RTOS Condition cause : null
2024-09-24 14:10:04,239 [WARN] ConditionMgr:438 - getConditionDescription Invalid condition id : UX DEVICE CLASS RTOS Condition cause : null
2024-09-24 14:10:04,243 [WARN] PackLoader:240 - Cannot read IP mode file for STMicroelectronics.X-CUBE-AZRTOS-WB.2.0.0
2024-09-24 14:10:04,244 [WARN] ConditionMgr:1039 - genDependencies : Invalid condition id : UX DEVICE CLASS RTOS Condition cause : null
2024-09-24 14:10:04,244 [WARN] ConditionMgr:1039 - genDependencies : Invalid condition id : UX DEVICE CLASS RTOS Condition cause : null
2024-09-24 14:10:04,245 [WARN] ConditionMgr:1039 - genDependencies : Invalid condition id : UX DEVICE CLASS RTOS Condition cause : null
2024-09-24 14:10:04,246 [WARN] ConditionMgr:1039 - genDependencies : Invalid condition id : UX DEVICE CLASS RTOS Condition cause : null
2024-09-24 14:10:04,246 [WARN] ConditionMgr:1039 - genDependencies : Invalid condition id : UX DEVICE CLASS RTOS Condition cause : null
2024-09-24 14:10:04,256 [WARN] PackLoader:240 - Cannot read IP mode file for STMicroelectronics.X-CUBE-FREERTOS.1.0.1
2024-09-24 14:10:04,262 [INFO] WebApp:192 - Starting web application
2024-09-24 14:10:04,263 [INFO] WebApp:544 - Web application path used C:\ST\STM32CubeIDE_1.15.0\STM32CubeIDE\plugins\com.st.stm32cube.common.mx_6.11.0.202403141607\db\plugins\mcufinder\reactClient1\index.html
2024-09-24 14:10:04,265 [WARN] PackLoader:240 - Cannot read IP mode file for STMicroelectronics.X-CUBE-GNSS1.7.0.0
2024-09-24 14:10:04,302 [WARN] PackLoader:240 - Cannot read IP mode file for STMicroelectronics.FP-SNS-STBOX1.2.0.0
2024-09-24 14:10:04,338 [WARN] PackLoader:240 - Cannot read IP mode file for STMicroelectronics.X-CUBE-AZRTOS-L5.1.1.0
2024-09-24 14:10:04,368 [WARN] PackLoader:240 - Cannot read IP mode file for STMicroelectronics.X-CUBE-AI.8.0.1
2024-09-24 14:10:04,401 [WARN] PackLoader:240 - Cannot read IP mode file for STMicroelectronics.X-CUBE-SUBG2.5.0.0
2024-09-24 14:10:04,507 [WARN] PackLoader:240 - Cannot read IP mode file for Cesanta.I-CUBE-Mongoose.7.13.0
2024-09-24 14:10:04,545 [WARN] PackLoader:240 - Cannot read IP mode file for STMicroelectronics.X-CUBE-AZRTOS-G4.2.0.0
2024-09-24 14:10:04,572 [WARN] PackLoader:240 - Cannot read IP mode file for STMicroelectronics.X-CUBE-TOF1.3.3.0
2024-09-24 14:10:04,599 [WARN] PackLoader:240 - Cannot read IP mode file for STMicroelectronics.X-CUBE-ALS.1.0.2
2024-09-24 14:10:04,605 [WARN] PackLoader:240 - Cannot read IP mode file for STMicroelectronics.X-CUBE-TOUCHGFX.4.24.1
2024-09-24 14:10:04,705 [WARN] PackLoader:240 - Cannot read IP mode file for wolfSSL.I-CUBE-wolfTPM.3.4.0
2024-09-24 14:10:04,781 [WARN] PackLoader:240 - Cannot read IP mode file for portGmbH.I-Cube-SoM-uGOAL.1.1.0
2024-09-24 14:10:04,788 [WARN] PackLoader:240 - Cannot read IP mode file for STMicroelectronics.X-CUBE-ALS.1.0.1
2024-09-24 14:10:04,819 [WARN] PackLoader:240 - Cannot read IP mode file for STMicroelectronics.X-CUBE-AZRTOS-WB.1.1.0
2024-09-24 14:10:04,867 [WARN] PackLoader:240 - Cannot read IP mode file for STMicroelectronics.X-CUBE-AZRTOS-H7RS.1.0.0
2024-09-24 14:10:04,913 [WARN] PackLoader:240 - Cannot read IP mode file for STMicroelectronics.FP-ATR-ASTRA1.2.0.0
2024-09-24 14:10:04,945 [WARN] PackLoader:240 - Cannot read IP mode file for STMicroelectronics.X-CUBE-TOF1.3.4.2
2024-09-24 14:10:05,941 [WARN] PackLoader:240 - Cannot read IP mode file for Infineon.AIROC-Wi-Fi-Bluetooth-STM32.1.6.1
2024-09-24 14:10:05,957 [WARN] PackLoader:240 - Cannot read IP mode file for wolfSSL.I-CUBE-wolfSSH.1.4.17
2024-09-24 14:10:05,959 [INFO] ThirdParty:978 - Integrity check success = true
2024-09-24 14:10:05,959 [INFO] IntegrityCheckThread:100 - exiting critical section [integrity check]
2024-09-24 14:10:05,959 [INFO] IntegrityCheckThread:103 - End integrity checks thread
