2024-09-30 13:47:04,259 [INFO] LogOutputStream:77 - [STDOUT_REDIRECT] 
2024-09-30 13:47:11,782 [INFO] ProjectBuilder:5097 - Time for Generating toolchain IDE Files: 9275mS.
2024-09-30 13:47:11,784 [INFO] ProjectBuilder:3107 - Time for Copy CMSIS : 1mS.
2024-09-30 13:47:11,797 [INFO] ProjectBuilder:3107 - Time for Copy CMSIS : 0mS.
2024-09-30 14:02:51,668 [INFO] UtilMem:75 - End SaveConfig() Used Memory: 309726776 Bytes (968884224)
2024-09-30 14:02:51,964 [INFO] BlockDiagram:2766 - set Specific Code input for plugin: USB_DEVICE
2024-09-30 14:02:51,964 [INFO] BlockDiagram:2766 - set Specific Code input for plugin: SYS
2024-09-30 14:02:51,964 [INFO] BlockDiagram:2766 - set Specific Code input for plugin: RCC
2024-09-30 14:02:51,964 [INFO] BlockDiagram:2766 - set Specific Code input for plugin: USB_OTG_FS
2024-09-30 14:02:51,965 [INFO] BlockDiagram:2766 - set Specific Code input for plugin: NVIC
2024-09-30 14:02:51,965 [INFO] BlockDiagram:2766 - set Specific Code input for plugin: USART
2024-09-30 14:02:51,965 [INFO] BlockDiagram:2766 - set Specific Code input for plugin: GPIO
2024-09-30 14:02:51,966 [INFO] CodeGenerator:807 - code generatio: config db path: C:\ST\STM32CubeIDE_1.15.0\STM32CubeIDE\plugins\com.st.stm32cube.common.mx_6.12.1.202409122256\\db\
2024-09-30 14:02:51,994 [WARN] IP:2191 - DEVICE_SERIAL0_CDC_FS not found: check if there is a RefParameter without a condition.
2024-09-30 14:02:51,994 [WARN] IP:2191 - DEVICE_SERIAL1_CDC_FS not found: check if there is a RefParameter without a condition.
2024-09-30 14:02:51,995 [WARN] IP:2191 - DEVICE_SERIAL2_CDC_FS not found: check if there is a RefParameter without a condition.
2024-09-30 14:02:52,145 [INFO] CodeEngine:255 - oldGeneratedFile, C:\git\stm32f4xx\stm32application\MXTmpFiles\license.tmp_save
2024-09-30 14:02:52,417 [INFO] CodeEngine:279 - Generated code: C:\git\stm32f4xx\stm32application\MXTmpFiles\license.tmp
2024-09-30 14:02:52,452 [INFO] CodeEngine:255 - oldGeneratedFile, C:\git\stm32f4xx\stm32application\MXTmpFiles\gpio.tmp_save
2024-09-30 14:02:52,671 [INFO] CodeEngine:279 - Generated code: C:\git\stm32f4xx\stm32application\MXTmpFiles\gpio.tmp
2024-09-30 14:02:52,724 [WARN] IPConfigManager:3005 - Warning: the RefConfig PWREx_EnableUSBVoltageDetector is not available in your config.xml file
2024-09-30 14:02:52,765 [INFO] CodeEngine:255 - oldGeneratedFile, C:\git\stm32f4xx\stm32application\MXTmpFiles\usb_otg_fs_vars.tmp_save
2024-09-30 14:02:52,977 [INFO] CodeEngine:279 - Generated code: C:\git\stm32f4xx\stm32application\MXTmpFiles\usb_otg_fs_vars.tmp
2024-09-30 14:02:52,985 [INFO] CodeEngine:255 - oldGeneratedFile, C:\git\stm32f4xx\stm32application\MXTmpFiles\usb_otg_fs_inc.tmp_save
2024-09-30 14:02:53,134 [INFO] CodeEngine:279 - Generated code: C:\git\stm32f4xx\stm32application\MXTmpFiles\usb_otg_fs_inc.tmp
2024-09-30 14:02:53,142 [INFO] CodeEngine:255 - oldGeneratedFile, C:\git\stm32f4xx\stm32application\MXTmpFiles\usb_otg_fs_HalInit.tmp_save
2024-09-30 14:02:53,309 [INFO] CodeEngine:279 - Generated code: C:\git\stm32f4xx\stm32application\MXTmpFiles\usb_otg_fs_HalInit.tmp
2024-09-30 14:02:53,316 [INFO] CodeEngine:255 - oldGeneratedFile, C:\git\stm32f4xx\stm32application\MXTmpFiles\usb_otg_fs_Msp.tmp_save
2024-09-30 14:02:53,446 [INFO] CodeEngine:279 - Generated code: C:\git\stm32f4xx\stm32application\MXTmpFiles\usb_otg_fs_Msp.tmp
2024-09-30 14:02:53,593 [INFO] Middleware:1439 - No code input for Bsp Dependency
2024-09-30 14:02:53,647 [INFO] Middleware:1439 - No code input for Bsp Dependency
2024-09-30 14:02:53,706 [INFO] CodeEngine:255 - oldGeneratedFile, C:\git\stm32f4xx\stm32application\USB_DEVICE\App\usb_device.c_save
2024-09-30 14:02:53,928 [INFO] CodeEngine:279 - Generated code: C:\git\stm32f4xx\stm32application\USB_DEVICE\App\usb_device.c
2024-09-30 14:02:53,950 [INFO] CodeEngine:255 - oldGeneratedFile, C:\git\stm32f4xx\stm32application\USB_DEVICE\App\usb_device.h_save
2024-09-30 14:02:54,131 [INFO] CodeEngine:279 - Generated code: C:\git\stm32f4xx\stm32application\USB_DEVICE\App\usb_device.h
2024-09-30 14:02:54,150 [INFO] CodeEngine:255 - oldGeneratedFile, C:\git\stm32f4xx\stm32application\USB_DEVICE\Target\usbd_conf.h_save
2024-09-30 14:02:54,354 [INFO] CodeEngine:279 - Generated code: C:\git\stm32f4xx\stm32application\USB_DEVICE\Target\usbd_conf.h
2024-09-30 14:02:54,381 [INFO] CodeEngine:255 - oldGeneratedFile, C:\git\stm32f4xx\stm32application\USB_DEVICE\Target\usbd_conf.c_save
2024-09-30 14:02:54,593 [INFO] CodeEngine:279 - Generated code: C:\git\stm32f4xx\stm32application\USB_DEVICE\Target\usbd_conf.c
2024-09-30 14:02:54,617 [INFO] CodeEngine:255 - oldGeneratedFile, C:\git\stm32f4xx\stm32application\USB_DEVICE\App\usbd_desc.h_save
2024-09-30 14:02:54,706 [INFO] CodeEngine:279 - Generated code: C:\git\stm32f4xx\stm32application\USB_DEVICE\App\usbd_desc.h
2024-09-30 14:02:54,730 [INFO] CodeEngine:255 - oldGeneratedFile, C:\git\stm32f4xx\stm32application\USB_DEVICE\App\usbd_desc.c_save
2024-09-30 14:02:54,872 [INFO] CodeEngine:279 - Generated code: C:\git\stm32f4xx\stm32application\USB_DEVICE\App\usbd_desc.c
2024-09-30 14:02:54,890 [INFO] CodeEngine:255 - oldGeneratedFile, C:\git\stm32f4xx\stm32application\USB_DEVICE\App\usbd_cdc_if.h_save
2024-09-30 14:02:54,997 [INFO] CodeEngine:279 - Generated code: C:\git\stm32f4xx\stm32application\USB_DEVICE\App\usbd_cdc_if.h
2024-09-30 14:02:55,021 [INFO] CodeEngine:255 - oldGeneratedFile, C:\git\stm32f4xx\stm32application\USB_DEVICE\App\usbd_cdc_if.c_save
2024-09-30 14:02:55,164 [INFO] CodeEngine:279 - Generated code: C:\git\stm32f4xx\stm32application\USB_DEVICE\App\usbd_cdc_if.c
2024-09-30 14:02:55,207 [INFO] CodeEngine:255 - oldGeneratedFile, C:\git\stm32f4xx\stm32application\Core\Src\stm32f4xx_it.c_save
2024-09-30 14:02:55,567 [INFO] CodeEngine:279 - Generated code: C:\git\stm32f4xx\stm32application\Core\Src\stm32f4xx_it.c
2024-09-30 14:02:55,581 [INFO] CodeEngine:255 - oldGeneratedFile, C:\git\stm32f4xx\stm32application\Core\Inc\stm32f4xx_it.h_save
2024-09-30 14:02:55,810 [INFO] CodeEngine:279 - Generated code: C:\git\stm32f4xx\stm32application\Core\Inc\stm32f4xx_it.h
2024-09-30 14:02:55,886 [INFO] CodeEngine:255 - oldGeneratedFile, C:\git\stm32f4xx\stm32application\Core\Src\stm32f4xx_hal_msp.c_save
2024-09-30 14:02:56,088 [INFO] CodeEngine:279 - Generated code: C:\git\stm32f4xx\stm32application\Core\Src\stm32f4xx_hal_msp.c
2024-09-30 14:02:56,096 [INFO] CodeEngine:255 - oldGeneratedFile, C:\git\stm32f4xx\stm32application\MXTmpFiles\system.tmp_save
2024-09-30 14:02:56,172 [INFO] CodeEngine:279 - Generated code: C:\git\stm32f4xx\stm32application\MXTmpFiles\system.tmp
2024-09-30 14:02:56,203 [INFO] CodeEngine:311 - oldGeneratedFile, C:\git\stm32f4xx\stm32application\Core\Inc\stm32f4xx_hal_conf.h_save
2024-09-30 14:02:56,379 [INFO] CodeEngine:335 - Generated code: C:\git\stm32f4xx\stm32application\Core\Inc\stm32f4xx_hal_conf.h
2024-09-30 14:02:56,462 [INFO] CodeEngine:255 - oldGeneratedFile, C:\git\stm32f4xx\stm32application\Core\Inc\main.h_save
2024-09-30 14:02:56,644 [INFO] CodeEngine:279 - Generated code: C:\git\stm32f4xx\stm32application\Core\Inc\main.h
2024-09-30 14:02:56,664 [INFO] CodeEngine:255 - oldGeneratedFile, C:\git\stm32f4xx\stm32application\Core\Src\main.c_save
2024-09-30 14:02:56,820 [INFO] CodeEngine:279 - Generated code: C:\git\stm32f4xx\stm32application\Core\Src\main.c
2024-09-30 14:02:57,694 [INFO] ProjectBuilder:3249 - Time for Copy HAL[1] : 389mS.
2024-09-30 14:02:57,704 [INFO] ProjectBuilder:4828 - Project Generator version: 4.5.0-B34
2024-09-30 14:02:57,895 [INFO] ConfigFileManager:1531 - The Die is : DIE413
2024-09-30 14:02:59,903 [INFO] ProjectBuilder:5097 - Time for Generating toolchain IDE Files: 2199mS.
2024-09-30 14:02:59,904 [INFO] ProjectBuilder:3107 - Time for Copy CMSIS : 1mS.
2024-09-30 14:02:59,917 [INFO] ProjectBuilder:3107 - Time for Copy CMSIS : 0mS.
2024-09-30 16:07:30,465 [INFO] WebApp:189 - Connection lost
2024-09-30 16:07:30,732 [INFO] WebApp:186 - Connection restablished
2024-09-30 16:07:33,754 [INFO] WebApp:189 - Connection lost
2024-09-30 16:07:33,887 [INFO] WebApp:186 - Connection restablished
2024-09-30 17:11:38,647 [INFO] MainUpdater:2873 - connection check result : 10
2024-09-30 17:11:38,648 [INFO] MainUpdater:2873 - connection check result : 10
2024-09-30 17:11:38,691 [INFO] MicroXplorer:468 - Change Database Path : 
2024-09-30 17:11:38,692 [INFO] MicroXplorer:498 - Change Database Version : DB.6.0.121
2024-09-30 17:11:38,741 [ERROR] ProjectManagerView:394 - 
java.lang.NullPointerException: Cannot invoke "javax.swing.JTextField.getText()" because the return value of "java.util.List.get(int)" is null
	at com.st.microxplorer.plugins.projectmanager.gui.ProjectChoiceTab$10.caretUpdate(ProjectChoiceTab.java:2622) ~[filemanager.jar:?]
	at javax.swing.text.JTextComponent.fireCaretUpdate(JTextComponent.java:412) ~[?:?]
	at javax.swing.text.JTextComponent$MutableCaretEvent.fire(JTextComponent.java:4491) ~[?:?]
	at javax.swing.text.JTextComponent$MutableCaretEvent.stateChanged(JTextComponent.java:4513) ~[?:?]
	at javax.swing.text.DefaultCaret.fireStateChanged(DefaultCaret.java:842) ~[?:?]
	at javax.swing.text.DefaultCaret.changeCaretPosition(DefaultCaret.java:1313) ~[?:?]
	at javax.swing.text.DefaultCaret.handleSetDot(DefaultCaret.java:1212) ~[?:?]
	at javax.swing.text.DefaultCaret.setDot(DefaultCaret.java:1193) ~[?:?]
	at javax.swing.text.DefaultCaret$Handler.insertUpdate(DefaultCaret.java:1789) ~[?:?]
	at javax.swing.text.AbstractDocument.fireInsertUpdate(AbstractDocument.java:226) ~[?:?]
	at javax.swing.text.AbstractDocument.handleInsertString(AbstractDocument.java:780) ~[?:?]
	at javax.swing.text.AbstractDocument.insertString(AbstractDocument.java:739) ~[?:?]
	at javax.swing.text.PlainDocument.insertString(PlainDocument.java:131) ~[?:?]
	at javax.swing.text.AbstractDocument.replace(AbstractDocument.java:698) ~[?:?]
	at javax.swing.text.JTextComponent.setText(JTextComponent.java:1729) ~[?:?]
	at com.st.microxplorer.plugins.projectmanager.gui.ProjectChoiceTab.createHeapStackFields(ProjectChoiceTab.java:972) ~[filemanager.jar:?]
	at com.st.microxplorer.plugins.projectmanager.gui.ProjectChoiceTab.buildLinkSettingsPanel(ProjectChoiceTab.java:3597) ~[filemanager.jar:?]
	at com.st.microxplorer.plugins.projectmanager.gui.ProjectChoiceTab.defineWindowsFields(ProjectChoiceTab.java:1940) ~[filemanager.jar:?]
	at com.st.microxplorer.plugins.projectmanager.gui.ProjectChoiceTab.updateSettings(ProjectChoiceTab.java:550) ~[filemanager.jar:?]
	at com.st.microxplorer.plugins.projectmanager.gui.ProjectSettingsPanel.UpdateDialog(ProjectSettingsPanel.java:245) ~[filemanager.jar:?]
	at com.st.microxplorer.plugins.projectmanager.ProjectManagerView.propertyChange(ProjectManagerView.java:391) ~[filemanager.jar:?]
	at java.beans.PropertyChangeSupport.fire(PropertyChangeSupport.java:343) ~[?:?]
	at java.beans.PropertyChangeSupport.firePropertyChange(PropertyChangeSupport.java:335) ~[?:?]
	at java.beans.PropertyChangeSupport.firePropertyChange(PropertyChangeSupport.java:268) ~[?:?]
	at com.st.microxplorer.util.MXPropertyChangeSupport.firePropertyChange(MXPropertyChangeSupport.java:54) ~[STM32CubeMX.jar:?]
	at com.st.microxplorer.mxsystem.MxSystem.closeConfig(MxSystem.java:900) ~[STM32CubeMX.jar:?]
	at com.st.microxplorer.maingui.MainPanel.closeConfig(MainPanel.java:781) ~[STM32CubeMX.jar:?]
	at com.st.microxplorer.plugins.filemanager.engine.OpenFileManager.loadConfigurationFile(OpenFileManager.java:265) ~[filemanager.jar:?]
	at com.st.microxplorer.plugins.filemanager.engine.MainFileManager.userLoadConfig(MainFileManager.java:352) ~[filemanager.jar:?]
	at com.st.microxplorer.plugins.filemanager.engine.MainFileManager.userLoadConfig(MainFileManager.java:330) ~[filemanager.jar:?]
	at com.st.microxplorer.plugins.filemanager.FileManagerView.getSpecificTask(FileManagerView.java:246) ~[filemanager.jar:?]
	at com.st.stm32cube.common.mx.editor.CubeMxEditor.getMxTabbedPaneInstance(CubeMxEditor.java:1198) ~[com.st.stm32cube.common.mx_6.12.1.202409122256/:?]
	at com.st.stm32cube.common.mx.editor.CubeMxEditor$12$1.createSwingComponent(CubeMxEditor.java:1068) ~[com.st.stm32cube.common.mx_6.12.1.202409122256/:?]
	at com.st.stm32cube.common.mx.oss.core.awtswtbridge.EmbeddedSwingComposite.doComponentCreation(EmbeddedSwingComposite.java:492) ~[com.st.stm32cube.common.mx.oss_6.12.1.202409122256/:?]
	at com.st.stm32cube.common.mx.oss.core.awtswtbridge.EmbeddedSwingComposite$4.run(EmbeddedSwingComposite.java:291) ~[com.st.stm32cube.common.mx.oss_6.12.1.202409122256/:?]
	at com.st.stm32cube.common.mx.oss.core.awtswtbridge.AwtEnvironment$2.run(AwtEnvironment.java:166) ~[com.st.stm32cube.common.mx.oss_6.12.1.202409122256/:?]
	at java.awt.event.InvocationEvent.dispatch(InvocationEvent.java:318) ~[?:?]
	at java.awt.EventQueue.dispatchEventImpl(EventQueue.java:773) ~[?:?]
	at java.awt.EventQueue$4.run(EventQueue.java:720) ~[?:?]
	at java.awt.EventQueue$4.run(EventQueue.java:714) ~[?:?]
	at java.security.AccessController.doPrivileged(AccessController.java:399) ~[?:?]
	at java.security.ProtectionDomain$JavaSecurityAccessImpl.doIntersectionPrivilege(ProtectionDomain.java:86) ~[?:?]
	at java.awt.EventQueue.dispatchEvent(EventQueue.java:742) ~[?:?]
	at java.awt.EventDispatchThread.pumpOneEventForFilters(EventDispatchThread.java:203) ~[?:?]
	at java.awt.EventDispatchThread.pumpEventsForFilter(EventDispatchThread.java:124) ~[?:?]
	at java.awt.EventDispatchThread.pumpEventsForHierarchy(EventDispatchThread.java:113) ~[?:?]
	at java.awt.EventDispatchThread.pumpEvents(EventDispatchThread.java:109) ~[?:?]
	at java.awt.EventDispatchThread.pumpEvents(EventDispatchThread.java:101) ~[?:?]
	at java.awt.EventDispatchThread.run(EventDispatchThread.java:90) ~[?:?]
2024-09-30 17:11:38,757 [WARN] ThirdParty:871 - waiting for thirdparty lock release [close project]
2024-09-30 17:11:38,757 [INFO] ThirdParty:873 - entering critical section [close project]
2024-09-30 17:11:38,757 [INFO] ThirdParty:883 - exiting critical section [close project]
2024-09-30 17:11:38,760 [INFO] PinOutPanel:1561 - setPackage(No Configuration,No Configuration)
2024-09-30 17:11:38,777 [WARN] IpParametersView:151 - Warning: This peripheral hasn't parameters
2024-09-30 17:11:38,794 [WARN] MainPanel:284 - <html><b><center>Warning: This peripheral has no parameters to be configured<br></b></html>
2024-09-30 17:11:38,810 [INFO] UtilMem:75 - Begin LoadConfig() Used Memory: 342113080 Bytes (968884224)
2024-09-30 17:11:38,811 [INFO] MicroXplorer:468 - Change Database Path : 
2024-09-30 17:11:38,811 [INFO] MicroXplorer:498 - Change Database Version : DB.6.0.121
2024-09-30 17:11:38,811 [INFO] OpenFileManager:332 - Change cursor
2024-09-30 17:11:38,887 [INFO] RulesReader:64 - Compatibility file has been processed (297 Rules)
2024-09-30 17:11:38,932 [INFO] Mcu:2032 - Initializing MCU STM32F407V(E-G)Tx STM32F407VGTx STM32F407VGT6
2024-09-30 17:11:41,512 [INFO] Context:742 - Trying to add GPIOservice into a context  which must be forbidden
2024-09-30 17:11:42,462 [INFO] RtosManager:555 - Registered RTOS mode: class=CMSIS, group=RTOS, mode=CMSIS_V1, owner=FREERTOS
2024-09-30 17:11:42,462 [INFO] RtosManager:555 - Registered RTOS mode: class=CMSIS, group=RTOS2, mode=CMSIS_V2, owner=FREERTOS
2024-09-30 17:11:42,463 [INFO] RtosManager:555 - Registered RTOS mode: class=RTOS, group=Core, mode=CMSIS_V1, owner=FREERTOS
2024-09-30 17:11:42,463 [INFO] RtosManager:555 - Registered RTOS mode: class=RTOS, group=Core, mode=CMSIS_V2, owner=FREERTOS
2024-09-30 17:11:42,463 [WARN] ModelIntegratedComponent:184 - Missing modes for component STMicroelectronics:FreeRTOS:0.0.1:STMicroelectronics:RTOS:FreeRTOS:Core:::10.2.0:
2024-09-30 17:11:42,477 [WARN] ModelIntegratedComponent:63 - No mode defined for component null
2024-09-30 17:11:42,478 [WARN] ModelIntegratedComponent:63 - No mode defined for component null
2024-09-30 17:11:42,478 [WARN] ModelIntegratedComponent:63 - No mode defined for component null
2024-09-30 17:11:42,478 [WARN] ModelIntegratedComponent:63 - No mode defined for component null
2024-09-30 17:11:42,478 [WARN] ModelIntegratedComponent:63 - No mode defined for component null
2024-09-30 17:11:42,478 [WARN] ModelIntegratedComponent:63 - No mode defined for component null
2024-09-30 17:11:42,478 [WARN] ModelIntegratedComponent:63 - No mode defined for component null
2024-09-30 17:11:42,478 [WARN] ModelIntegratedComponent:63 - No mode defined for component null
2024-09-30 17:11:42,478 [WARN] ModelIntegratedComponent:63 - No mode defined for component null
2024-09-30 17:11:42,478 [WARN] ModelIntegratedComponent:63 - No mode defined for component null
2024-09-30 17:11:42,478 [WARN] ModelIntegratedComponent:63 - No mode defined for component null
2024-09-30 17:11:42,478 [WARN] ModelIntegratedComponent:63 - No mode defined for component null
2024-09-30 17:11:42,478 [WARN] ModelIntegratedComponent:63 - No mode defined for component null
2024-09-30 17:11:42,478 [WARN] ModelIntegratedComponent:63 - No mode defined for component null
2024-09-30 17:11:42,478 [WARN] ModelIntegratedComponent:63 - No mode defined for component null
2024-09-30 17:11:42,479 [WARN] ModelIntegratedComponent:63 - No mode defined for component null
2024-09-30 17:11:42,479 [WARN] ModelIntegratedComponent:63 - No mode defined for component null
2024-09-30 17:11:42,479 [WARN] ModelIntegratedComponent:63 - No mode defined for component null
2024-09-30 17:11:42,479 [WARN] ModelIntegratedComponent:63 - No mode defined for component null
2024-09-30 17:11:42,479 [WARN] ModelIntegratedComponent:63 - No mode defined for component null
2024-09-30 17:11:42,479 [WARN] ModelIntegratedComponent:63 - No mode defined for component null
2024-09-30 17:11:42,479 [WARN] ModelIntegratedComponent:63 - No mode defined for component null
2024-09-30 17:11:42,479 [WARN] ModelIntegratedComponent:63 - No mode defined for component null
2024-09-30 17:11:42,479 [WARN] ModelIntegratedComponent:63 - No mode defined for component null
2024-09-30 17:11:42,480 [WARN] ModelIntegratedComponent:63 - No mode defined for component null
2024-09-30 17:11:42,480 [WARN] ModelIntegratedComponent:63 - No mode defined for component null
2024-09-30 17:11:42,481 [WARN] ModelIntegratedComponent:63 - No mode defined for component null
2024-09-30 17:11:42,481 [WARN] ModelIntegratedComponent:63 - No mode defined for component null
2024-09-30 17:11:42,481 [WARN] ModelIntegratedComponent:63 - No mode defined for component null
2024-09-30 17:11:42,481 [WARN] ModelIntegratedComponent:63 - No mode defined for component null
2024-09-30 17:11:42,481 [WARN] ModelIntegratedComponent:63 - No mode defined for component null
2024-09-30 17:11:42,481 [WARN] ModelIntegratedComponent:63 - No mode defined for component null
2024-09-30 17:11:42,481 [WARN] ModelIntegratedComponent:63 - No mode defined for component null
2024-09-30 17:11:42,481 [WARN] ModelIntegratedComponent:63 - No mode defined for component null
2024-09-30 17:11:42,481 [WARN] ModelIntegratedComponent:63 - No mode defined for component null
2024-09-30 17:11:42,481 [WARN] ModelPack:524 - Component already loaded: STMicroelectronics:HAL Drivers:0.0.0:STMicroelectronics:Device:STMicro_Driver:XSPI:HAL::0.0.1:HAL_XSPI
2024-09-30 17:11:42,522 [INFO] ThirdPartyModel:298 - Start build external matchings
2024-09-30 17:11:43,404 [INFO] ThirdPartyModel:316 - End build external matchings
2024-09-30 17:11:43,426 [INFO] ImportTextPane:205 - (OptionalMessage_ERROR) IP (RCC) : Parameter (RTCHSEDivFreq_Value) has invalid value (4000000)
2024-09-30 17:11:43,427 [WARN] IP:2191 - DEVICE_SERIAL0_CDC_FS not found: check if there is a RefParameter without a condition.
2024-09-30 17:11:43,427 [WARN] IP:2191 - DEVICE_SERIAL1_CDC_FS not found: check if there is a RefParameter without a condition.
2024-09-30 17:11:43,427 [WARN] IP:2191 - DEVICE_SERIAL2_CDC_FS not found: check if there is a RefParameter without a condition.
2024-09-30 17:11:43,899 [INFO] UtilMem:75 - End LoadConfig() Used Memory: 777773456 Bytes (1029701632)
2024-09-30 17:11:43,943 [WARN] ThirdParty:833 - waiting for thirdparty lock release [change project]
2024-09-30 17:11:43,944 [INFO] ThirdParty:835 - entering critical section [change project]
2024-09-30 17:11:43,944 [INFO] ThirdParty:1030 - CMSIS Pack Vendor :STMicroelectronics X-CUBE-ISPU 1.1.0
2024-09-30 17:11:43,944 [INFO] ThirdParty:1030 - CMSIS Pack Vendor :STMicroelectronics USBPD 4.1
2024-09-30 17:11:43,945 [INFO] ThirdParty:1030 - CMSIS Pack Vendor :STMicroelectronics X-CUBE-AZRTOS-H7 3.3.0
2024-09-30 17:11:43,945 [INFO] ThirdParty:1030 - CMSIS Pack Vendor :STMicroelectronics X-CUBE-NFC9 1.0.0
2024-09-30 17:11:43,945 [INFO] ThirdParty:1030 - CMSIS Pack Vendor :STMicroelectronics X-CUBE-GNSS1 6.0.0
2024-09-30 17:11:43,945 [INFO] ThirdParty:1030 - CMSIS Pack Vendor :STMicroelectronics USB_HOST 2.0.0
2024-09-30 17:11:43,945 [INFO] ThirdParty:1030 - CMSIS Pack Vendor :STMicroelectronics FP-SNS-MOTENVWB1 1.4.0
2024-09-30 17:11:43,945 [INFO] ThirdParty:1030 - CMSIS Pack Vendor :STMicroelectronics X-CUBE-AZRTOS-F4 1.1.0
2024-09-30 17:11:43,945 [INFO] ThirdParty:1030 - CMSIS Pack Vendor :STMicroelectronics LIBJPEG 8.0.0
2024-09-30 17:11:43,945 [INFO] ThirdParty:1030 - CMSIS Pack Vendor :STMicroelectronics X-CUBE-SMBUS 2.1.0
2024-09-30 17:11:43,945 [INFO] ThirdParty:1030 - CMSIS Pack Vendor :wolfSSL I-CUBE-wolfSSL 5.6.0
2024-09-30 17:11:43,945 [INFO] ThirdParty:1030 - CMSIS Pack Vendor :STMicroelectronics USB_DEVICE 3.0.0
2024-09-30 17:11:43,955 [INFO] ThirdParty:1030 - CMSIS Pack Vendor :STMicroelectronics X-CUBE-TCPP 4.1.0
2024-09-30 17:11:43,955 [INFO] ThirdParty:1030 - CMSIS Pack Vendor :STMicroelectronics X-CUBE-ISPU 2.1.0
2024-09-30 17:11:43,956 [INFO] ThirdParty:1030 - CMSIS Pack Vendor :STMicroelectronics X-CUBE-FREERTOS 1.2.0
2024-09-30 17:11:43,956 [INFO] ThirdParty:1030 - CMSIS Pack Vendor :STMicroelectronics X-CUBE-AZRTOS-WB 2.0.0
2024-09-30 17:11:43,956 [INFO] ThirdParty:1030 - CMSIS Pack Vendor :STMicroelectronics X-CUBE-FREERTOS 1.0.1
2024-09-30 17:11:43,956 [INFO] ThirdParty:1030 - CMSIS Pack Vendor :STMicroelectronics X-CUBE-GNSS1 7.0.0
2024-09-30 17:11:43,956 [INFO] ThirdParty:1030 - CMSIS Pack Vendor :STMicroelectronics X-CUBE-AZRTOS-F7 1.1.0
2024-09-30 17:11:43,956 [INFO] ThirdParty:1030 - CMSIS Pack Vendor :STMicroelectronics X-CUBE-TOUCHGFX 4.21.4
2024-09-30 17:11:43,956 [INFO] ThirdParty:1030 - CMSIS Pack Vendor :STMicroelectronics X-CUBE-AZRTOS-L5 2.0.0
2024-09-30 17:11:43,956 [INFO] ThirdParty:1030 - CMSIS Pack Vendor :STMicroelectronics USB_DEVICE 2.0.0
2024-09-30 17:11:43,956 [INFO] ThirdParty:1030 - CMSIS Pack Vendor :STMicroelectronics X-CUBE-MEMS1 9.6.0
2024-09-30 17:11:43,956 [INFO] ThirdParty:1030 - CMSIS Pack Vendor :STMicroelectronics X-CUBE-NFC6 3.1.0
2024-09-30 17:11:43,956 [INFO] ThirdParty:1030 - CMSIS Pack Vendor :STMicroelectronics FP-SNS-STBOX1 2.0.0
2024-09-30 17:11:43,956 [INFO] ThirdParty:1030 - CMSIS Pack Vendor :STMicroelectronics FP-SNS-MOTENV1 4.3.1
2024-09-30 17:11:43,956 [INFO] ThirdParty:1030 - CMSIS Pack Vendor :STMicroelectronics FP-SNS-FLIGHT1 5.0.1
2024-09-30 17:11:43,956 [INFO] ThirdParty:1030 - CMSIS Pack Vendor :STMicroelectronics X-CUBE-ALGOBUILD 1.3.0
2024-09-30 17:11:43,957 [INFO] ThirdParty:1030 - CMSIS Pack Vendor :STMicroelectronics X-CUBE-MEMS1 11.0.0
2024-09-30 17:11:43,957 [INFO] ThirdParty:1030 - CMSIS Pack Vendor :STMicroelectronics X-CUBE-BLE1 6.2.4
2024-09-30 17:11:43,957 [INFO] ThirdParty:1030 - CMSIS Pack Vendor :STMicroelectronics X-CUBE-AZRTOS-L5 1.1.0
2024-09-30 17:11:43,957 [INFO] ThirdParty:1030 - CMSIS Pack Vendor :STMicroelectronics FreeRTOS 0.0.1
2024-09-30 17:11:43,957 [INFO] ThirdParty:1030 - CMSIS Pack Vendor :STMicroelectronics X-CUBE-AZRTOS-G0 1.1.0
2024-09-30 17:11:43,957 [INFO] ThirdParty:1030 - CMSIS Pack Vendor :emotas I-CUBE-CANOPEN 1.1.3
2024-09-30 17:11:43,957 [INFO] ThirdParty:1030 - CMSIS Pack Vendor :STMicroelectronics X-CUBE-BLEMGR 2.0.0
2024-09-30 17:11:43,957 [INFO] ThirdParty:1030 - CMSIS Pack Vendor :STMicroelectronics X-CUBE-AI 8.0.1
2024-09-30 17:11:43,957 [INFO] ThirdParty:1030 - CMSIS Pack Vendor :STMicroelectronics X-CUBE-SAFEA1 1.2.2
2024-09-30 17:11:43,957 [INFO] ThirdParty:1030 - CMSIS Pack Vendor :STMicroelectronics X-CUBE-NFC4 3.0.0
2024-09-30 17:11:43,957 [INFO] ThirdParty:1030 - CMSIS Pack Vendor :STMicroelectronics X-CUBE-DPower 1.2.0
2024-09-30 17:11:43,957 [INFO] ThirdParty:1030 - CMSIS Pack Vendor :STMicroelectronics X-CUBE-SUBG2 5.0.0
2024-09-30 17:11:43,957 [INFO] ThirdParty:1030 - CMSIS Pack Vendor :STMicroelectronics STM32_WPAN 1.0.0
2024-09-30 17:11:43,957 [INFO] ThirdParty:1030 - CMSIS Pack Vendor :EmbeddedOffice I-CUBE-FS-RTOS 1.0.1
2024-09-30 17:11:43,958 [INFO] ThirdParty:1030 - CMSIS Pack Vendor :STMicroelectronics lwIP 2.0.3
2024-09-30 17:11:43,958 [INFO] ThirdParty:1030 - CMSIS Pack Vendor :STMicroelectronics FP-SNS-FLIGHT1 5.0.2
2024-09-30 17:11:43,958 [INFO] ThirdParty:1030 - CMSIS Pack Vendor :Cesanta I-CUBE-Mongoose 7.13.0
2024-09-30 17:11:43,958 [INFO] ThirdParty:1030 - CMSIS Pack Vendor :STMicroelectronics USB_HOST 1.0.0
2024-09-30 17:11:43,958 [INFO] ThirdParty:1030 - CMSIS Pack Vendor :STMicroelectronics X-CUBE-AI 9.0.0
2024-09-30 17:11:43,958 [INFO] ThirdParty:1030 - CMSIS Pack Vendor :STMicroelectronics X-CUBE-AZRTOS-G4 2.0.0
2024-09-30 17:11:43,958 [INFO] ThirdParty:1030 - CMSIS Pack Vendor :STMicroelectronics PDM2PCM 3.1.0
2024-09-30 17:11:43,958 [INFO] ThirdParty:1030 - CMSIS Pack Vendor :STMicroelectronics X-CUBE-AZRTOS-H7 3.1.0
2024-09-30 17:11:43,958 [INFO] ThirdParty:1030 - CMSIS Pack Vendor :STMicroelectronics X-CUBE-TOF1 3.3.0
2024-09-30 17:11:43,958 [INFO] ThirdParty:1030 - CMSIS Pack Vendor :STMicroelectronics PDM2PCM 3.3.0
2024-09-30 17:11:43,958 [INFO] ThirdParty:1030 - CMSIS Pack Vendor :STMicroelectronics X-CUBE-DISPLAY 3.0.0
2024-09-30 17:11:43,958 [INFO] ThirdParty:1030 - CMSIS Pack Vendor :RealThread X-CUBE-RT-Thread_Nano 4.1.1
2024-09-30 17:11:43,958 [INFO] ThirdParty:1030 - CMSIS Pack Vendor :STMicroelectronics X-CUBE-BLE1 7.0.0
2024-09-30 17:11:43,958 [INFO] ThirdParty:1030 - CMSIS Pack Vendor :STMicroelectronics FP-ATR-SIGFOX1 3.2.0
2024-09-30 17:11:43,958 [INFO] ThirdParty:1030 - CMSIS Pack Vendor :STMicroelectronics X-CUBE-NFC10 1.0.0
2024-09-30 17:11:43,959 [INFO] ThirdParty:1030 - CMSIS Pack Vendor :STMicroelectronics X-CUBE-EEPRMA1 5.1.0
2024-09-30 17:11:43,959 [INFO] ThirdParty:1030 - CMSIS Pack Vendor :STMicroelectronics HAL Drivers 0.0.0
2024-09-30 17:11:43,959 [INFO] ThirdParty:1030 - CMSIS Pack Vendor :STMicroelectronics MBEDTLS 2.16.2
2024-09-30 17:11:43,959 [INFO] ThirdParty:1030 - CMSIS Pack Vendor :STMicroelectronics X-CUBE-ALS 1.0.2
2024-09-30 17:11:43,959 [INFO] ThirdParty:1030 - CMSIS Pack Vendor :STMicroelectronics X-CUBE-NFC7 1.0.1
2024-09-30 17:11:43,959 [INFO] ThirdParty:1030 - CMSIS Pack Vendor :STMicroelectronics MBEDTLS 2.14.1
2024-09-30 17:11:43,959 [INFO] ThirdParty:1030 - CMSIS Pack Vendor :ITTIA_DB I-CUBE-ITTIADB 8.9.0
2024-09-30 17:11:43,959 [INFO] ThirdParty:1030 - CMSIS Pack Vendor :STMicroelectronics X-CUBE-TOUCHGFX 4.24.1
2024-09-30 17:11:43,959 [INFO] ThirdParty:1030 - CMSIS Pack Vendor :wolfSSL I-CUBE-wolfTPM 3.4.0
2024-09-30 17:11:43,959 [INFO] ThirdParty:1030 - CMSIS Pack Vendor :STMicroelectronics X-CUBE-EEPRMA1 4.1.0
2024-09-30 17:11:43,959 [INFO] ThirdParty:1030 - CMSIS Pack Vendor :portGmbH I-Cube-SoM-uGOAL 1.1.0
2024-09-30 17:11:43,959 [INFO] ThirdParty:1030 - CMSIS Pack Vendor :STMicroelectronics X-CUBE-ALS 1.0.1
2024-09-30 17:11:43,959 [INFO] ThirdParty:1030 - CMSIS Pack Vendor :STMicroelectronics X-CUBE-BLEMGR 3.1.0
2024-09-30 17:11:43,959 [INFO] ThirdParty:1030 - CMSIS Pack Vendor :STMicroelectronics ThreadX 1.0.0
2024-09-30 17:11:43,959 [INFO] ThirdParty:1030 - CMSIS Pack Vendor :STMicroelectronics FP-SNS-SMARTAG2 1.2.0
2024-09-30 17:11:43,959 [INFO] ThirdParty:1030 - CMSIS Pack Vendor :STMicroelectronics X-CUBE-AZRTOS-WB 1.1.0
2024-09-30 17:11:43,959 [INFO] ThirdParty:1030 - CMSIS Pack Vendor :STMicroelectronics X-CUBE-AZRTOS-WL 2.0.0
2024-09-30 17:11:43,959 [INFO] ThirdParty:1030 - CMSIS Pack Vendor :SEGGER I-CUBE-embOS 1.3.1
2024-09-30 17:11:43,959 [INFO] ThirdParty:1030 - CMSIS Pack Vendor :STMicroelectronics X-CUBE-ALGOBUILD 1.4.0
2024-09-30 17:11:43,960 [INFO] ThirdParty:1030 - CMSIS Pack Vendor :STMicroelectronics FP-SNS-MOTENV1 5.0.0
2024-09-30 17:11:43,960 [INFO] ThirdParty:1030 - CMSIS Pack Vendor :STMicroelectronics USB_DEVICE 1.0.0
2024-09-30 17:11:43,960 [INFO] ThirdParty:1030 - CMSIS Pack Vendor :STMicroelectronics X-CUBE-AZRTOS-H7RS 1.0.0
2024-09-30 17:11:43,960 [INFO] ThirdParty:1030 - CMSIS Pack Vendor :wolfSSL I-CUBE-wolfMQTT 1.19.0
2024-09-30 17:11:43,960 [INFO] ThirdParty:1030 - CMSIS Pack Vendor :STMicroelectronics X-CUBE-AZRTOS-L4 2.0.0
2024-09-30 17:11:43,960 [INFO] ThirdParty:1030 - CMSIS Pack Vendor :STMicroelectronics ThreadX 0.0.2
2024-09-30 17:11:43,960 [INFO] ThirdParty:1030 - CMSIS Pack Vendor :WES I-CUBE-Cesium 1.3.0
2024-09-30 17:11:43,960 [INFO] ThirdParty:1030 - CMSIS Pack Vendor :STMicroelectronics FP-ATR-ASTRA1 2.0.0
2024-09-30 17:11:43,960 [INFO] ThirdParty:1030 - CMSIS Pack Vendor :STMicroelectronics lwIP 2.1.2
2024-09-30 17:11:43,960 [INFO] ThirdParty:1030 - CMSIS Pack Vendor :STMicroelectronics X-CUBE-SFXS2LP1 4.0.0
2024-09-30 17:11:43,960 [INFO] ThirdParty:1030 - CMSIS Pack Vendor :STMicroelectronics X-CUBE-BLE2 3.3.0
2024-09-30 17:11:43,960 [INFO] ThirdParty:1030 - CMSIS Pack Vendor :STMicroelectronics X-CUBE-TOF1 3.4.2
2024-09-30 17:11:43,960 [INFO] ThirdParty:1030 - CMSIS Pack Vendor :Infineon AIROC-Wi-Fi-Bluetooth-STM32 1.6.1
2024-09-30 17:11:43,960 [INFO] ThirdParty:1030 - CMSIS Pack Vendor :STMicroelectronics PDM2PCM 3.2.0
2024-09-30 17:11:43,960 [INFO] ThirdParty:1030 - CMSIS Pack Vendor :wolfSSL I-CUBE-wolfSSH 1.4.17
2024-09-30 17:11:43,961 [INFO] ThirdParty:841 - exiting critical section [change project]
2024-09-30 17:11:44,342 [INFO] PinOutPanel:1561 - setPackage(No Configuration,No Configuration)
2024-09-30 17:11:44,343 [INFO] PinOutPanel:1561 - setPackage(STM32F407VGTx,LQFP100)
2024-09-30 17:11:44,811 [INFO] UtilMem:75 - Before build in PCC Used Memory: 410769208 Bytes (1029701632)
2024-09-30 17:11:45,496 [INFO] UtilMem:75 - After build in PCC Used Memory: 453760824 Bytes (1029701632)
2024-09-30 17:11:45,508 [INFO] ApiDbMcu:508 - Load IP Config File for USB_DEVICE
2024-09-30 17:11:45,550 [INFO] IPUIPlugin:80 - create IPUIPlugin
2024-09-30 17:11:45,550 [INFO] IPUIPlugin:80 - create IPUIPlugin
2024-09-30 17:11:45,551 [INFO] IPUIPlugin:80 - create IPUIPlugin
2024-09-30 17:11:45,551 [INFO] IPUIPlugin:80 - create IPUIPlugin
2024-09-30 17:11:45,551 [INFO] IPUIPlugin:80 - create IPUIPlugin
2024-09-30 17:11:45,551 [INFO] IPUIPlugin:80 - create IPUIPlugin
2024-09-30 17:11:45,551 [INFO] IPUIPlugin:80 - create IPUIPlugin
2024-09-30 17:11:45,551 [INFO] IPUIPlugin:80 - create IPUIPlugin
2024-09-30 17:11:45,551 [INFO] IPUIPlugin:80 - create IPUIPlugin
2024-09-30 17:11:45,552 [INFO] IPUIPlugin:80 - create IPUIPlugin
2024-09-30 17:11:45,552 [INFO] IPUIPlugin:80 - create IPUIPlugin
2024-09-30 17:11:45,552 [INFO] IPUIPlugin:80 - create IPUIPlugin
2024-09-30 17:11:45,552 [INFO] IPUIPlugin:80 - create IPUIPlugin
2024-09-30 17:11:45,552 [INFO] IPUIPlugin:80 - create IPUIPlugin
2024-09-30 17:11:45,552 [INFO] IPUIPlugin:80 - create IPUIPlugin
2024-09-30 17:11:45,552 [INFO] IPUIPlugin:80 - create IPUIPlugin
2024-09-30 17:11:45,553 [INFO] IPUIPlugin:80 - create IPUIPlugin
2024-09-30 17:11:45,553 [INFO] IPUIPlugin:80 - create IPUIPlugin
2024-09-30 17:11:45,553 [INFO] IPUIPlugin:80 - create IPUIPlugin
2024-09-30 17:11:45,553 [INFO] IPUIPlugin:80 - create IPUIPlugin
2024-09-30 17:11:45,553 [INFO] IPUIPlugin:80 - create IPUIPlugin
2024-09-30 17:11:45,554 [INFO] IPUIPlugin:80 - create IPUIPlugin
2024-09-30 17:11:45,554 [INFO] IPUIPlugin:80 - create IPUIPlugin
2024-09-30 17:11:45,554 [INFO] IPUIPlugin:80 - create IPUIPlugin
2024-09-30 17:11:45,555 [INFO] IPUIPlugin:80 - create IPUIPlugin
2024-09-30 17:11:45,555 [INFO] IPUIPlugin:80 - create IPUIPlugin
2024-09-30 17:11:45,555 [INFO] IPUIPlugin:80 - create IPUIPlugin
2024-09-30 17:11:45,556 [INFO] IPUIPlugin:80 - create IPUIPlugin
2024-09-30 17:11:45,556 [INFO] IPUIPlugin:80 - create IPUIPlugin
2024-09-30 17:11:45,556 [INFO] IPUIPlugin:80 - create IPUIPlugin
2024-09-30 17:11:45,557 [INFO] IPUIPlugin:80 - create IPUIPlugin
2024-09-30 17:11:45,557 [INFO] IPUIPlugin:80 - create IPUIPlugin
2024-09-30 17:11:45,557 [INFO] IPUIPlugin:80 - create IPUIPlugin
2024-09-30 17:11:45,558 [INFO] IPUIPlugin:80 - create IPUIPlugin
2024-09-30 17:11:45,558 [INFO] IPUIPlugin:80 - create IPUIPlugin
2024-09-30 17:11:45,559 [INFO] IPUIPlugin:80 - create IPUIPlugin
2024-09-30 17:11:45,559 [INFO] IPUIPlugin:80 - create IPUIPlugin
2024-09-30 17:11:45,559 [INFO] IPUIPlugin:80 - create IPUIPlugin
2024-09-30 17:11:45,560 [INFO] IPUIPlugin:80 - create IPUIPlugin
2024-09-30 17:11:45,560 [INFO] IPUIPlugin:80 - create IPUIPlugin
2024-09-30 17:11:45,560 [INFO] IPUIPlugin:80 - create IPUIPlugin
2024-09-30 17:11:45,561 [INFO] IPUIPlugin:80 - create IPUIPlugin
2024-09-30 17:11:45,561 [INFO] IPUIPlugin:80 - create IPUIPlugin
2024-09-30 17:11:45,562 [INFO] IPUIPlugin:80 - create IPUIPlugin
2024-09-30 17:11:45,562 [INFO] IPUIPlugin:80 - create IPUIPlugin
2024-09-30 17:11:45,563 [INFO] IPUIPlugin:80 - create IPUIPlugin
2024-09-30 17:11:45,563 [INFO] IPUIPlugin:80 - create IPUIPlugin
2024-09-30 17:11:45,564 [INFO] IPUIPlugin:80 - create IPUIPlugin
2024-09-30 17:11:45,565 [INFO] IPUIPlugin:80 - create IPUIPlugin
2024-09-30 17:11:45,566 [INFO] IPUIPlugin:80 - create IPUIPlugin
2024-09-30 17:11:45,567 [INFO] IPUIPlugin:80 - create IPUIPlugin
2024-09-30 17:11:45,568 [INFO] IPUIPlugin:80 - create IPUIPlugin
2024-09-30 17:11:45,568 [INFO] IPUIPlugin:80 - create IPUIPlugin
2024-09-30 17:11:45,569 [INFO] IPUIPlugin:80 - create IPUIPlugin
2024-09-30 17:11:45,570 [INFO] IPUIPlugin:80 - create IPUIPlugin
2024-09-30 17:11:45,571 [INFO] IPUIPlugin:80 - create IPUIPlugin
2024-09-30 17:11:45,572 [INFO] IPUIPlugin:80 - create IPUIPlugin
2024-09-30 17:11:45,573 [INFO] IPUIPlugin:80 - create IPUIPlugin
2024-09-30 17:11:45,600 [INFO] ApiDbMcu:508 - Load IP Config File for PDM2PCM
2024-09-30 17:11:45,697 [INFO] CADModel:165 - CPN selected for project levelSTM32F407VGT6
2024-09-30 17:11:45,698 [INFO] CADModel:114 - Register for checkConnection events
2024-09-30 17:11:45,763 [INFO] OpenFileManager:363 - Restore cursor
2024-09-30 17:11:45,799 [WARN] IP:2191 - DEVICE_SERIAL0_CDC_FS not found: check if there is a RefParameter without a condition.
2024-09-30 17:11:45,800 [WARN] IP:2191 - DEVICE_SERIAL1_CDC_FS not found: check if there is a RefParameter without a condition.
2024-09-30 17:11:45,800 [WARN] IP:2191 - DEVICE_SERIAL2_CDC_FS not found: check if there is a RefParameter without a condition.
2024-09-30 17:11:45,801 [WARN] IP:2191 - DEVICE_SERIAL0_CDC_FS not found: check if there is a RefParameter without a condition.
2024-09-30 17:11:45,802 [WARN] IP:2191 - DEVICE_SERIAL1_CDC_FS not found: check if there is a RefParameter without a condition.
2024-09-30 17:11:45,802 [WARN] IP:2191 - DEVICE_SERIAL2_CDC_FS not found: check if there is a RefParameter without a condition.
2024-09-30 20:14:11,179 [INFO] WebApp:189 - Connection lost
2024-09-30 20:14:11,522 [INFO] WebApp:186 - Connection restablished
2024-09-30 20:14:18,152 [INFO] WebApp:189 - Connection lost
2024-09-30 20:14:18,432 [INFO] WebApp:186 - Connection restablished
2024-09-30 20:28:19,684 [INFO] WebApp:189 - Connection lost
2024-09-30 20:28:19,853 [INFO] WebApp:186 - Connection restablished
2024-09-30 20:32:36,691 [INFO] WebApp:189 - Connection lost
2024-09-30 20:32:36,972 [INFO] WebApp:186 - Connection restablished
