2024-09-26 17:00:35,006 [INFO] Activator:176 - 


2024-09-26 17:00:35,008 [INFO] Activator:177 - !SESSION log4j initialized
2024-09-26 17:01:07,198 [INFO] LogOutputStream:77 - [STDOUT_REDIRECT] 
2024-09-26 17:01:43,466 [INFO] ApplicationProperties:184 - Using Application install path: C:\ST\STM32CubeIDE_1.15.0\STM32CubeIDE\plugins\com.st.stm32cube.common.mx_6.11.0.202403141607
2024-09-26 17:01:43,548 [INFO] DbMcusXml:78 - Set database path to: C:\ST\STM32CubeIDE_1.15.0\STM32CubeIDE\plugins\com.st.stm32cube.common.mx_6.11.0.202403141607\\db\/mcu/
2024-09-26 17:01:43,549 [INFO] ApiDb:274 - Set plugin database path to: C:\ST\STM32CubeIDE_1.15.0\STM32CubeIDE\plugins\com.st.stm32cube.common.mx_6.11.0.202403141607\\db\/plugins/boardmanager/
2024-09-26 17:01:43,549 [WARN] ApiDb:259 - Overriding images path with different value:  => C:\ST\STM32CubeIDE_1.15.0\STM32CubeIDE\plugins\com.st.stm32cube.common.mx_6.11.0.202403141607\\db\/plugins/mcufinder/images/
2024-09-26 17:01:43,572 [INFO] ApiDb:250 - Set database path to: C:\Users\fahru\.stmcufinder\plugins\mcufinder//mcu/
2024-09-26 17:01:43,575 [INFO] DbMcusAds:125 - Set database path to: C:\Users\fahru\.stmcufinder\plugins\mcufinder//mcu/
2024-09-26 17:01:43,592 [INFO] CrossReferenceDbSqlite:203 - Set database path to: C:\Users\fahru\.stmcufinder\plugins\mcufinder//mcu/cs/
2024-09-26 17:01:44,585 [INFO] RulesReader:64 - Compatibility file has been processed (297 Rules)
2024-09-26 17:01:44,835 [INFO] DbMcusXml:78 - Set database path to: C:\ST\STM32CubeIDE_1.15.0\STM32CubeIDE\plugins\com.st.stm32cube.common.mx_6.11.0.202403141607\\db\/mcu/
2024-09-26 17:01:44,835 [INFO] ApiDb:274 - Set plugin database path to: C:\ST\STM32CubeIDE_1.15.0\STM32CubeIDE\plugins\com.st.stm32cube.common.mx_6.11.0.202403141607\\db\/plugins/boardmanager/
2024-09-26 17:01:44,835 [INFO] ApiDb:261 - Set plugin images path to: C:\ST\STM32CubeIDE_1.15.0\STM32CubeIDE\plugins\com.st.stm32cube.common.mx_6.11.0.202403141607\\db\/plugins/mcufinder/images/
2024-09-26 17:01:44,835 [WARN] DbFile:41 - Overriding database path with different value: C:\Users\fahru\.stmcufinder\plugins\mcufinder/ => C:\Users\fahru\.stmcufinder\plugins\mcufinder
2024-09-26 17:01:44,835 [INFO] ApiDb:250 - Set database path to: C:\Users\fahru\.stmcufinder\plugins\mcufinder//mcu/
2024-09-26 17:01:44,835 [WARN] DbFile:41 - Overriding database path with different value: C:\Users\fahru\.stmcufinder\plugins\mcufinder/ => C:\Users\fahru\.stmcufinder\plugins\mcufinder
2024-09-26 17:01:44,835 [INFO] DbMcusAds:125 - Set database path to: C:\Users\fahru\.stmcufinder\plugins\mcufinder//mcu/
2024-09-26 17:01:44,851 [WARN] DbFile:41 - Overriding database path with different value: C:\Users\fahru\.stmcufinder\plugins\mcufinder/ => C:\Users\fahru\.stmcufinder\plugins\mcufinder
2024-09-26 17:01:44,851 [WARN] DbFile:41 - Overriding database path with different value: C:\Users\fahru\.stmcufinder\plugins\mcufinder/ => C:\Users\fahru\.stmcufinder\plugins\mcufinder
2024-09-26 17:01:44,851 [INFO] CrossReferenceDbSqlite:203 - Set database path to: C:\Users\fahru\.stmcufinder\plugins\mcufinder//mcu/cs/
2024-09-26 17:01:45,101 [INFO] MainPanel:264 - HeapMemory: 268435456
2024-09-26 17:01:45,599 [INFO] DbMcusXml:78 - Set database path to: C:\ST\STM32CubeIDE_1.15.0\STM32CubeIDE\plugins\com.st.stm32cube.common.mx_6.11.0.202403141607\\db\/mcu/
2024-09-26 17:01:45,599 [INFO] ApiDb:274 - Set plugin database path to: C:\ST\STM32CubeIDE_1.15.0\STM32CubeIDE\plugins\com.st.stm32cube.common.mx_6.11.0.202403141607\\db\/plugins/boardmanager/
2024-09-26 17:01:45,599 [INFO] ApiDb:261 - Set plugin images path to: C:\ST\STM32CubeIDE_1.15.0\STM32CubeIDE\plugins\com.st.stm32cube.common.mx_6.11.0.202403141607\\db\/plugins/mcufinder/images/
2024-09-26 17:01:45,600 [WARN] DbFile:41 - Overriding database path with different value: C:\Users\fahru\.stmcufinder\plugins\mcufinder/ => C:\Users\fahru\.stmcufinder\plugins\mcufinder
2024-09-26 17:01:45,600 [INFO] ApiDb:250 - Set database path to: C:\Users\fahru\.stmcufinder\plugins\mcufinder//mcu/
2024-09-26 17:01:45,601 [WARN] DbFile:41 - Overriding database path with different value: C:\Users\fahru\.stmcufinder\plugins\mcufinder/ => C:\Users\fahru\.stmcufinder\plugins\mcufinder
2024-09-26 17:01:45,601 [INFO] DbMcusAds:125 - Set database path to: C:\Users\fahru\.stmcufinder\plugins\mcufinder//mcu/
2024-09-26 17:01:45,601 [WARN] DbFile:41 - Overriding database path with different value: C:\Users\fahru\.stmcufinder\plugins\mcufinder/ => C:\Users\fahru\.stmcufinder\plugins\mcufinder
2024-09-26 17:01:45,602 [WARN] DbFile:41 - Overriding database path with different value: C:\Users\fahru\.stmcufinder\plugins\mcufinder/ => C:\Users\fahru\.stmcufinder\plugins\mcufinder
2024-09-26 17:01:45,602 [INFO] CrossReferenceDbSqlite:203 - Set database path to: C:\Users\fahru\.stmcufinder\plugins\mcufinder//mcu/cs/
2024-09-26 17:01:45,666 [INFO] ApplicationProperties:184 - Using Application install path: C:\ST\STM32CubeIDE_1.15.0\STM32CubeIDE\plugins\com.st.stm32cube.common.mx_6.11.0.202403141607
2024-09-26 17:01:45,671 [INFO] PluginManage:196 - Search for loadable plugins [exclusion list=, ]
2024-09-26 17:01:45,673 [INFO] PluginManage:310 - Check plugin analytics
2024-09-26 17:01:46,523 [INFO] AnalyticsPlugin:253 - Accepted Software Licenses: 
2024-09-26 17:01:46,524 [INFO] AnalyticsPlugin:255 - Accepted CMSIS Pack Licenses: 
2024-09-26 17:01:46,524 [INFO] AnalyticsPlugin:257 - Accepted Firmware Licenses: FW.F4.1.27.0,FW.F4.1.28.0
2024-09-26 17:01:46,530 [INFO] PluginManage:359 - Loaded plugin analytics (category:tool,tabindex:-1)
2024-09-26 17:01:46,531 [INFO] PluginManage:310 - Check plugin cadmodel
2024-09-26 17:01:46,909 [INFO] CADModel:105 - Init CAD model plugin
2024-09-26 17:01:46,909 [INFO] PluginManage:359 - Loaded plugin cadmodel (category:power,tabindex:5)
2024-09-26 17:01:46,909 [INFO] PluginManage:310 - Check plugin clock
2024-09-26 17:01:47,320 [INFO] PluginManage:359 - Loaded plugin clock (category:base,tabindex:2)
2024-09-26 17:01:47,322 [INFO] PluginManage:310 - Check plugin ddr
2024-09-26 17:01:47,355 [INFO] PluginManage:359 - Loaded plugin ddr (category:tool,tabindex:6)
2024-09-26 17:01:47,355 [INFO] PluginManage:310 - Check plugin filemanager
2024-09-26 17:01:48,737 [INFO] PluginManage:359 - Loaded plugin filemanager (category:base,tabindex:10)
2024-09-26 17:01:48,737 [INFO] PluginManage:310 - Check plugin ipmanager
2024-09-26 17:01:48,760 [INFO] PluginManage:359 - Loaded plugin ipmanager (category:base,tabindex:5)
2024-09-26 17:01:48,761 [INFO] PluginManage:310 - Check plugin lpbam
2024-09-26 17:01:48,879 [INFO] PluginManage:359 - Loaded plugin lpbam (category:base,tabindex:0)
2024-09-26 17:01:48,880 [INFO] PluginManage:310 - Check plugin memorymap
2024-09-26 17:01:48,973 [INFO] PluginManage:359 - Loaded plugin memorymap (category:base,tabindex:4)
2024-09-26 17:01:48,974 [INFO] PluginManage:310 - Check plugin pinoutandconfiguration
2024-09-26 17:01:49,126 [INFO] PluginManage:359 - Loaded plugin pinoutandconfiguration (category:base,tabindex:1)
2024-09-26 17:01:49,126 [INFO] PluginManage:310 - Check plugin pinoutconfig
2024-09-26 17:01:49,533 [WARN] SupportedApi:132 - Cannot load RTOS API schema: s4s-elt-must-match.1: The content of 'definitions' must match (annotation?, (simpleType | complexType)?, (unique | key | keyref)*)). A problem was found starting at: attribute.
2024-09-26 17:01:50,036 [INFO] PluginManage:359 - Loaded plugin pinoutconfig (category:base,tabindex:0)
2024-09-26 17:01:50,037 [INFO] PluginManage:310 - Check plugin power
2024-09-26 17:01:50,166 [INFO] PluginManage:359 - Loaded plugin power (category:power,tabindex:4)
2024-09-26 17:01:50,167 [INFO] PluginManage:310 - Check plugin projectmanager
2024-09-26 17:01:50,385 [INFO] PluginManage:359 - Loaded plugin projectmanager (category:projectmanager,tabindex:3)
2024-09-26 17:01:50,386 [INFO] PluginManage:310 - Check plugin thirdparty
2024-09-26 17:01:52,364 [INFO] PluginManage:359 - Loaded plugin thirdparty (category:base,tabindex:-1)
2024-09-26 17:01:52,365 [INFO] PluginManage:310 - Check plugin tools
2024-09-26 17:01:52,424 [WARN] IntegrityCheckThread:84 - waiting for thirdparty lock release [integrity check]
2024-09-26 17:01:52,425 [INFO] IntegrityCheckThread:86 - entering critical section [integrity check]
2024-09-26 17:01:52,425 [INFO] ThirdPartyUpdaterWithRetryManager:70 - Updater plugin not ready yet. [1/15]
2024-09-26 17:01:52,949 [INFO] PluginManage:359 - Loaded plugin tools (category:base,tabindex:7)
2024-09-26 17:01:52,949 [INFO] PluginManage:310 - Check plugin tutovideos
2024-09-26 17:01:55,399 [INFO] PluginManage:359 - Loaded plugin tutovideos (category:base,tabindex:-1)
2024-09-26 17:01:55,404 [INFO] PluginManage:310 - Check plugin updater
2024-09-26 17:01:55,426 [INFO] ThirdPartyUpdaterWithRetryManager:70 - Updater plugin not ready yet. [2/15]
2024-09-26 17:01:55,562 [INFO] PluginManage:359 - Loaded plugin updater (category:base,tabindex:12)
2024-09-26 17:01:55,562 [INFO] PluginManage:310 - Check plugin userauth
2024-09-26 17:01:55,574 [INFO] UserAuth:114 - Init User Auth plugin
2024-09-26 17:01:55,575 [INFO] PluginManage:359 - Loaded plugin userauth (category:base,tabindex:14)
2024-09-26 17:01:55,576 [INFO] PluginManage:283 - PluginManage : Loaded plugins [17]
2024-09-26 17:01:57,175 [INFO] PinOutPanel:1561 - setPackage(No Configuration,No Configuration)
2024-09-26 17:01:57,421 [INFO] CADModel:165 - CPN selected for project level
2024-09-26 17:01:57,421 [INFO] CADModel:114 - Register for checkConnection events
2024-09-26 17:01:57,582 [INFO] IPUIPlugin:80 - create IPUIPlugin
2024-09-26 17:01:57,582 [INFO] PluginManager:220 - loadIPPluginJar : add adc
2024-09-26 17:01:57,893 [INFO] IPUIPlugin:80 - create IPUIPlugin
2024-09-26 17:01:57,894 [INFO] PluginManager:220 - loadIPPluginJar : add aes
2024-09-26 17:01:58,427 [INFO] ThirdPartyUpdaterWithRetryManager:70 - Updater plugin not ready yet. [3/15]
2024-09-26 17:01:58,531 [INFO] IPUIPlugin:80 - create IPUIPlugin
2024-09-26 17:01:58,532 [INFO] PluginManager:220 - loadIPPluginJar : add can
2024-09-26 17:01:58,698 [INFO] IPUIPlugin:80 - create IPUIPlugin
2024-09-26 17:01:58,698 [INFO] PluginManager:220 - loadIPPluginJar : add comp
2024-09-26 17:01:58,855 [INFO] IPUIPlugin:80 - create IPUIPlugin
2024-09-26 17:01:58,855 [INFO] PluginManager:220 - loadIPPluginJar : add cryp
2024-09-26 17:01:59,033 [INFO] IPUIPlugin:80 - create IPUIPlugin
2024-09-26 17:01:59,034 [INFO] PluginManager:220 - loadIPPluginJar : add dfsdm
2024-09-26 17:01:59,080 [INFO] IPUIPlugin:80 - create IPUIPlugin
2024-09-26 17:01:59,082 [INFO] PluginManager:220 - loadIPPluginJar : add dma
2024-09-26 17:01:59,640 [INFO] IPUIPlugin:80 - create IPUIPlugin
2024-09-26 17:01:59,640 [INFO] PluginManager:220 - loadIPPluginJar : add dma3
2024-09-26 17:02:00,031 [INFO] IPUIPlugin:80 - create IPUIPlugin
2024-09-26 17:02:00,032 [INFO] PluginManager:220 - loadIPPluginJar : add extmemmanager
2024-09-26 17:02:00,197 [INFO] IPUIPlugin:80 - create IPUIPlugin
2024-09-26 17:02:00,197 [INFO] PluginManager:220 - loadIPPluginJar : add fatfs
2024-09-26 17:02:00,560 [INFO] IPUIPlugin:80 - create IPUIPlugin
2024-09-26 17:02:00,561 [INFO] PluginManager:220 - loadIPPluginJar : add fmc
2024-09-26 17:02:00,631 [INFO] IPUIPlugin:80 - create IPUIPlugin
2024-09-26 17:02:00,632 [INFO] PluginManager:220 - loadIPPluginJar : add freertos
2024-09-26 17:02:00,799 [INFO] IPUIPlugin:80 - create IPUIPlugin
2024-09-26 17:02:00,799 [INFO] PluginManager:220 - loadIPPluginJar : add genericplugin
2024-09-26 17:02:01,429 [INFO] ThirdPartyUpdaterWithRetryManager:70 - Updater plugin not ready yet. [4/15]
2024-09-26 17:02:01,659 [INFO] IPUIPlugin:80 - create IPUIPlugin
2024-09-26 17:02:01,659 [INFO] PluginManager:220 - loadIPPluginJar : add gfxmmu
2024-09-26 17:02:02,529 [INFO] IPUIPlugin:80 - create IPUIPlugin
2024-09-26 17:02:02,529 [INFO] PluginManager:220 - loadIPPluginJar : add gic
2024-09-26 17:02:02,658 [INFO] IPUIPlugin:80 - create IPUIPlugin
2024-09-26 17:02:02,658 [INFO] PluginManager:220 - loadIPPluginJar : add gpio
2024-09-26 17:02:03,385 [INFO] IPUIPlugin:80 - create IPUIPlugin
2024-09-26 17:02:03,386 [INFO] PluginManager:220 - loadIPPluginJar : add gtzc
2024-09-26 17:02:03,650 [INFO] IPUIPlugin:80 - create IPUIPlugin
2024-09-26 17:02:03,650 [INFO] PluginManager:220 - loadIPPluginJar : add hash
2024-09-26 17:02:03,932 [INFO] IPUIPlugin:80 - create IPUIPlugin
2024-09-26 17:02:03,932 [INFO] PluginManager:220 - loadIPPluginJar : add i2c
2024-09-26 17:02:04,387 [INFO] IPUIPlugin:80 - create IPUIPlugin
2024-09-26 17:02:04,387 [INFO] PluginManager:220 - loadIPPluginJar : add i2s
2024-09-26 17:02:04,444 [INFO] ThirdPartyUpdaterWithRetryManager:70 - Updater plugin not ready yet. [5/15]
2024-09-26 17:02:04,608 [INFO] IPUIPlugin:80 - create IPUIPlugin
2024-09-26 17:02:04,609 [INFO] PluginManager:220 - loadIPPluginJar : add i3c
2024-09-26 17:02:05,108 [INFO] IPUIPlugin:80 - create IPUIPlugin
2024-09-26 17:02:05,108 [INFO] PluginManager:220 - loadIPPluginJar : add ipddr
2024-09-26 17:02:05,560 [INFO] IPUIPlugin:80 - create IPUIPlugin
2024-09-26 17:02:05,560 [INFO] PluginManager:220 - loadIPPluginJar : add linkedlist
2024-09-26 17:02:05,665 [INFO] IPUIPlugin:80 - create IPUIPlugin
2024-09-26 17:02:05,666 [INFO] PluginManager:220 - loadIPPluginJar : add lorawan
2024-09-26 17:02:05,804 [INFO] IPUIPlugin:80 - create IPUIPlugin
2024-09-26 17:02:05,805 [INFO] PluginManager:220 - loadIPPluginJar : add ltdc
2024-09-26 17:02:05,946 [INFO] IPUIPlugin:80 - create IPUIPlugin
2024-09-26 17:02:05,946 [INFO] PluginManager:220 - loadIPPluginJar : add mdma
2024-09-26 17:02:05,996 [INFO] IPUIPlugin:80 - create IPUIPlugin
2024-09-26 17:02:05,997 [INFO] PluginManager:220 - loadIPPluginJar : add nvic
2024-09-26 17:02:06,116 [INFO] IPUIPlugin:80 - create IPUIPlugin
2024-09-26 17:02:06,116 [INFO] PluginManager:220 - loadIPPluginJar : add opamp
2024-09-26 17:02:06,287 [INFO] IPUIPlugin:80 - create IPUIPlugin
2024-09-26 17:02:06,287 [INFO] PluginManager:220 - loadIPPluginJar : add openamp
2024-09-26 17:02:06,395 [INFO] IPUIPlugin:80 - create IPUIPlugin
2024-09-26 17:02:06,395 [INFO] PluginManager:220 - loadIPPluginJar : add pdm2pcm
2024-09-26 17:02:06,433 [INFO] IPUIPlugin:80 - create IPUIPlugin
2024-09-26 17:02:06,438 [INFO] PluginManager:220 - loadIPPluginJar : add plateformsettings
2024-09-26 17:02:06,495 [INFO] IPUIPlugin:80 - create IPUIPlugin
2024-09-26 17:02:06,495 [INFO] PluginManager:220 - loadIPPluginJar : add quadspi
2024-09-26 17:02:06,523 [INFO] IPUIPlugin:80 - create IPUIPlugin
2024-09-26 17:02:06,523 [INFO] PluginManager:220 - loadIPPluginJar : add resmgrutility
2024-09-26 17:02:06,650 [INFO] IPUIPlugin:80 - create IPUIPlugin
2024-09-26 17:02:06,651 [INFO] PluginManager:220 - loadIPPluginJar : add sai
2024-09-26 17:02:06,736 [INFO] IPUIPlugin:80 - create IPUIPlugin
2024-09-26 17:02:06,736 [INFO] PluginManager:220 - loadIPPluginJar : add spi
2024-09-26 17:02:06,903 [INFO] IPUIPlugin:80 - create IPUIPlugin
2024-09-26 17:02:06,904 [INFO] PluginManager:220 - loadIPPluginJar : add stm32_wpan
2024-09-26 17:02:06,956 [INFO] IPUIPlugin:80 - create IPUIPlugin
2024-09-26 17:02:06,956 [INFO] PluginManager:220 - loadIPPluginJar : add tim
2024-09-26 17:02:07,149 [INFO] IPUIPlugin:80 - create IPUIPlugin
2024-09-26 17:02:07,149 [INFO] PluginManager:220 - loadIPPluginJar : add touchsensing
2024-09-26 17:02:07,211 [INFO] IPUIPlugin:80 - create IPUIPlugin
2024-09-26 17:02:07,211 [INFO] PluginManager:220 - loadIPPluginJar : add tracer_emb
2024-09-26 17:02:07,278 [INFO] IPUIPlugin:80 - create IPUIPlugin
2024-09-26 17:02:07,278 [INFO] PluginManager:220 - loadIPPluginJar : add ts
2024-09-26 17:02:07,371 [INFO] IPUIPlugin:80 - create IPUIPlugin
2024-09-26 17:02:07,371 [INFO] PluginManager:220 - loadIPPluginJar : add tsc
2024-09-26 17:02:07,436 [INFO] IPUIPlugin:80 - create IPUIPlugin
2024-09-26 17:02:07,436 [INFO] PluginManager:220 - loadIPPluginJar : add ucpd
2024-09-26 17:02:07,457 [INFO] ThirdPartyUpdaterWithRetryManager:70 - Updater plugin not ready yet. [6/15]
2024-09-26 17:02:07,631 [INFO] IPUIPlugin:80 - create IPUIPlugin
2024-09-26 17:02:07,632 [INFO] PluginManager:220 - loadIPPluginJar : add usart
2024-09-26 17:02:08,336 [INFO] IPUIPlugin:80 - create IPUIPlugin
2024-09-26 17:02:08,337 [INFO] PluginManager:220 - loadIPPluginJar : add usbx
2024-09-26 17:02:09,509 [INFO] CADModel:165 - CPN selected for project level
2024-09-26 17:02:09,510 [INFO] CADModel:114 - Register for checkConnection events
2024-09-26 17:02:09,511 [FATAL] Updater:308 - Updater called before beeing initialized
2024-09-26 17:02:09,511 [ERROR] CADModel:125 - Updater not yet initialized, retry later 
2024-09-26 17:02:10,470 [INFO] ThirdPartyUpdaterWithRetryManager:70 - Updater plugin not ready yet. [7/15]
2024-09-26 17:02:24,747 [INFO] Activator:176 - 


2024-09-26 17:02:24,752 [INFO] Activator:177 - !SESSION log4j initialized
2024-09-26 17:02:36,336 [INFO] LogOutputStream:77 - [STDOUT_REDIRECT] 
