2024-09-28 14:53:44,974 [ERROR] ConfigurationRetriever:142 - IOException on connection: sw-center.st.com
2024-09-28 14:53:44,981 [ERROR] ConfigurationRetriever:142 - IOException on connection: sw-center.st.com
2024-09-28 14:53:44,981 [ERROR] ConfigurationRetriever:142 - IOException on connection: sw-center.st.com
2024-09-28 15:00:09,610 [INFO] UtilMem:75 - End SaveConfig() Used Memory: 793829496 Bytes (1073741824)
2024-09-28 15:00:10,306 [INFO] UtilMem:75 - End SaveConfig() Used Memory: 746999744 Bytes (1073741824)
2024-09-28 15:00:10,616 [INFO] BlockDiagram:2759 - set Specific Code input for plugin: SYS
2024-09-28 15:00:10,617 [INFO] BlockDiagram:2759 - set Specific Code input for plugin: RCC
2024-09-28 15:00:10,617 [INFO] BlockDiagram:2759 - set Specific Code input for plugin: NVIC
2024-09-28 15:00:10,617 [INFO] BlockDiagram:2759 - set Specific Code input for plugin: GPIO
2024-09-28 15:00:10,618 [INFO] CodeGenerator:807 - code generatio: config db path: C:\ST\STM32CubeIDE_1.15.0\STM32CubeIDE\plugins\com.st.stm32cube.common.mx_6.11.0.202403141607\\db\
2024-09-28 15:00:10,803 [INFO] CodeEngine:255 - oldGeneratedFile, C:\git\stm32f4xx\stm32application\MXTmpFiles\license.tmp_save
2024-09-28 15:00:10,983 [INFO] CodeEngine:279 - Generated code: C:\git\stm32f4xx\stm32application\MXTmpFiles\license.tmp
2024-09-28 15:00:11,014 [INFO] CodeEngine:255 - oldGeneratedFile, C:\git\stm32f4xx\stm32application\MXTmpFiles\gpio.tmp_save
2024-09-28 15:00:11,242 [INFO] CodeEngine:279 - Generated code: C:\git\stm32f4xx\stm32application\MXTmpFiles\gpio.tmp
2024-09-28 15:00:11,328 [INFO] CodeEngine:255 - oldGeneratedFile, C:\git\stm32f4xx\stm32application\Core\Src\stm32f4xx_it.c_save
2024-09-28 15:00:11,795 [INFO] CodeEngine:279 - Generated code: C:\git\stm32f4xx\stm32application\Core\Src\stm32f4xx_it.c
2024-09-28 15:00:11,824 [INFO] CodeEngine:255 - oldGeneratedFile, C:\git\stm32f4xx\stm32application\Core\Inc\stm32f4xx_it.h_save
2024-09-28 15:00:12,005 [INFO] CodeEngine:279 - Generated code: C:\git\stm32f4xx\stm32application\Core\Inc\stm32f4xx_it.h
2024-09-28 15:00:12,038 [INFO] CodeEngine:255 - oldGeneratedFile, C:\git\stm32f4xx\stm32application\Core\Src\stm32f4xx_hal_msp.c_save
2024-09-28 15:00:12,237 [INFO] CodeEngine:279 - Generated code: C:\git\stm32f4xx\stm32application\Core\Src\stm32f4xx_hal_msp.c
2024-09-28 15:00:12,243 [INFO] CodeEngine:255 - oldGeneratedFile, C:\git\stm32f4xx\stm32application\MXTmpFiles\system.tmp_save
2024-09-28 15:00:12,385 [INFO] CodeEngine:279 - Generated code: C:\git\stm32f4xx\stm32application\MXTmpFiles\system.tmp
2024-09-28 15:00:12,423 [INFO] CodeEngine:311 - oldGeneratedFile, C:\git\stm32f4xx\stm32application\Core\Inc\stm32f4xx_hal_conf.h_save
2024-09-28 15:00:12,679 [INFO] CodeEngine:335 - Generated code: C:\git\stm32f4xx\stm32application\Core\Inc\stm32f4xx_hal_conf.h
2024-09-28 15:00:12,718 [ERROR] ProjectBuilder:2169 - 
java.io.FileNotFoundException: C:\git\stm32f4xx\stm32application\Core\Inc\stm32f4xx_hal_conf.h (The process cannot access the file because it is being used by another process)
	at java.io.FileOutputStream.open0(Native Method) ~[?:?]
	at java.io.FileOutputStream.open(FileOutputStream.java:293) ~[?:?]
	at java.io.FileOutputStream.<init>(FileOutputStream.java:235) ~[?:?]
	at java.io.FileOutputStream.<init>(FileOutputStream.java:184) ~[?:?]
	at org.apache.commons.io.FileUtils.doCopyFile(FileUtils.java:1142) ~[commons-io-2.5.jar:2.5]
	at org.apache.commons.io.FileUtils.copyFile(FileUtils.java:1088) ~[commons-io-2.5.jar:2.5]
	at org.apache.commons.io.FileUtils.copyFile(FileUtils.java:1040) ~[commons-io-2.5.jar:2.5]
	at com.st.microxplorer.codegenerator.CodeEngine.genHALConfCode(CodeEngine.java:345) ~[STM32CubeMX.jar:?]
	at com.st.microxplorer.codegenerator.CodeGenerator.generateOutputCode(CodeGenerator.java:5820) ~[STM32CubeMX.jar:?]
	at com.st.microxplorer.codegenerator.CodeGenerator.generateHALConfCode(CodeGenerator.java:4596) ~[STM32CubeMX.jar:?]
	at com.st.microxplorer.codegenerator.CodeGenerator.generateCodeFiles(CodeGenerator.java:2182) ~[STM32CubeMX.jar:?]
	at com.st.microxplorer.codegenerator.CodeGenerator.generateDefaultConfig(CodeGenerator.java:10016) ~[STM32CubeMX.jar:?]
	at com.st.microxplorer.codegenerator.CodeGenerator.generateCode(CodeGenerator.java:1485) ~[STM32CubeMX.jar:?]
	at com.st.microxplorer.plugins.projectmanager.engine.ProjectBuilder.generateCode(ProjectBuilder.java:2914) ~[filemanager.jar:?]
	at com.st.microxplorer.plugins.projectmanager.engine.ProjectBuilder.createCode(ProjectBuilder.java:2166) ~[filemanager.jar:?]
	at com.st.microxplorer.plugins.projectmanager.engine.ProjectBuilder.createProject(ProjectBuilder.java:794) ~[filemanager.jar:?]
	at com.st.microxplorer.plugins.projectmanager.engine.ProjectBuilder.createProject(ProjectBuilder.java:586) ~[filemanager.jar:?]
	at com.st.microxplorer.plugins.projectmanager.engine.MainProjectManager.startGenerateCode(MainProjectManager.java:1433) ~[filemanager.jar:?]
	at com.st.microxplorer.plugins.projectmanager.engine.MainProjectManager$3.onCommandEntered(MainProjectManager.java:274) ~[filemanager.jar:?]
	at com.st.components.util.CommandLineManager$3.run(CommandLineManager.java:175) ~[STM32CubeMX.jar:?]
	at java.awt.event.InvocationEvent.dispatch(InvocationEvent.java:308) ~[?:?]
	at java.awt.EventQueue.dispatchEventImpl(EventQueue.java:773) ~[?:?]
	at java.awt.EventQueue$4.run(EventQueue.java:720) ~[?:?]
	at java.awt.EventQueue$4.run(EventQueue.java:714) ~[?:?]
	at java.security.AccessController.doPrivileged(AccessController.java:399) ~[?:?]
	at java.security.ProtectionDomain$JavaSecurityAccessImpl.doIntersectionPrivilege(ProtectionDomain.java:86) ~[?:?]
	at java.awt.EventQueue.dispatchEvent(EventQueue.java:742) ~[?:?]
	at java.awt.EventDispatchThread.pumpOneEventForFilters(EventDispatchThread.java:203) ~[?:?]
	at java.awt.EventDispatchThread.pumpEventsForFilter(EventDispatchThread.java:124) ~[?:?]
	at java.awt.EventDispatchThread.pumpEventsForHierarchy(EventDispatchThread.java:113) ~[?:?]
	at java.awt.EventDispatchThread.pumpEvents(EventDispatchThread.java:109) ~[?:?]
	at java.awt.EventDispatchThread.pumpEvents(EventDispatchThread.java:101) ~[?:?]
	at java.awt.EventDispatchThread.run(EventDispatchThread.java:90) ~[?:?]
2024-09-28 15:00:24,589 [INFO] UtilMem:75 - End SaveConfig() Used Memory: 781034464 Bytes (1073741824)
2024-09-28 15:00:24,773 [INFO] BlockDiagram:2759 - set Specific Code input for plugin: SYS
2024-09-28 15:00:24,773 [INFO] BlockDiagram:2759 - set Specific Code input for plugin: RCC
2024-09-28 15:00:24,773 [INFO] BlockDiagram:2759 - set Specific Code input for plugin: NVIC
2024-09-28 15:00:24,773 [INFO] BlockDiagram:2759 - set Specific Code input for plugin: GPIO
2024-09-28 15:00:24,775 [INFO] CodeGenerator:807 - code generatio: config db path: C:\ST\STM32CubeIDE_1.15.0\STM32CubeIDE\plugins\com.st.stm32cube.common.mx_6.11.0.202403141607\\db\
2024-09-28 15:00:24,962 [INFO] CodeEngine:255 - oldGeneratedFile, C:\git\stm32f4xx\stm32application\MXTmpFiles\license.tmp_save
2024-09-28 15:00:25,093 [INFO] CodeEngine:279 - Generated code: C:\git\stm32f4xx\stm32application\MXTmpFiles\license.tmp
2024-09-28 15:00:25,134 [INFO] CodeEngine:255 - oldGeneratedFile, C:\git\stm32f4xx\stm32application\MXTmpFiles\gpio.tmp_save
2024-09-28 15:00:25,268 [INFO] CodeEngine:279 - Generated code: C:\git\stm32f4xx\stm32application\MXTmpFiles\gpio.tmp
2024-09-28 15:00:25,317 [INFO] CodeEngine:255 - oldGeneratedFile, C:\git\stm32f4xx\stm32application\Core\Src\stm32f4xx_it.c_save
2024-09-28 15:00:25,439 [INFO] CodeEngine:279 - Generated code: C:\git\stm32f4xx\stm32application\Core\Src\stm32f4xx_it.c
2024-09-28 15:00:25,451 [INFO] CodeEngine:255 - oldGeneratedFile, C:\git\stm32f4xx\stm32application\Core\Inc\stm32f4xx_it.h_save
2024-09-28 15:00:25,551 [INFO] CodeEngine:279 - Generated code: C:\git\stm32f4xx\stm32application\Core\Inc\stm32f4xx_it.h
2024-09-28 15:00:25,593 [INFO] CodeEngine:255 - oldGeneratedFile, C:\git\stm32f4xx\stm32application\Core\Src\stm32f4xx_hal_msp.c_save
2024-09-28 15:00:25,772 [INFO] CodeEngine:279 - Generated code: C:\git\stm32f4xx\stm32application\Core\Src\stm32f4xx_hal_msp.c
2024-09-28 15:00:25,781 [INFO] CodeEngine:255 - oldGeneratedFile, C:\git\stm32f4xx\stm32application\MXTmpFiles\system.tmp_save
2024-09-28 15:00:25,894 [INFO] CodeEngine:279 - Generated code: C:\git\stm32f4xx\stm32application\MXTmpFiles\system.tmp
2024-09-28 15:00:25,933 [INFO] CodeEngine:311 - oldGeneratedFile, C:\git\stm32f4xx\stm32application\Core\Inc\stm32f4xx_hal_conf.h_save
2024-09-28 15:00:26,102 [INFO] CodeEngine:335 - Generated code: C:\git\stm32f4xx\stm32application\Core\Inc\stm32f4xx_hal_conf.h
2024-09-28 15:00:26,191 [INFO] CodeEngine:255 - oldGeneratedFile, C:\git\stm32f4xx\stm32application\Core\Inc\main.h_save
2024-09-28 15:00:26,364 [INFO] CodeEngine:279 - Generated code: C:\git\stm32f4xx\stm32application\Core\Inc\main.h
2024-09-28 15:00:26,392 [INFO] CodeEngine:255 - oldGeneratedFile, C:\git\stm32f4xx\stm32application\Core\Src\main.c_save
2024-09-28 15:00:26,562 [INFO] CodeEngine:279 - Generated code: C:\git\stm32f4xx\stm32application\Core\Src\main.c
2024-09-28 15:00:27,247 [INFO] ProjectBuilder:3163 - Time for Copy HAL[1] : 370mS.
2024-09-28 15:00:27,253 [INFO] ProjectBuilder:4736 - Project Generator version: 4.3.0-B58
2024-09-28 15:00:27,467 [INFO] ConfigFileManager:1503 - The Die is : DIE413
2024-09-28 15:00:29,858 [INFO] ProjectBuilder:5002 - Time for Generating toolchain IDE Files: 2605mS.
2024-09-28 15:00:29,859 [INFO] ProjectBuilder:3034 - Time for Copy CMSIS : 1mS.
2024-09-28 15:00:29,864 [INFO] ProjectBuilder:3034 - Time for Copy CMSIS : 0mS.
2024-09-28 15:06:38,038 [INFO] MainUpdater:2873 - connection check result : 10
2024-09-28 15:06:38,039 [INFO] MainUpdater:2873 - connection check result : 10
2024-09-28 15:06:38,066 [INFO] UtilMem:75 - Begin LoadConfig() Used Memory: 901364824 Bytes (1073741824)
2024-09-28 15:06:38,067 [INFO] MicroXplorer:468 - Change Database Path : 
2024-09-28 15:06:38,068 [INFO] MicroXplorer:498 - Change Database Version : DB.6.0.110
2024-09-28 15:06:38,068 [INFO] OpenFileManager:312 - Change cursor
2024-09-28 15:06:38,098 [INFO] RulesReader:64 - Compatibility file has been processed (297 Rules)
2024-09-28 15:06:38,103 [INFO] Mcu:2021 - Initializing MCU STM32F407V(E-G)Tx STM32F407VGTx STM32F407VGT6
2024-09-28 15:06:39,793 [INFO] Context:663 - Trying to add GPIOservice into a context  which must be forbidden
2024-09-28 15:06:40,157 [INFO] ThirdPartyModel:298 - Start build external matchings
2024-09-28 15:06:41,219 [INFO] ThirdPartyModel:316 - End build external matchings
2024-09-28 15:06:41,229 [INFO] ImportTextPane:194 - (OptionalMessage_ERROR) IP (RCC) : Parameter (RTCHSEDivFreq_Value) has invalid value (4000000)
2024-09-28 15:06:41,657 [INFO] UtilMem:75 - End LoadConfig() Used Memory: 898169896 Bytes (1073741824)
2024-09-28 15:06:41,701 [WARN] ThirdParty:833 - waiting for thirdparty lock release [change project]
2024-09-28 15:06:41,701 [INFO] ThirdParty:835 - entering critical section [change project]
2024-09-28 15:06:41,701 [INFO] ThirdParty:1030 - CMSIS Pack Vendor :STMicroelectronics X-CUBE-ISPU 1.1.0
2024-09-28 15:06:41,701 [INFO] ThirdParty:1030 - CMSIS Pack Vendor :STMicroelectronics USBPD 4.1
2024-09-28 15:06:41,701 [INFO] ThirdParty:1030 - CMSIS Pack Vendor :STMicroelectronics X-CUBE-AZRTOS-H7 3.3.0
2024-09-28 15:06:41,701 [INFO] ThirdParty:1030 - CMSIS Pack Vendor :STMicroelectronics X-CUBE-GNSS1 6.0.0
2024-09-28 15:06:41,701 [INFO] ThirdParty:1030 - CMSIS Pack Vendor :STMicroelectronics USB_HOST 2.0.0
2024-09-28 15:06:41,701 [INFO] ThirdParty:1030 - CMSIS Pack Vendor :STMicroelectronics FP-SNS-MOTENVWB1 1.4.0
2024-09-28 15:06:41,701 [INFO] ThirdParty:1030 - CMSIS Pack Vendor :STMicroelectronics X-CUBE-AZRTOS-F4 1.1.0
2024-09-28 15:06:41,701 [INFO] ThirdParty:1030 - CMSIS Pack Vendor :STMicroelectronics LIBJPEG 8.0.0
2024-09-28 15:06:41,702 [INFO] ThirdParty:1030 - CMSIS Pack Vendor :STMicroelectronics X-CUBE-SMBUS 2.1.0
2024-09-28 15:06:41,702 [INFO] ThirdParty:1030 - CMSIS Pack Vendor :wolfSSL I-CUBE-wolfSSL 5.6.0
2024-09-28 15:06:41,702 [INFO] ThirdParty:1030 - CMSIS Pack Vendor :STMicroelectronics USB_DEVICE 3.0.0
2024-09-28 15:06:41,702 [INFO] ThirdParty:1030 - CMSIS Pack Vendor :STMicroelectronics X-CUBE-TCPP 4.1.0
2024-09-28 15:06:41,702 [INFO] ThirdParty:1030 - CMSIS Pack Vendor :STMicroelectronics X-CUBE-ISPU 2.1.0
2024-09-28 15:06:41,702 [INFO] ThirdParty:1030 - CMSIS Pack Vendor :STMicroelectronics X-CUBE-FREERTOS 1.2.0
2024-09-28 15:06:41,702 [INFO] ThirdParty:1030 - CMSIS Pack Vendor :STMicroelectronics X-CUBE-AZRTOS-WB 2.0.0
2024-09-28 15:06:41,702 [INFO] ThirdParty:1030 - CMSIS Pack Vendor :STMicroelectronics X-CUBE-FREERTOS 1.0.1
2024-09-28 15:06:41,702 [INFO] ThirdParty:1030 - CMSIS Pack Vendor :STMicroelectronics X-CUBE-GNSS1 7.0.0
2024-09-28 15:06:41,702 [INFO] ThirdParty:1030 - CMSIS Pack Vendor :STMicroelectronics X-CUBE-AZRTOS-F7 1.1.0
2024-09-28 15:06:41,702 [INFO] ThirdParty:1030 - CMSIS Pack Vendor :STMicroelectronics X-CUBE-TOUCHGFX 4.21.4
2024-09-28 15:06:41,702 [INFO] ThirdParty:1030 - CMSIS Pack Vendor :STMicroelectronics X-CUBE-AZRTOS-L5 2.0.0
2024-09-28 15:06:41,702 [INFO] ThirdParty:1030 - CMSIS Pack Vendor :STMicroelectronics USB_DEVICE 2.0.0
2024-09-28 15:06:41,702 [INFO] ThirdParty:1030 - CMSIS Pack Vendor :STMicroelectronics X-CUBE-MEMS1 9.6.0
2024-09-28 15:06:41,702 [INFO] ThirdParty:1030 - CMSIS Pack Vendor :STMicroelectronics X-CUBE-NFC6 3.1.0
2024-09-28 15:06:41,703 [INFO] ThirdParty:1030 - CMSIS Pack Vendor :STMicroelectronics FP-SNS-STBOX1 2.0.0
2024-09-28 15:06:41,703 [INFO] ThirdParty:1030 - CMSIS Pack Vendor :STMicroelectronics FP-SNS-MOTENV1 4.3.1
2024-09-28 15:06:41,703 [INFO] ThirdParty:1030 - CMSIS Pack Vendor :STMicroelectronics FP-SNS-FLIGHT1 5.0.1
2024-09-28 15:06:41,703 [INFO] ThirdParty:1030 - CMSIS Pack Vendor :STMicroelectronics X-CUBE-ALGOBUILD 1.3.0
2024-09-28 15:06:41,703 [INFO] ThirdParty:1030 - CMSIS Pack Vendor :STMicroelectronics X-CUBE-MEMS1 11.0.0
2024-09-28 15:06:41,703 [INFO] ThirdParty:1030 - CMSIS Pack Vendor :STMicroelectronics X-CUBE-BLE1 6.2.4
2024-09-28 15:06:41,703 [INFO] ThirdParty:1030 - CMSIS Pack Vendor :STMicroelectronics X-CUBE-AZRTOS-L5 1.1.0
2024-09-28 15:06:41,703 [INFO] ThirdParty:1030 - CMSIS Pack Vendor :STMicroelectronics FreeRTOS 0.0.1
2024-09-28 15:06:41,703 [INFO] ThirdParty:1030 - CMSIS Pack Vendor :STMicroelectronics X-CUBE-AZRTOS-G0 1.1.0
2024-09-28 15:06:41,703 [INFO] ThirdParty:1030 - CMSIS Pack Vendor :emotas I-CUBE-CANOPEN 1.1.3
2024-09-28 15:06:41,703 [INFO] ThirdParty:1030 - CMSIS Pack Vendor :STMicroelectronics X-CUBE-BLEMGR 2.0.0
2024-09-28 15:06:41,703 [INFO] ThirdParty:1030 - CMSIS Pack Vendor :STMicroelectronics X-CUBE-AI 8.0.1
2024-09-28 15:06:41,703 [INFO] ThirdParty:1030 - CMSIS Pack Vendor :STMicroelectronics X-CUBE-SAFEA1 1.2.2
2024-09-28 15:06:41,703 [INFO] ThirdParty:1030 - CMSIS Pack Vendor :STMicroelectronics X-CUBE-NFC4 3.0.0
2024-09-28 15:06:41,703 [INFO] ThirdParty:1030 - CMSIS Pack Vendor :STMicroelectronics X-CUBE-DPower 1.2.0
2024-09-28 15:06:41,703 [INFO] ThirdParty:1030 - CMSIS Pack Vendor :STMicroelectronics X-CUBE-SUBG2 5.0.0
2024-09-28 15:06:41,703 [INFO] ThirdParty:1030 - CMSIS Pack Vendor :STMicroelectronics STM32_WPAN 1.0.0
2024-09-28 15:06:41,703 [INFO] ThirdParty:1030 - CMSIS Pack Vendor :EmbeddedOffice I-CUBE-FS-RTOS 1.0.1
2024-09-28 15:06:41,703 [INFO] ThirdParty:1030 - CMSIS Pack Vendor :STMicroelectronics lwIP 2.0.3
2024-09-28 15:06:41,703 [INFO] ThirdParty:1030 - CMSIS Pack Vendor :STMicroelectronics FP-SNS-FLIGHT1 5.0.2
2024-09-28 15:06:41,703 [INFO] ThirdParty:1030 - CMSIS Pack Vendor :Cesanta I-CUBE-Mongoose 7.13.0
2024-09-28 15:06:41,703 [INFO] ThirdParty:1030 - CMSIS Pack Vendor :STMicroelectronics USB_HOST 1.0.0
2024-09-28 15:06:41,704 [INFO] ThirdParty:1030 - CMSIS Pack Vendor :STMicroelectronics X-CUBE-AI 9.0.0
2024-09-28 15:06:41,704 [INFO] ThirdParty:1030 - CMSIS Pack Vendor :STMicroelectronics X-CUBE-AZRTOS-G4 2.0.0
2024-09-28 15:06:41,704 [INFO] ThirdParty:1030 - CMSIS Pack Vendor :STMicroelectronics PDM2PCM 3.1.0
2024-09-28 15:06:41,704 [INFO] ThirdParty:1030 - CMSIS Pack Vendor :STMicroelectronics X-CUBE-AZRTOS-H7 3.1.0
2024-09-28 15:06:41,704 [INFO] ThirdParty:1030 - CMSIS Pack Vendor :STMicroelectronics X-CUBE-TOF1 3.3.0
2024-09-28 15:06:41,704 [INFO] ThirdParty:1030 - CMSIS Pack Vendor :STMicroelectronics PDM2PCM 3.3.0
2024-09-28 15:06:41,704 [INFO] ThirdParty:1030 - CMSIS Pack Vendor :STMicroelectronics X-CUBE-DISPLAY 3.0.0
2024-09-28 15:06:41,704 [INFO] ThirdParty:1030 - CMSIS Pack Vendor :RealThread X-CUBE-RT-Thread_Nano 4.1.1
2024-09-28 15:06:41,704 [INFO] ThirdParty:1030 - CMSIS Pack Vendor :STMicroelectronics X-CUBE-BLE1 7.0.0
2024-09-28 15:06:41,704 [INFO] ThirdParty:1030 - CMSIS Pack Vendor :STMicroelectronics FP-ATR-SIGFOX1 3.2.0
2024-09-28 15:06:41,704 [INFO] ThirdParty:1030 - CMSIS Pack Vendor :STMicroelectronics X-CUBE-EEPRMA1 5.1.0
2024-09-28 15:06:41,704 [INFO] ThirdParty:1030 - CMSIS Pack Vendor :STMicroelectronics HAL Drivers 0.0.0
2024-09-28 15:06:41,704 [INFO] ThirdParty:1030 - CMSIS Pack Vendor :STMicroelectronics MBEDTLS 2.16.2
2024-09-28 15:06:41,704 [INFO] ThirdParty:1030 - CMSIS Pack Vendor :STMicroelectronics X-CUBE-ALS 1.0.2
2024-09-28 15:06:41,704 [INFO] ThirdParty:1030 - CMSIS Pack Vendor :STMicroelectronics X-CUBE-NFC7 1.0.1
2024-09-28 15:06:41,704 [INFO] ThirdParty:1030 - CMSIS Pack Vendor :STMicroelectronics MBEDTLS 2.14.1
2024-09-28 15:06:41,704 [INFO] ThirdParty:1030 - CMSIS Pack Vendor :ITTIA_DB I-CUBE-ITTIADB 8.9.0
2024-09-28 15:06:41,704 [INFO] ThirdParty:1030 - CMSIS Pack Vendor :STMicroelectronics X-CUBE-TOUCHGFX 4.24.1
2024-09-28 15:06:41,704 [INFO] ThirdParty:1030 - CMSIS Pack Vendor :wolfSSL I-CUBE-wolfTPM 3.4.0
2024-09-28 15:06:41,704 [INFO] ThirdParty:1030 - CMSIS Pack Vendor :STMicroelectronics X-CUBE-EEPRMA1 4.1.0
2024-09-28 15:06:41,704 [INFO] ThirdParty:1030 - CMSIS Pack Vendor :portGmbH I-Cube-SoM-uGOAL 1.1.0
2024-09-28 15:06:41,704 [INFO] ThirdParty:1030 - CMSIS Pack Vendor :STMicroelectronics X-CUBE-ALS 1.0.1
2024-09-28 15:06:41,704 [INFO] ThirdParty:1030 - CMSIS Pack Vendor :STMicroelectronics X-CUBE-BLEMGR 3.1.0
2024-09-28 15:06:41,705 [INFO] ThirdParty:1030 - CMSIS Pack Vendor :STMicroelectronics ThreadX 1.0.0
2024-09-28 15:06:41,705 [INFO] ThirdParty:1030 - CMSIS Pack Vendor :STMicroelectronics FP-SNS-SMARTAG2 1.2.0
2024-09-28 15:06:41,705 [INFO] ThirdParty:1030 - CMSIS Pack Vendor :STMicroelectronics X-CUBE-AZRTOS-WB 1.1.0
2024-09-28 15:06:41,705 [INFO] ThirdParty:1030 - CMSIS Pack Vendor :STMicroelectronics X-CUBE-AZRTOS-WL 2.0.0
2024-09-28 15:06:41,705 [INFO] ThirdParty:1030 - CMSIS Pack Vendor :SEGGER I-CUBE-embOS 1.3.1
2024-09-28 15:06:41,705 [INFO] ThirdParty:1030 - CMSIS Pack Vendor :STMicroelectronics X-CUBE-ALGOBUILD 1.4.0
2024-09-28 15:06:41,705 [INFO] ThirdParty:1030 - CMSIS Pack Vendor :STMicroelectronics FP-SNS-MOTENV1 5.0.0
2024-09-28 15:06:41,705 [INFO] ThirdParty:1030 - CMSIS Pack Vendor :STMicroelectronics USB_DEVICE 1.0.0
2024-09-28 15:06:41,705 [INFO] ThirdParty:1030 - CMSIS Pack Vendor :STMicroelectronics X-CUBE-AZRTOS-H7RS 1.0.0
2024-09-28 15:06:41,705 [INFO] ThirdParty:1030 - CMSIS Pack Vendor :wolfSSL I-CUBE-wolfMQTT 1.19.0
2024-09-28 15:06:41,705 [INFO] ThirdParty:1030 - CMSIS Pack Vendor :STMicroelectronics X-CUBE-AZRTOS-L4 2.0.0
2024-09-28 15:06:41,705 [INFO] ThirdParty:1030 - CMSIS Pack Vendor :STMicroelectronics ThreadX 0.0.2
2024-09-28 15:06:41,705 [INFO] ThirdParty:1030 - CMSIS Pack Vendor :WES I-CUBE-Cesium 1.3.0
2024-09-28 15:06:41,705 [INFO] ThirdParty:1030 - CMSIS Pack Vendor :STMicroelectronics FP-ATR-ASTRA1 2.0.0
2024-09-28 15:06:41,705 [INFO] ThirdParty:1030 - CMSIS Pack Vendor :STMicroelectronics lwIP 2.1.2
2024-09-28 15:06:41,705 [INFO] ThirdParty:1030 - CMSIS Pack Vendor :STMicroelectronics X-CUBE-SFXS2LP1 4.0.0
2024-09-28 15:06:41,705 [INFO] ThirdParty:1030 - CMSIS Pack Vendor :STMicroelectronics X-CUBE-BLE2 3.3.0
2024-09-28 15:06:41,705 [INFO] ThirdParty:1030 - CMSIS Pack Vendor :STMicroelectronics X-CUBE-TOF1 3.4.2
2024-09-28 15:06:41,705 [INFO] ThirdParty:1030 - CMSIS Pack Vendor :Infineon AIROC-Wi-Fi-Bluetooth-STM32 1.6.1
2024-09-28 15:06:41,705 [INFO] ThirdParty:1030 - CMSIS Pack Vendor :STMicroelectronics PDM2PCM 3.2.0
2024-09-28 15:06:41,705 [INFO] ThirdParty:1030 - CMSIS Pack Vendor :wolfSSL I-CUBE-wolfSSH 1.4.17
2024-09-28 15:06:41,706 [INFO] ThirdParty:841 - exiting critical section [change project]
2024-09-28 15:06:41,946 [INFO] PinOutPanel:1561 - setPackage(No Configuration,No Configuration)
2024-09-28 15:06:41,947 [INFO] PinOutPanel:1561 - setPackage(STM32F407VGTx,LQFP100)
2024-09-28 15:06:42,270 [INFO] UtilMem:75 - Before build in PCC Used Memory: 780095384 Bytes (1073741824)
2024-09-28 15:06:42,489 [INFO] UtilMem:75 - After build in PCC Used Memory: 824661912 Bytes (1073741824)
2024-09-28 15:06:42,496 [WARN] IpParametersView:151 - Warning: This peripheral hasn't parameters
2024-09-28 15:06:42,504 [WARN] MainPanel:272 - <html><b><center>Warning: This peripheral has no parameters to be configured<br></b></html>
2024-09-28 15:06:42,532 [INFO] IPUIPlugin:80 - create IPUIPlugin
2024-09-28 15:06:42,532 [INFO] IPUIPlugin:80 - create IPUIPlugin
2024-09-28 15:06:42,532 [INFO] IPUIPlugin:80 - create IPUIPlugin
2024-09-28 15:06:42,532 [INFO] IPUIPlugin:80 - create IPUIPlugin
2024-09-28 15:06:42,533 [INFO] IPUIPlugin:80 - create IPUIPlugin
2024-09-28 15:06:42,533 [INFO] IPUIPlugin:80 - create IPUIPlugin
2024-09-28 15:06:42,533 [INFO] IPUIPlugin:80 - create IPUIPlugin
2024-09-28 15:06:42,533 [INFO] IPUIPlugin:80 - create IPUIPlugin
2024-09-28 15:06:42,533 [INFO] IPUIPlugin:80 - create IPUIPlugin
2024-09-28 15:06:42,534 [INFO] IPUIPlugin:80 - create IPUIPlugin
2024-09-28 15:06:42,534 [INFO] IPUIPlugin:80 - create IPUIPlugin
2024-09-28 15:06:42,534 [INFO] IPUIPlugin:80 - create IPUIPlugin
2024-09-28 15:06:42,534 [INFO] IPUIPlugin:80 - create IPUIPlugin
2024-09-28 15:06:42,534 [INFO] IPUIPlugin:80 - create IPUIPlugin
2024-09-28 15:06:42,534 [INFO] IPUIPlugin:80 - create IPUIPlugin
2024-09-28 15:06:42,534 [INFO] IPUIPlugin:80 - create IPUIPlugin
2024-09-28 15:06:42,535 [INFO] IPUIPlugin:80 - create IPUIPlugin
2024-09-28 15:06:42,535 [INFO] IPUIPlugin:80 - create IPUIPlugin
2024-09-28 15:06:42,535 [INFO] IPUIPlugin:80 - create IPUIPlugin
2024-09-28 15:06:42,535 [INFO] IPUIPlugin:80 - create IPUIPlugin
2024-09-28 15:06:42,535 [INFO] IPUIPlugin:80 - create IPUIPlugin
2024-09-28 15:06:42,535 [INFO] IPUIPlugin:80 - create IPUIPlugin
2024-09-28 15:06:42,535 [INFO] IPUIPlugin:80 - create IPUIPlugin
2024-09-28 15:06:42,535 [INFO] IPUIPlugin:80 - create IPUIPlugin
2024-09-28 15:06:42,536 [INFO] IPUIPlugin:80 - create IPUIPlugin
2024-09-28 15:06:42,536 [INFO] IPUIPlugin:80 - create IPUIPlugin
2024-09-28 15:06:42,536 [INFO] IPUIPlugin:80 - create IPUIPlugin
2024-09-28 15:06:42,536 [INFO] IPUIPlugin:80 - create IPUIPlugin
2024-09-28 15:06:42,536 [INFO] IPUIPlugin:80 - create IPUIPlugin
2024-09-28 15:06:42,537 [INFO] IPUIPlugin:80 - create IPUIPlugin
2024-09-28 15:06:42,537 [INFO] IPUIPlugin:80 - create IPUIPlugin
2024-09-28 15:06:42,537 [INFO] IPUIPlugin:80 - create IPUIPlugin
2024-09-28 15:06:42,537 [INFO] IPUIPlugin:80 - create IPUIPlugin
2024-09-28 15:06:42,537 [INFO] IPUIPlugin:80 - create IPUIPlugin
2024-09-28 15:06:42,537 [INFO] IPUIPlugin:80 - create IPUIPlugin
2024-09-28 15:06:42,538 [INFO] IPUIPlugin:80 - create IPUIPlugin
2024-09-28 15:06:42,538 [INFO] IPUIPlugin:80 - create IPUIPlugin
2024-09-28 15:06:42,538 [INFO] IPUIPlugin:80 - create IPUIPlugin
2024-09-28 15:06:42,538 [INFO] IPUIPlugin:80 - create IPUIPlugin
2024-09-28 15:06:42,538 [INFO] IPUIPlugin:80 - create IPUIPlugin
2024-09-28 15:06:42,539 [INFO] IPUIPlugin:80 - create IPUIPlugin
2024-09-28 15:06:42,539 [INFO] IPUIPlugin:80 - create IPUIPlugin
2024-09-28 15:06:42,539 [INFO] IPUIPlugin:80 - create IPUIPlugin
2024-09-28 15:06:42,539 [INFO] IPUIPlugin:80 - create IPUIPlugin
2024-09-28 15:06:42,540 [INFO] IPUIPlugin:80 - create IPUIPlugin
2024-09-28 15:06:42,540 [INFO] IPUIPlugin:80 - create IPUIPlugin
2024-09-28 15:06:42,540 [INFO] IPUIPlugin:80 - create IPUIPlugin
2024-09-28 15:06:42,540 [INFO] IPUIPlugin:80 - create IPUIPlugin
2024-09-28 15:06:42,541 [INFO] IPUIPlugin:80 - create IPUIPlugin
2024-09-28 15:06:42,541 [INFO] IPUIPlugin:80 - create IPUIPlugin
2024-09-28 15:06:42,541 [INFO] IPUIPlugin:80 - create IPUIPlugin
2024-09-28 15:06:42,541 [INFO] IPUIPlugin:80 - create IPUIPlugin
2024-09-28 15:06:42,542 [INFO] IPUIPlugin:80 - create IPUIPlugin
2024-09-28 15:06:42,542 [INFO] IPUIPlugin:80 - create IPUIPlugin
2024-09-28 15:06:42,543 [INFO] IPUIPlugin:80 - create IPUIPlugin
2024-09-28 15:06:42,543 [INFO] IPUIPlugin:80 - create IPUIPlugin
2024-09-28 15:06:42,544 [INFO] IPUIPlugin:80 - create IPUIPlugin
2024-09-28 15:06:42,544 [INFO] IPUIPlugin:80 - create IPUIPlugin
2024-09-28 15:06:42,547 [INFO] ApiDbMcu:508 - Load IP Config File for PDM2PCM
2024-09-28 15:06:42,558 [INFO] CADModel:165 - CPN selected for project levelSTM32F407VGT6
2024-09-28 15:06:42,558 [INFO] CADModel:114 - Register for checkConnection events
2024-09-28 15:06:42,623 [INFO] OpenFileManager:343 - Restore cursor
2024-09-28 15:07:24,559 [INFO] ApiDbMcu:508 - Load IP Config File for USB_DEVICE
2024-09-28 15:07:24,616 [WARN] IP:2120 - DEVICE_SERIAL0_CDC_FS not found: check if there is a RefParameter without a condition.
2024-09-28 15:07:24,616 [WARN] IP:2120 - DEVICE_SERIAL1_CDC_FS not found: check if there is a RefParameter without a condition.
2024-09-28 15:07:24,616 [WARN] IP:2120 - DEVICE_SERIAL2_CDC_FS not found: check if there is a RefParameter without a condition.
2024-09-28 15:07:24,616 [WARN] IP:2120 - DEVICE_SERIAL0_CDC_FS not found: check if there is a RefParameter without a condition.
2024-09-28 15:07:24,616 [WARN] IP:2120 - DEVICE_SERIAL1_CDC_FS not found: check if there is a RefParameter without a condition.
2024-09-28 15:07:24,616 [WARN] IP:2120 - DEVICE_SERIAL2_CDC_FS not found: check if there is a RefParameter without a condition.
2024-09-28 15:07:24,634 [WARN] IP:2120 - DEVICE_SERIAL0_CDC_FS not found: check if there is a RefParameter without a condition.
2024-09-28 15:07:24,634 [WARN] IP:2120 - DEVICE_SERIAL1_CDC_FS not found: check if there is a RefParameter without a condition.
2024-09-28 15:07:24,634 [WARN] IP:2120 - DEVICE_SERIAL2_CDC_FS not found: check if there is a RefParameter without a condition.
2024-09-28 15:07:24,644 [WARN] IP:2120 - DEVICE_SERIAL0_CDC_FS not found: check if there is a RefParameter without a condition.
2024-09-28 15:07:24,644 [WARN] IP:2120 - DEVICE_SERIAL1_CDC_FS not found: check if there is a RefParameter without a condition.
2024-09-28 15:07:24,644 [WARN] IP:2120 - DEVICE_SERIAL2_CDC_FS not found: check if there is a RefParameter without a condition.
2024-09-28 15:07:38,047 [INFO] UtilMem:75 - End SaveConfig() Used Memory: 786900680 Bytes (1073741824)
2024-09-28 15:07:38,636 [INFO] UtilMem:75 - End SaveConfig() Used Memory: 864506640 Bytes (1073741824)
2024-09-28 15:07:38,842 [INFO] BlockDiagram:2759 - set Specific Code input for plugin: USB_DEVICE
2024-09-28 15:07:38,842 [INFO] BlockDiagram:2759 - set Specific Code input for plugin: SYS
2024-09-28 15:07:38,843 [INFO] BlockDiagram:2759 - set Specific Code input for plugin: RCC
2024-09-28 15:07:38,843 [INFO] BlockDiagram:2759 - set Specific Code input for plugin: USB_OTG_FS
2024-09-28 15:07:38,843 [INFO] BlockDiagram:2759 - set Specific Code input for plugin: NVIC
2024-09-28 15:07:38,843 [INFO] BlockDiagram:2759 - set Specific Code input for plugin: GPIO
2024-09-28 15:07:38,844 [INFO] CodeGenerator:807 - code generatio: config db path: C:\ST\STM32CubeIDE_1.15.0\STM32CubeIDE\plugins\com.st.stm32cube.common.mx_6.11.0.202403141607\\db\
2024-09-28 15:07:38,861 [WARN] IP:2120 - DEVICE_SERIAL0_CDC_FS not found: check if there is a RefParameter without a condition.
2024-09-28 15:07:38,861 [WARN] IP:2120 - DEVICE_SERIAL1_CDC_FS not found: check if there is a RefParameter without a condition.
2024-09-28 15:07:38,861 [WARN] IP:2120 - DEVICE_SERIAL2_CDC_FS not found: check if there is a RefParameter without a condition.
2024-09-28 15:07:38,997 [INFO] CodeEngine:255 - oldGeneratedFile, C:\git\stm32f4xx\stm32application\MXTmpFiles\license.tmp_save
2024-09-28 15:07:39,141 [INFO] CodeEngine:279 - Generated code: C:\git\stm32f4xx\stm32application\MXTmpFiles\license.tmp
2024-09-28 15:07:39,191 [INFO] CodeEngine:255 - oldGeneratedFile, C:\git\stm32f4xx\stm32application\MXTmpFiles\gpio.tmp_save
2024-09-28 15:07:39,341 [INFO] CodeEngine:279 - Generated code: C:\git\stm32f4xx\stm32application\MXTmpFiles\gpio.tmp
2024-09-28 15:07:39,397 [WARN] IPConfigManager:2982 - Warning: the RefConfig PWREx_EnableUSBVoltageDetector is not available in your config.xml file
2024-09-28 15:07:39,408 [INFO] CodeEngine:255 - oldGeneratedFile, C:\git\stm32f4xx\stm32application\MXTmpFiles\usb_otg_fs_vars.tmp_save
2024-09-28 15:07:39,519 [INFO] CodeEngine:279 - Generated code: C:\git\stm32f4xx\stm32application\MXTmpFiles\usb_otg_fs_vars.tmp
2024-09-28 15:07:39,533 [INFO] CodeEngine:255 - oldGeneratedFile, C:\git\stm32f4xx\stm32application\MXTmpFiles\usb_otg_fs_inc.tmp_save
2024-09-28 15:07:39,615 [INFO] CodeEngine:279 - Generated code: C:\git\stm32f4xx\stm32application\MXTmpFiles\usb_otg_fs_inc.tmp
2024-09-28 15:07:39,622 [INFO] CodeEngine:255 - oldGeneratedFile, C:\git\stm32f4xx\stm32application\MXTmpFiles\usb_otg_fs_HalInit.tmp_save
2024-09-28 15:07:39,732 [INFO] CodeEngine:279 - Generated code: C:\git\stm32f4xx\stm32application\MXTmpFiles\usb_otg_fs_HalInit.tmp
2024-09-28 15:07:39,740 [INFO] CodeEngine:255 - oldGeneratedFile, C:\git\stm32f4xx\stm32application\MXTmpFiles\usb_otg_fs_Msp.tmp_save
2024-09-28 15:07:39,847 [INFO] CodeEngine:279 - Generated code: C:\git\stm32f4xx\stm32application\MXTmpFiles\usb_otg_fs_Msp.tmp
2024-09-28 15:07:39,941 [INFO] Middleware:1439 - No code input for Bsp Dependency
2024-09-28 15:07:39,946 [INFO] Middleware:1439 - No code input for Bsp Dependency
2024-09-28 15:07:39,957 [INFO] CodeEngine:255 - oldGeneratedFile, C:\git\stm32f4xx\stm32application\USB_DEVICE\App\usb_device.c_save
2024-09-28 15:07:40,097 [INFO] CodeEngine:279 - Generated code: C:\git\stm32f4xx\stm32application\USB_DEVICE\App\usb_device.c
2024-09-28 15:07:40,103 [INFO] CodeEngine:255 - oldGeneratedFile, C:\git\stm32f4xx\stm32application\USB_DEVICE\App\usb_device.h_save
2024-09-28 15:07:40,193 [INFO] CodeEngine:279 - Generated code: C:\git\stm32f4xx\stm32application\USB_DEVICE\App\usb_device.h
2024-09-28 15:07:40,201 [INFO] CodeEngine:255 - oldGeneratedFile, C:\git\stm32f4xx\stm32application\USB_DEVICE\Target\usbd_conf.h_save
2024-09-28 15:07:40,324 [INFO] CodeEngine:279 - Generated code: C:\git\stm32f4xx\stm32application\USB_DEVICE\Target\usbd_conf.h
2024-09-28 15:07:40,330 [INFO] CodeEngine:255 - oldGeneratedFile, C:\git\stm32f4xx\stm32application\USB_DEVICE\Target\usbd_conf.c_save
2024-09-28 15:07:40,456 [INFO] CodeEngine:279 - Generated code: C:\git\stm32f4xx\stm32application\USB_DEVICE\Target\usbd_conf.c
2024-09-28 15:07:40,472 [INFO] CodeEngine:255 - oldGeneratedFile, C:\git\stm32f4xx\stm32application\USB_DEVICE\App\usbd_desc.h_save
2024-09-28 15:07:40,578 [INFO] CodeEngine:279 - Generated code: C:\git\stm32f4xx\stm32application\USB_DEVICE\App\usbd_desc.h
2024-09-28 15:07:40,585 [INFO] CodeEngine:255 - oldGeneratedFile, C:\git\stm32f4xx\stm32application\USB_DEVICE\App\usbd_desc.c_save
2024-09-28 15:07:40,732 [INFO] CodeEngine:279 - Generated code: C:\git\stm32f4xx\stm32application\USB_DEVICE\App\usbd_desc.c
2024-09-28 15:07:40,749 [INFO] CodeEngine:255 - oldGeneratedFile, C:\git\stm32f4xx\stm32application\USB_DEVICE\App\usbd_cdc_if.h_save
2024-09-28 15:07:40,849 [INFO] CodeEngine:279 - Generated code: C:\git\stm32f4xx\stm32application\USB_DEVICE\App\usbd_cdc_if.h
2024-09-28 15:07:40,859 [INFO] CodeEngine:255 - oldGeneratedFile, C:\git\stm32f4xx\stm32application\USB_DEVICE\App\usbd_cdc_if.c_save
2024-09-28 15:07:41,034 [INFO] CodeEngine:279 - Generated code: C:\git\stm32f4xx\stm32application\USB_DEVICE\App\usbd_cdc_if.c
2024-09-28 15:07:41,080 [INFO] CodeEngine:255 - oldGeneratedFile, C:\git\stm32f4xx\stm32application\Core\Src\stm32f4xx_it.c_save
2024-09-28 15:07:41,358 [INFO] CodeEngine:279 - Generated code: C:\git\stm32f4xx\stm32application\Core\Src\stm32f4xx_it.c
2024-09-28 15:07:41,372 [INFO] CodeEngine:255 - oldGeneratedFile, C:\git\stm32f4xx\stm32application\Core\Inc\stm32f4xx_it.h_save
2024-09-28 15:07:41,489 [INFO] CodeEngine:279 - Generated code: C:\git\stm32f4xx\stm32application\Core\Inc\stm32f4xx_it.h
2024-09-28 15:07:41,536 [INFO] CodeEngine:255 - oldGeneratedFile, C:\git\stm32f4xx\stm32application\Core\Src\stm32f4xx_hal_msp.c_save
2024-09-28 15:07:41,686 [INFO] CodeEngine:279 - Generated code: C:\git\stm32f4xx\stm32application\Core\Src\stm32f4xx_hal_msp.c
2024-09-28 15:07:41,693 [INFO] CodeEngine:255 - oldGeneratedFile, C:\git\stm32f4xx\stm32application\MXTmpFiles\system.tmp_save
2024-09-28 15:07:41,811 [INFO] CodeEngine:279 - Generated code: C:\git\stm32f4xx\stm32application\MXTmpFiles\system.tmp
2024-09-28 15:07:41,853 [INFO] CodeEngine:311 - oldGeneratedFile, C:\git\stm32f4xx\stm32application\Core\Inc\stm32f4xx_hal_conf.h_save
2024-09-28 15:07:42,029 [INFO] CodeEngine:335 - Generated code: C:\git\stm32f4xx\stm32application\Core\Inc\stm32f4xx_hal_conf.h
2024-09-28 15:07:42,160 [INFO] CodeEngine:255 - oldGeneratedFile, C:\git\stm32f4xx\stm32application\Core\Inc\main.h_save
2024-09-28 15:07:42,332 [INFO] CodeEngine:279 - Generated code: C:\git\stm32f4xx\stm32application\Core\Inc\main.h
2024-09-28 15:07:42,356 [INFO] CodeEngine:255 - oldGeneratedFile, C:\git\stm32f4xx\stm32application\Core\Src\main.c_save
2024-09-28 15:07:42,591 [INFO] CodeEngine:279 - Generated code: C:\git\stm32f4xx\stm32application\Core\Src\main.c
2024-09-28 15:07:43,223 [INFO] ProjectBuilder:3163 - Time for Copy HAL[1] : 339mS.
2024-09-28 15:07:43,234 [INFO] ProjectBuilder:4736 - Project Generator version: 4.3.0-B58
2024-09-28 15:07:43,413 [INFO] ConfigFileManager:1503 - The Die is : DIE413
2024-09-28 15:07:43,439 [INFO] ApiDbMcu:508 - Load IP Config File for FATFS
2024-09-28 15:07:43,512 [INFO] ApiDbMcu:508 - Load IP Config File for FREERTOS
2024-09-28 15:07:43,526 [INFO] ApiDbMcu:508 - Load IP Config File for LIBJPEG
2024-09-28 15:07:43,700 [INFO] ApiDbMcu:508 - Load IP Config File for LWIP
2024-09-28 15:07:43,769 [INFO] ApiDbMcu:508 - Load IP Config File for MBEDTLS
2024-09-28 15:07:43,790 [INFO] ApiDbMcu:508 - Load IP Config File for USB_HOST
2024-09-28 15:07:45,619 [INFO] ProjectBuilder:5002 - Time for Generating toolchain IDE Files: 2385mS.
2024-09-28 15:07:45,620 [INFO] ProjectBuilder:3034 - Time for Copy CMSIS : 1mS.
2024-09-28 15:07:45,631 [INFO] ProjectBuilder:3034 - Time for Copy CMSIS : 0mS.
2024-09-28 19:02:24,844 [WARN] IP:2120 - DEVICE_SERIAL0_CDC_FS not found: check if there is a RefParameter without a condition.
2024-09-28 19:02:24,844 [WARN] IP:2120 - DEVICE_SERIAL1_CDC_FS not found: check if there is a RefParameter without a condition.
2024-09-28 19:02:24,844 [WARN] IP:2120 - DEVICE_SERIAL2_CDC_FS not found: check if there is a RefParameter without a condition.
2024-09-28 19:02:24,845 [WARN] IP:2120 - DEVICE_SERIAL0_CDC_FS not found: check if there is a RefParameter without a condition.
2024-09-28 19:02:24,845 [WARN] IP:2120 - DEVICE_SERIAL1_CDC_FS not found: check if there is a RefParameter without a condition.
2024-09-28 19:02:24,845 [WARN] IP:2120 - DEVICE_SERIAL2_CDC_FS not found: check if there is a RefParameter without a condition.
2024-09-28 19:03:55,542 [WARN] IP:2120 - DEVICE_SERIAL0_CDC_FS not found: check if there is a RefParameter without a condition.
2024-09-28 19:03:55,542 [WARN] IP:2120 - DEVICE_SERIAL1_CDC_FS not found: check if there is a RefParameter without a condition.
2024-09-28 19:03:55,542 [WARN] IP:2120 - DEVICE_SERIAL2_CDC_FS not found: check if there is a RefParameter without a condition.
2024-09-28 19:03:55,543 [WARN] IP:2120 - DEVICE_SERIAL0_CDC_FS not found: check if there is a RefParameter without a condition.
2024-09-28 19:03:55,543 [WARN] IP:2120 - DEVICE_SERIAL1_CDC_FS not found: check if there is a RefParameter without a condition.
2024-09-28 19:03:55,543 [WARN] IP:2120 - DEVICE_SERIAL2_CDC_FS not found: check if there is a RefParameter without a condition.
2024-09-28 19:03:55,661 [WARN] IP:2120 - DEVICE_SERIAL0_CDC_FS not found: check if there is a RefParameter without a condition.
2024-09-28 19:03:55,661 [WARN] IP:2120 - DEVICE_SERIAL1_CDC_FS not found: check if there is a RefParameter without a condition.
2024-09-28 19:03:55,661 [WARN] IP:2120 - DEVICE_SERIAL2_CDC_FS not found: check if there is a RefParameter without a condition.
2024-09-28 19:03:55,665 [WARN] IP:2120 - DEVICE_SERIAL0_CDC_FS not found: check if there is a RefParameter without a condition.
2024-09-28 19:03:55,665 [WARN] IP:2120 - DEVICE_SERIAL1_CDC_FS not found: check if there is a RefParameter without a condition.
2024-09-28 19:03:55,665 [WARN] IP:2120 - DEVICE_SERIAL2_CDC_FS not found: check if there is a RefParameter without a condition.
2024-09-28 19:03:57,842 [WARN] IP:2120 - DEVICE_SERIAL0_CDC_FS not found: check if there is a RefParameter without a condition.
2024-09-28 19:03:57,842 [WARN] IP:2120 - DEVICE_SERIAL1_CDC_FS not found: check if there is a RefParameter without a condition.
2024-09-28 19:03:57,842 [WARN] IP:2120 - DEVICE_SERIAL2_CDC_FS not found: check if there is a RefParameter without a condition.
2024-09-28 19:03:57,843 [WARN] IP:2120 - DEVICE_SERIAL0_CDC_FS not found: check if there is a RefParameter without a condition.
2024-09-28 19:03:57,843 [WARN] IP:2120 - DEVICE_SERIAL1_CDC_FS not found: check if there is a RefParameter without a condition.
2024-09-28 19:03:57,843 [WARN] IP:2120 - DEVICE_SERIAL2_CDC_FS not found: check if there is a RefParameter without a condition.
2024-09-28 19:04:25,551 [WARN] IP:2120 - DEVICE_SERIAL0_CDC_FS not found: check if there is a RefParameter without a condition.
2024-09-28 19:04:25,551 [WARN] IP:2120 - DEVICE_SERIAL1_CDC_FS not found: check if there is a RefParameter without a condition.
2024-09-28 19:04:25,551 [WARN] IP:2120 - DEVICE_SERIAL2_CDC_FS not found: check if there is a RefParameter without a condition.
2024-09-28 19:04:25,551 [WARN] IP:2120 - DEVICE_SERIAL0_CDC_FS not found: check if there is a RefParameter without a condition.
2024-09-28 19:04:25,551 [WARN] IP:2120 - DEVICE_SERIAL1_CDC_FS not found: check if there is a RefParameter without a condition.
2024-09-28 19:04:25,551 [WARN] IP:2120 - DEVICE_SERIAL2_CDC_FS not found: check if there is a RefParameter without a condition.
2024-09-28 19:04:57,088 [WARN] IP:2120 - DEVICE_SERIAL0_CDC_FS not found: check if there is a RefParameter without a condition.
2024-09-28 19:04:57,088 [WARN] IP:2120 - DEVICE_SERIAL1_CDC_FS not found: check if there is a RefParameter without a condition.
2024-09-28 19:04:57,088 [WARN] IP:2120 - DEVICE_SERIAL2_CDC_FS not found: check if there is a RefParameter without a condition.
2024-09-28 19:04:57,089 [WARN] IP:2120 - DEVICE_SERIAL0_CDC_FS not found: check if there is a RefParameter without a condition.
2024-09-28 19:04:57,089 [WARN] IP:2120 - DEVICE_SERIAL1_CDC_FS not found: check if there is a RefParameter without a condition.
2024-09-28 19:04:57,089 [WARN] IP:2120 - DEVICE_SERIAL2_CDC_FS not found: check if there is a RefParameter without a condition.
2024-09-28 19:05:14,580 [INFO] UtilMem:75 - End SaveConfig() Used Memory: 750074232 Bytes (1073741824)
2024-09-28 19:05:15,387 [INFO] UtilMem:75 - End SaveConfig() Used Memory: 795685240 Bytes (1073741824)
2024-09-28 19:05:15,783 [INFO] BlockDiagram:2759 - set Specific Code input for plugin: USB_DEVICE
2024-09-28 19:05:15,783 [INFO] BlockDiagram:2759 - set Specific Code input for plugin: SYS
2024-09-28 19:05:15,783 [INFO] BlockDiagram:2759 - set Specific Code input for plugin: RCC
2024-09-28 19:05:15,783 [INFO] BlockDiagram:2759 - set Specific Code input for plugin: USB_OTG_FS
2024-09-28 19:05:15,783 [INFO] BlockDiagram:2759 - set Specific Code input for plugin: NVIC
2024-09-28 19:05:15,783 [INFO] BlockDiagram:2759 - set Specific Code input for plugin: GPIO
2024-09-28 19:05:15,784 [INFO] CodeGenerator:807 - code generatio: config db path: C:\ST\STM32CubeIDE_1.15.0\STM32CubeIDE\plugins\com.st.stm32cube.common.mx_6.11.0.202403141607\\db\
2024-09-28 19:05:15,803 [WARN] IP:2120 - DEVICE_SERIAL0_CDC_FS not found: check if there is a RefParameter without a condition.
2024-09-28 19:05:15,804 [WARN] IP:2120 - DEVICE_SERIAL1_CDC_FS not found: check if there is a RefParameter without a condition.
2024-09-28 19:05:15,804 [WARN] IP:2120 - DEVICE_SERIAL2_CDC_FS not found: check if there is a RefParameter without a condition.
2024-09-28 19:05:15,975 [INFO] CodeEngine:255 - oldGeneratedFile, C:\git\stm32f4xx\stm32application\MXTmpFiles\license.tmp_save
2024-09-28 19:05:16,090 [INFO] CodeEngine:279 - Generated code: C:\git\stm32f4xx\stm32application\MXTmpFiles\license.tmp
2024-09-28 19:05:16,261 [INFO] CodeEngine:255 - oldGeneratedFile, C:\git\stm32f4xx\stm32application\MXTmpFiles\gpio.tmp_save
2024-09-28 19:05:16,524 [INFO] CodeEngine:279 - Generated code: C:\git\stm32f4xx\stm32application\MXTmpFiles\gpio.tmp
2024-09-28 19:05:16,574 [WARN] IPConfigManager:2982 - Warning: the RefConfig PWREx_EnableUSBVoltageDetector is not available in your config.xml file
2024-09-28 19:05:16,604 [INFO] CodeEngine:255 - oldGeneratedFile, C:\git\stm32f4xx\stm32application\MXTmpFiles\usb_otg_fs_vars.tmp_save
2024-09-28 19:05:16,751 [INFO] CodeEngine:279 - Generated code: C:\git\stm32f4xx\stm32application\MXTmpFiles\usb_otg_fs_vars.tmp
2024-09-28 19:05:16,774 [INFO] CodeEngine:255 - oldGeneratedFile, C:\git\stm32f4xx\stm32application\MXTmpFiles\usb_otg_fs_inc.tmp_save
2024-09-28 19:05:16,855 [INFO] CodeEngine:279 - Generated code: C:\git\stm32f4xx\stm32application\MXTmpFiles\usb_otg_fs_inc.tmp
2024-09-28 19:05:16,886 [INFO] CodeEngine:255 - oldGeneratedFile, C:\git\stm32f4xx\stm32application\MXTmpFiles\usb_otg_fs_HalInit.tmp_save
2024-09-28 19:05:17,131 [INFO] CodeEngine:279 - Generated code: C:\git\stm32f4xx\stm32application\MXTmpFiles\usb_otg_fs_HalInit.tmp
2024-09-28 19:05:17,146 [INFO] CodeEngine:255 - oldGeneratedFile, C:\git\stm32f4xx\stm32application\MXTmpFiles\usb_otg_fs_Msp.tmp_save
2024-09-28 19:05:17,285 [INFO] CodeEngine:279 - Generated code: C:\git\stm32f4xx\stm32application\MXTmpFiles\usb_otg_fs_Msp.tmp
2024-09-28 19:05:17,399 [INFO] Middleware:1439 - No code input for Bsp Dependency
2024-09-28 19:05:17,406 [INFO] Middleware:1439 - No code input for Bsp Dependency
2024-09-28 19:05:17,451 [INFO] CodeEngine:255 - oldGeneratedFile, C:\git\stm32f4xx\stm32application\USB_DEVICE\App\usb_device.c_save
2024-09-28 19:05:17,608 [INFO] CodeEngine:279 - Generated code: C:\git\stm32f4xx\stm32application\USB_DEVICE\App\usb_device.c
2024-09-28 19:05:17,642 [INFO] CodeEngine:255 - oldGeneratedFile, C:\git\stm32f4xx\stm32application\USB_DEVICE\App\usb_device.h_save
2024-09-28 19:05:17,761 [INFO] CodeEngine:279 - Generated code: C:\git\stm32f4xx\stm32application\USB_DEVICE\App\usb_device.h
2024-09-28 19:05:17,797 [INFO] CodeEngine:255 - oldGeneratedFile, C:\git\stm32f4xx\stm32application\USB_DEVICE\Target\usbd_conf.h_save
2024-09-28 19:05:18,201 [INFO] CodeEngine:279 - Generated code: C:\git\stm32f4xx\stm32application\USB_DEVICE\Target\usbd_conf.h
2024-09-28 19:05:18,230 [INFO] CodeEngine:255 - oldGeneratedFile, C:\git\stm32f4xx\stm32application\USB_DEVICE\Target\usbd_conf.c_save
2024-09-28 19:05:18,366 [INFO] CodeEngine:279 - Generated code: C:\git\stm32f4xx\stm32application\USB_DEVICE\Target\usbd_conf.c
2024-09-28 19:05:18,395 [INFO] CodeEngine:255 - oldGeneratedFile, C:\git\stm32f4xx\stm32application\USB_DEVICE\App\usbd_desc.h_save
2024-09-28 19:05:18,503 [INFO] CodeEngine:279 - Generated code: C:\git\stm32f4xx\stm32application\USB_DEVICE\App\usbd_desc.h
2024-09-28 19:05:18,541 [INFO] CodeEngine:255 - oldGeneratedFile, C:\git\stm32f4xx\stm32application\USB_DEVICE\App\usbd_desc.c_save
2024-09-28 19:05:18,766 [INFO] CodeEngine:279 - Generated code: C:\git\stm32f4xx\stm32application\USB_DEVICE\App\usbd_desc.c
2024-09-28 19:05:18,914 [INFO] CodeEngine:255 - oldGeneratedFile, C:\git\stm32f4xx\stm32application\USB_DEVICE\App\usbd_cdc_if.h_save
2024-09-28 19:05:19,098 [INFO] CodeEngine:279 - Generated code: C:\git\stm32f4xx\stm32application\USB_DEVICE\App\usbd_cdc_if.h
2024-09-28 19:05:19,125 [INFO] CodeEngine:255 - oldGeneratedFile, C:\git\stm32f4xx\stm32application\USB_DEVICE\App\usbd_cdc_if.c_save
2024-09-28 19:05:19,237 [INFO] CodeEngine:279 - Generated code: C:\git\stm32f4xx\stm32application\USB_DEVICE\App\usbd_cdc_if.c
2024-09-28 19:05:19,297 [INFO] CodeEngine:255 - oldGeneratedFile, C:\git\stm32f4xx\stm32application\Core\Src\stm32f4xx_it.c_save
2024-09-28 19:05:19,640 [INFO] CodeEngine:279 - Generated code: C:\git\stm32f4xx\stm32application\Core\Src\stm32f4xx_it.c
2024-09-28 19:05:19,660 [INFO] CodeEngine:255 - oldGeneratedFile, C:\git\stm32f4xx\stm32application\Core\Inc\stm32f4xx_it.h_save
2024-09-28 19:05:19,913 [INFO] CodeEngine:279 - Generated code: C:\git\stm32f4xx\stm32application\Core\Inc\stm32f4xx_it.h
2024-09-28 19:05:19,965 [INFO] CodeEngine:255 - oldGeneratedFile, C:\git\stm32f4xx\stm32application\Core\Src\stm32f4xx_hal_msp.c_save
2024-09-28 19:05:20,175 [INFO] CodeEngine:279 - Generated code: C:\git\stm32f4xx\stm32application\Core\Src\stm32f4xx_hal_msp.c
2024-09-28 19:05:20,198 [INFO] CodeEngine:255 - oldGeneratedFile, C:\git\stm32f4xx\stm32application\MXTmpFiles\system.tmp_save
2024-09-28 19:05:20,397 [INFO] CodeEngine:279 - Generated code: C:\git\stm32f4xx\stm32application\MXTmpFiles\system.tmp
2024-09-28 19:05:20,449 [INFO] CodeEngine:311 - oldGeneratedFile, C:\git\stm32f4xx\stm32application\Core\Inc\stm32f4xx_hal_conf.h_save
2024-09-28 19:05:20,629 [INFO] CodeEngine:335 - Generated code: C:\git\stm32f4xx\stm32application\Core\Inc\stm32f4xx_hal_conf.h
2024-09-28 19:05:20,730 [INFO] CodeEngine:255 - oldGeneratedFile, C:\git\stm32f4xx\stm32application\Core\Inc\main.h_save
2024-09-28 19:05:21,069 [INFO] CodeEngine:279 - Generated code: C:\git\stm32f4xx\stm32application\Core\Inc\main.h
2024-09-28 19:05:21,106 [INFO] CodeEngine:255 - oldGeneratedFile, C:\git\stm32f4xx\stm32application\Core\Src\main.c_save
2024-09-28 19:05:21,474 [INFO] CodeEngine:279 - Generated code: C:\git\stm32f4xx\stm32application\Core\Src\main.c
2024-09-28 19:05:22,254 [INFO] ProjectBuilder:3163 - Time for Copy HAL[1] : 464mS.
2024-09-28 19:05:22,267 [INFO] ProjectBuilder:4736 - Project Generator version: 4.3.0-B58
2024-09-28 19:05:22,528 [INFO] ConfigFileManager:1503 - The Die is : DIE413
2024-09-28 19:05:24,880 [INFO] ProjectBuilder:5002 - Time for Generating toolchain IDE Files: 2613mS.
2024-09-28 19:05:24,881 [INFO] ProjectBuilder:3034 - Time for Copy CMSIS : 1mS.
2024-09-28 19:05:24,924 [INFO] ProjectBuilder:3034 - Time for Copy CMSIS : 1mS.
2024-09-28 19:30:25,643 [ERROR] LogOutputStream:75 - [STDERR_REDIRECT] 
2024-09-28 19:30:25,644 [ERROR] LogOutputStream:75 - [STDERR_REDIRECT] 
